Log file open, 04/16/19 14:56:29
LogWindows: Failed to load 'aqProf.dll' (GetLastError=126)
LogWindows: File 'aqProf.dll' does not exist
LogWindows: Failed to load 'VtuneApi.dll' (GetLastError=126)
LogWindows: File 'VtuneApi.dll' does not exist
LogWindows: Failed to load 'VtuneApi32e.dll' (GetLastError=126)
LogWindows: File 'VtuneApi32e.dll' does not exist
LogConsoleResponse: Display: Failed to find resolution value strings in scalability ini. Falling back to default.
LogInit: Display: Running engine for game: MobileProject
LogPakFile: Registered encryption key '00000000000000000000000000000000': 0 pak files mounted, 0 remain pending
LogPlatformFile: Not using cached read wrapper
LogTaskGraph: Started task graph with 5 named threads and 35 total threads with 3 sets of task threads.
LogStats: Stats thread started at 0.405404
LogD3D11RHI: Loaded GFSDK_Aftermath_Lib.x64.dll
LogICUInternationalization: ICU TimeZone Detection - Raw Offset: +1:00, Platform Override: ''
LogPluginManager: Mounting plugin Paper2D
LogPluginManager: Mounting plugin AISupport
LogPluginManager: Mounting plugin LightPropagationVolume
LogPluginManager: Mounting plugin ActorLayerUtilities
LogPluginManager: Mounting plugin CLionSourceCodeAccess
LogPluginManager: Mounting plugin CodeLiteSourceCodeAccess
LogPluginManager: Mounting plugin GitSourceControl
LogPluginManager: Mounting plugin KDevelopSourceCodeAccess
LogPluginManager: Mounting plugin NullSourceCodeAccess
LogPluginManager: Mounting plugin PerforceSourceControl
LogPluginManager: Mounting plugin SubversionSourceControl
LogPluginManager: Mounting plugin UObjectPlugin
LogPluginManager: Mounting plugin VisualStudioCodeSourceCodeAccess
LogPluginManager: Mounting plugin VisualStudioSourceCodeAccess
LogPluginManager: Mounting plugin XCodeSourceCodeAccess
LogPluginManager: Mounting plugin AssetManagerEditor
LogPluginManager: Mounting plugin CryptoKeys
LogPluginManager: Mounting plugin DataValidation
LogPluginManager: Mounting plugin FacialAnimation
LogPluginManager: Mounting plugin GameplayTagsEditor
LogPluginManager: Mounting plugin MacGraphicsSwitching
LogPluginManager: Mounting plugin MeshEditor
LogPluginManager: Mounting plugin MobileLauncherProfileWizard
LogPluginManager: Mounting plugin PluginBrowser
LogPluginManager: Mounting plugin SpeedTreeImporter
LogPluginManager: Mounting plugin DatasmithContent
LogPluginManager: Mounting plugin VariantManagerContent
LogPluginManager: Mounting plugin AlembicImporter
LogPluginManager: Mounting plugin AppleImageUtils
LogPluginManager: Mounting plugin AppleVision
LogPluginManager: Mounting plugin BackChannel
LogPluginManager: Mounting plugin CharacterAI
LogPluginManager: Mounting plugin GeometryCache
LogPluginManager: Mounting plugin HTML5Networking
LogPluginManager: Mounting plugin ProxyLODPlugin
LogPluginManager: Mounting plugin MagicLeap
LogPluginManager: Mounting plugin MagicLeapMedia
LogPluginManager: Mounting plugin AndroidMedia
LogPluginManager: Mounting plugin AvfMedia
LogPluginManager: Mounting plugin ImgMedia
LogPluginManager: Mounting plugin LinearTimecode
LogPluginManager: Mounting plugin MediaCompositing
LogPluginManager: Mounting plugin MediaPlayerEditor
LogPluginManager: Mounting plugin WebMMedia
LogPluginManager: Mounting plugin WmfMedia
LogPluginManager: Mounting plugin TcpMessaging
LogPluginManager: Mounting plugin UdpMessaging
LogPluginManager: Mounting plugin ActorSequence
LogPluginManager: Mounting plugin LevelSequenceEditor
LogPluginManager: Mounting plugin MatineeToLevelSequence
LogPluginManager: Mounting plugin NetcodeUnitTest
LogPluginManager: Mounting plugin NUTUnrealEngine4
LogPluginManager: Mounting plugin OnlineSubsystemGooglePlay
LogPluginManager: Mounting plugin OnlineSubsystemIOS
LogPluginManager: Mounting plugin OnlineSubsystem
LogPluginManager: Mounting plugin OnlineSubsystemNull
LogPluginManager: Mounting plugin OnlineSubsystemUtils
LogPluginManager: Mounting plugin LauncherChunkInstaller
LogPluginManager: Mounting plugin AndroidDeviceProfileSelector
LogPluginManager: Mounting plugin AndroidMoviePlayer
LogPluginManager: Mounting plugin AndroidPermission
LogPluginManager: Mounting plugin AppleMoviePlayer
LogPluginManager: Mounting plugin ArchVisCharacter
LogPluginManager: Mounting plugin AudioCapture
LogPluginManager: Mounting plugin CableComponent
LogPluginManager: Mounting plugin CustomMeshComponent
LogPluginManager: Mounting plugin EditableMesh
LogPluginManager: Mounting plugin ExampleDeviceProfileSelector
LogPluginManager: Mounting plugin Firebase
LogPluginManager: Mounting plugin GoogleCloudMessaging
LogPluginManager: Mounting plugin IOSDeviceProfileSelector
LogPluginManager: Mounting plugin LinuxDeviceProfileSelector
LogPluginManager: Mounting plugin LocationServicesBPLibrary
LogPluginManager: Mounting plugin MobilePatchingUtils
LogPluginManager: Mounting plugin OculusVR
LogPluginManager: Mounting plugin PhysXVehicles
LogPluginManager: Mounting plugin ProceduralMeshComponent
LogPluginManager: Mounting plugin RuntimePhysXCooking
LogPluginManager: Mounting plugin SteamVR
LogPluginManager: Mounting plugin WebMMoviePlayer
LogPluginManager: Mounting plugin WindowsMoviePlayer
LogStreaming: Display: Took  0.064s to configure plugins.
LogInit: Using libcurl 7.55.1-DEV
LogInit:  - built for x86_64-pc-win32
LogInit:  - supports SSL with OpenSSL/1.0.2h
LogInit:  - supports HTTP deflate (compression) using libz 1.2.8
LogInit:  - other features:
LogInit:      CURL_VERSION_SSL
LogInit:      CURL_VERSION_LIBZ
LogInit:      CURL_VERSION_IPV6
LogInit:      CURL_VERSION_ASYNCHDNS
LogInit:      CURL_VERSION_LARGEFILE
LogInit:      CURL_VERSION_IDN
LogInit:  CurlRequestOptions (configurable via config and command line):
LogInit:  - bVerifyPeer = true  - Libcurl will verify peer certificate
LogInit:  - bUseHttpProxy = false  - Libcurl will NOT use HTTP proxy
LogInit:  - bDontReuseConnections = false  - Libcurl will reuse connections
LogInit:  - MaxHostConnections = 16  - Libcurl will limit the number of connections to a host
LogInit:  - LocalHostAddr = Default
LogInit:  - BufferSize = 65536
LogInit: WinSock: version 1.1 (2.2), MaxSocks=32767, MaxUdp=65467
LogInit: Build: ++UE4+Release-4.21-CL-4753647
LogInit: Engine Version: 4.21.2-4753647+++UE4+Release-4.21
LogInit: Compatible Engine Version: 4.21.0-4541578+++UE4+Release-4.21
LogInit: Net CL: 4541578
LogInit: OS: Windows 10 (), CPU: Intel(R) Core(TM) i7-8750H CPU @ 2.20GHz, GPU: Intel(R) UHD Graphics 630
LogInit: Compiled (64-bit): Jan 19 2019 02:07:31
LogInit: Compiled with Visual C++: 19.13.26129.00
LogInit: Build Configuration: Development
LogInit: Branch Name: ++UE4+Release-4.21
LogInit: Command Line: 
LogInit: Base Directory: E:/Program Files (x86)/UE4/UE_4.21/Engine/Binaries/Win64/
LogInit: Installed Engine Build: 1
LogDevObjectVersion: Number of dev versions registered: 22
LogDevObjectVersion:   Dev-Blueprints (B0D832E4-1F89-4F0D-ACCF-7EB736FD4AA2): 10
LogDevObjectVersion:   Dev-Build (E1C64328-A22C-4D53-A36C-8E866417BD8C): 0
LogDevObjectVersion:   Dev-Core (375EC13C-06E4-48FB-B500-84F0262A717E): 2
LogDevObjectVersion:   Dev-Editor (E4B068ED-F494-42E9-A231-DA0B2E46BB41): 26
LogDevObjectVersion:   Dev-Framework (CFFC743F-43B0-4480-9391-14DF171D2073): 34
LogDevObjectVersion:   Dev-Mobile (B02B49B5-BB20-44E9-A304-32B752E40360): 2
LogDevObjectVersion:   Dev-Networking (A4E4105C-59A1-49B5-A7C5-40C4547EDFEE): 0
LogDevObjectVersion:   Dev-Online (39C831C9-5AE6-47DC-9A44-9C173E1C8E7C): 0
LogDevObjectVersion:   Dev-Physics (78F01B33-EBEA-4F98-B9B4-84EACCB95AA2): 0
LogDevObjectVersion:   Dev-Platform (6631380F-2D4D-43E0-8009-CF276956A95A): 0
LogDevObjectVersion:   Dev-Rendering (12F88B9F-8875-4AFC-A67C-D90C383ABD29): 27
LogDevObjectVersion:   Dev-Sequencer (7B5AE74C-D270-4C10-A958-57980B212A5A): 9
LogDevObjectVersion:   Dev-VR (D7296918-1DD6-4BDD-9DE2-64A83CC13884): 2
LogDevObjectVersion:   Dev-LoadTimes (C2A15278-BFE7-4AFE-6C17-90FF531DF755): 1
LogDevObjectVersion:   Private-Geometry (6EACA3D4-40EC-4CC1-B786-8BED09428FC5): 3
LogDevObjectVersion:   Dev-AnimPhys (29E575DD-E0A3-4627-9D10-D276232CDCEA): 17
LogDevObjectVersion:   Dev-Anim (AF43A65D-7FD3-4947-9873-3E8ED9C1BB05): 2
LogDevObjectVersion:   Dev-ReflectionCapture (6B266CEC-1EC7-4B8F-A30B-E4D90942FC07): 1
LogDevObjectVersion:   Dev-Automation (0DF73D61-A23F-47EA-B727-89E90C41499A): 1
LogDevObjectVersion:   FortniteMain (601D1886-AC64-4F84-AA16-D3DE0DEAC7D6): 17
LogDevObjectVersion:   Dev-Enterprise (9DFFBCD6-494F-0158-E221-12823C92A888): 4
LogDevObjectVersion:   Dev-Niagara (F2AED0AC-9AFE-416F-8664-AA7FFA26D6FC): 1
LogStreaming: Display: Took  0.001s to delete old logs.
LogInit: Presizing for max 8388607 objects, including 0 objects not considered by GC, pre-allocating 0 bytes for permanent pool.
LogInit: Object subsystem initialized
LogConfig: Setting CVar [[con.DebugEarlyDefault:1]]
LogConfig: Setting CVar [[r.setres:1280x720]]
[2019.04.16-12.56.29:965][  0]LogConfig: Setting CVar [[r.VSync:0]]
[2019.04.16-12.56.29:965][  0]LogConfig: Setting CVar [[r.RHICmdBypass:0]]
[2019.04.16-12.56.29:965][  0]LogConfig: Applying CVar settings from Section [/Script/Engine.RendererSettings] File [E:/Games/Repository/IntermissionProject/MobileProject/Saved/Config/Windows/Engine.ini]
[2019.04.16-12.56.29:965][  0]LogConfig: Setting CVar [[r.GPUCrashDebugging:0]]
[2019.04.16-12.56.29:965][  0]LogConfig: Setting CVar [[r.MobileHDR:0]]
[2019.04.16-12.56.29:965][  0]LogConfig: Setting CVar [[r.Mobile.DisableVertexFog:1]]
[2019.04.16-12.56.29:965][  0]LogConfig: Setting CVar [[r.Shadow.CSM.MaxMobileCascades:2]]
[2019.04.16-12.56.29:965][  0]LogConfig: Setting CVar [[r.MobileMSAA:1]]
[2019.04.16-12.56.29:965][  0]LogConfig: Setting CVar [[r.Mobile.UseLegacyShadingModel:0]]
[2019.04.16-12.56.29:965][  0]LogConfig: Setting CVar [[r.Mobile.AllowDitheredLODTransition:0]]
[2019.04.16-12.56.29:965][  0]LogConfig: Setting CVar [[r.Mobile.AllowSoftwareOcclusion:0]]
[2019.04.16-12.56.29:965][  0]LogConfig: Setting CVar [[r.DiscardUnusedQuality:0]]
[2019.04.16-12.56.29:965][  0]LogConfig: Setting CVar [[r.AllowOcclusionQueries:1]]
[2019.04.16-12.56.29:965][  0]LogConfig: Setting CVar [[r.MinScreenRadiusForLights:0.030000]]
[2019.04.16-12.56.29:965][  0]LogConfig: Setting CVar [[r.MinScreenRadiusForDepthPrepass:0.030000]]
[2019.04.16-12.56.29:965][  0]LogConfig: Setting CVar [[r.MinScreenRadiusForCSMDepth:0.010000]]
[2019.04.16-12.56.29:965][  0]LogConfig: Setting CVar [[r.PrecomputedVisibilityWarning:0]]
[2019.04.16-12.56.29:965][  0]LogConfig: Setting CVar [[r.TextureStreaming:1]]
[2019.04.16-12.56.29:965][  0]LogConfig: Setting CVar [[Compat.UseDXT5NormalMaps:0]]
[2019.04.16-12.56.29:965][  0]LogConfig: Setting CVar [[r.ClearCoatNormal:0]]
[2019.04.16-12.56.29:965][  0]LogConfig: Setting CVar [[r.ReflectionCaptureResolution:128]]
[2019.04.16-12.56.29:965][  0]LogConfig: Setting CVar [[r.ReflectionEnvironmentLightmapMixBasedOnRoughness:1]]
[2019.04.16-12.56.29:965][  0]LogConfig: Setting CVar [[r.ForwardShading:0]]
[2019.04.16-12.56.29:965][  0]LogConfig: Setting CVar [[r.VertexFoggingForOpaque:1]]
[2019.04.16-12.56.29:965][  0]LogConfig: Setting CVar [[r.AllowStaticLighting:1]]
[2019.04.16-12.56.29:965][  0]LogConfig: Setting CVar [[r.NormalMapsForStaticLighting:0]]
[2019.04.16-12.56.29:965][  0]LogConfig: Setting CVar [[r.GenerateMeshDistanceFields:0]]
[2019.04.16-12.56.29:965][  0]LogConfig: Setting CVar [[r.DistanceFieldBuild.EightBit:0]]
[2019.04.16-12.56.29:965][  0]LogConfig: Setting CVar [[r.GenerateLandscapeGIData:0]]
[2019.04.16-12.56.29:965][  0]LogConfig: Setting CVar [[r.DistanceFieldBuild.Compress:0]]
[2019.04.16-12.56.29:965][  0]LogConfig: Setting CVar [[r.TessellationAdaptivePixelsPerTriangle:48.000000]]
[2019.04.16-12.56.29:965][  0]LogConfig: Setting CVar [[r.SeparateTranslucency:0]]
[2019.04.16-12.56.29:965][  0]LogConfig: Setting CVar [[r.TranslucentSortPolicy:0]]
[2019.04.16-12.56.29:965][  0]LogConfig: Setting CVar [[r.CustomDepth:1]]
[2019.04.16-12.56.29:965][  0]LogConfig: Setting CVar [[r.CustomDepthTemporalAAJitter:1]]
[2019.04.16-12.56.29:965][  0]LogConfig: Setting CVar [[r.PostProcessing.PropagateAlpha:0]]
[2019.04.16-12.56.29:965][  0]LogConfig: Setting CVar [[r.DOF.Algorithm:1]]
[2019.04.16-12.56.29:966][  0]LogConfig: Setting CVar [[r.DefaultFeature.Bloom:0]]
[2019.04.16-12.56.29:966][  0]LogConfig: Setting CVar [[r.DefaultFeature.AmbientOcclusion:0]]
[2019.04.16-12.56.29:966][  0]LogConfig: Setting CVar [[r.DefaultFeature.AmbientOcclusionStaticFraction:1]]
[2019.04.16-12.56.29:966][  0]LogConfig: Setting CVar [[r.DefaultFeature.AutoExposure:0]]
[2019.04.16-12.56.29:966][  0]LogConfig: Setting CVar [[r.DefaultFeature.AutoExposure.Method:0]]
[2019.04.16-12.56.29:966][  0]LogConfig: Setting CVar [[r.DefaultFeature.AutoExposure.ExtendDefaultLuminanceRange:0]]
[2019.04.16-12.56.29:966][  0]LogConfig: Setting CVar [[r.UsePreExposure:0]]
[2019.04.16-12.56.29:966][  0]LogConfig: Setting CVar [[r.DefaultFeature.MotionBlur:0]]
[2019.04.16-12.56.29:966][  0]LogConfig: Setting CVar [[r.DefaultFeature.LensFlare:0]]
[2019.04.16-12.56.29:966][  0]LogConfig: Setting CVar [[r.TemporalAA.Upsampling:0]]
[2019.04.16-12.56.29:966][  0]LogConfig: Setting CVar [[r.DefaultFeature.AntiAliasing:0]]
[2019.04.16-12.56.29:966][  0]LogConfig: Setting CVar [[r.DefaultFeature.LightUnits:1]]
[2019.04.16-12.56.29:966][  0]LogConfig: Setting CVar [[r.DefaultBackBufferPixelFormat:4]]
[2019.04.16-12.56.29:966][  0]LogConfig: Setting CVar [[r.Shadow.UnbuiltPreviewInGame:1]]
[2019.04.16-12.56.29:966][  0]LogConfig: Setting CVar [[r.StencilForLODDither:0]]
[2019.04.16-12.56.29:966][  0]LogConfig: Setting CVar [[r.EarlyZPass:3]]
[2019.04.16-12.56.29:966][  0]LogConfig: Setting CVar [[r.EarlyZPassMovable:1]]
[2019.04.16-12.56.29:966][  0]LogConfig: Setting CVar [[r.EarlyZPassOnlyMaterialMasking:0]]
[2019.04.16-12.56.29:966][  0]LogConfig: Setting CVar [[r.DBuffer:1]]
[2019.04.16-12.56.29:966][  0]LogConfig: Setting CVar [[r.ClearSceneMethod:1]]
[2019.04.16-12.56.29:966][  0]LogConfig: Setting CVar [[r.BasePassOutputsVelocity:0]]
[2019.04.16-12.56.29:966][  0]LogConfig: Setting CVar [[r.SelectiveBasePassOutputs:0]]
[2019.04.16-12.56.29:966][  0]LogConfig: Setting CVar [[fx.GPUSimulationTextureSizeX:1024]]
[2019.04.16-12.56.29:966][  0]LogConfig: Setting CVar [[fx.GPUSimulationTextureSizeY:1024]]
[2019.04.16-12.56.29:966][  0]LogConfig: Setting CVar [[r.AllowGlobalClipPlane:0]]
[2019.04.16-12.56.29:966][  0]LogConfig: Setting CVar [[r.GBufferFormat:1]]
[2019.04.16-12.56.29:966][  0]LogConfig: Setting CVar [[r.MorphTarget.Mode:1]]
[2019.04.16-12.56.29:966][  0]LogConfig: Setting CVar [[vr.InstancedStereo:0]]
[2019.04.16-12.56.29:966][  0]LogConfig: Setting CVar [[vr.MultiView:0]]
[2019.04.16-12.56.29:966][  0]LogConfig: Setting CVar [[vr.MobileMultiView:0]]
[2019.04.16-12.56.29:966][  0]LogConfig: Setting CVar [[vr.MobileMultiView.Direct:0]]
[2019.04.16-12.56.29:966][  0]LogConfig: Setting CVar [[vr.MonoscopicFarField:0]]
[2019.04.16-12.56.29:966][  0]LogConfig: Setting CVar [[vr.RoundRobinOcclusion:0]]
[2019.04.16-12.56.29:966][  0]LogConfig: Setting CVar [[vr.ODSCapture:0]]
[2019.04.16-12.56.29:966][  0]LogConfig: Setting CVar [[r.WireframeCullThreshold:5.000000]]
[2019.04.16-12.56.29:966][  0]LogConfig: Setting CVar [[r.SupportStationarySkylight:1]]
[2019.04.16-12.56.29:966][  0]LogConfig: Setting CVar [[r.SupportLowQualityLightmaps:1]]
[2019.04.16-12.56.29:966][  0]LogConfig: Setting CVar [[r.SupportPointLightWholeSceneShadows:1]]
[2019.04.16-12.56.29:966][  0]LogConfig: Setting CVar [[r.SupportAtmosphericFog:1]]
[2019.04.16-12.56.29:966][  0]LogConfig: Setting CVar [[r.SkinCache.CompileShaders:0]]
[2019.04.16-12.56.29:966][  0]LogConfig: Setting CVar [[r.Mobile.EnableStaticAndCSMShadowReceivers:1]]
[2019.04.16-12.56.29:966][  0]LogConfig: Setting CVar [[r.Mobile.EnableMovableLightCSMShaderCulling:1]]
[2019.04.16-12.56.29:966][  0]LogConfig: Setting CVar [[r.Mobile.AllowDistanceFieldShadows:1]]
[2019.04.16-12.56.29:966][  0]LogConfig: Setting CVar [[r.Mobile.AllowMovableDirectionalLights:1]]
[2019.04.16-12.56.29:966][  0]LogConfig: Setting CVar [[r.MobileNumDynamicPointLights:4]]
[2019.04.16-12.56.29:966][  0]LogConfig: Setting CVar [[r.MobileDynamicPointLightsUseStaticBranch:1]]
[2019.04.16-12.56.29:966][  0]LogConfig: Setting CVar [[r.SkinCache.SceneMemoryLimitInMB:128.000000]]
[2019.04.16-12.56.29:966][  0]LogConfig: Setting CVar [[r.GPUSkin.Limit2BoneInfluences:0]]
[2019.04.16-12.56.29:966][  0]LogConfig: Setting CVar [[r.SupportDepthOnlyIndexBuffers:1]]
[2019.04.16-12.56.29:966][  0]LogConfig: Setting CVar [[r.SupportReversedIndexBuffers:1]]
[2019.04.16-12.56.29:966][  0]LogConfig: Setting CVar [[r.SupportMaterialLayers:0]]
[2019.04.16-12.56.29:966][  0]LogConfig: Applying CVar settings from Section [/Script/Engine.RendererOverrideSettings] File [E:/Games/Repository/IntermissionProject/MobileProject/Saved/Config/Windows/Engine.ini]
[2019.04.16-12.56.29:966][  0]LogConfig: Applying CVar settings from Section [/Script/Engine.StreamingSettings] File [E:/Games/Repository/IntermissionProject/MobileProject/Saved/Config/Windows/Engine.ini]
[2019.04.16-12.56.29:966][  0]LogConfig: Setting CVar [[s.MinBulkDataSizeForAsyncLoading:131072]]
[2019.04.16-12.56.29:966][  0]LogConfig: Setting CVar [[s.AsyncLoadingThreadEnabled:0]]
[2019.04.16-12.56.29:966][  0]LogConfig: Setting CVar [[s.EventDrivenLoaderEnabled:1]]
[2019.04.16-12.56.29:966][  0]LogConfig: Setting CVar [[s.WarnIfTimeLimitExceeded:0]]
[2019.04.16-12.56.29:966][  0]LogConfig: Setting CVar [[s.TimeLimitExceededMultiplier:1.5]]
[2019.04.16-12.56.29:966][  0]LogConfig: Setting CVar [[s.TimeLimitExceededMinTime:0.005]]
[2019.04.16-12.56.29:966][  0]LogConfig: Setting CVar [[s.UseBackgroundLevelStreaming:1]]
[2019.04.16-12.56.29:966][  0]LogConfig: Setting CVar [[s.PriorityAsyncLoadingExtraTime:15.0]]
[2019.04.16-12.56.29:966][  0]LogConfig: Setting CVar [[s.LevelStreamingActorsUpdateTimeLimit:5.0]]
[2019.04.16-12.56.29:966][  0]LogConfig: Setting CVar [[s.PriorityLevelStreamingActorsUpdateExtraTime:5.0]]
[2019.04.16-12.56.29:966][  0]LogConfig: Setting CVar [[s.LevelStreamingComponentsRegistrationGranularity:10]]
[2019.04.16-12.56.29:966][  0]LogConfig: Setting CVar [[s.UnregisterComponentsTimeLimit:1.0]]
[2019.04.16-12.56.29:966][  0]LogConfig: Setting CVar [[s.LevelStreamingComponentsUnregistrationGranularity:5]]
[2019.04.16-12.56.29:966][  0]LogConfig: Applying CVar settings from Section [/Script/Engine.GarbageCollectionSettings] File [E:/Games/Repository/IntermissionProject/MobileProject/Saved/Config/Windows/Engine.ini]
[2019.04.16-12.56.29:966][  0]LogConfig: Setting CVar [[gc.MaxObjectsNotConsideredByGC:1]]
[2019.04.16-12.56.29:966][  0]LogConfig: Setting CVar [[gc.SizeOfPermanentObjectPool:0]]
[2019.04.16-12.56.29:966][  0]LogConfig: Setting CVar [[gc.FlushStreamingOnGC:0]]
[2019.04.16-12.56.29:966][  0]LogConfig: Setting CVar [[gc.NumRetriesBeforeForcingGC:10]]
[2019.04.16-12.56.29:966][  0]LogConfig: Setting CVar [[gc.AllowParallelGC:1]]
[2019.04.16-12.56.29:966][  0]LogConfig: Setting CVar [[gc.TimeBetweenPurgingPendingKillObjects:61.1]]
[2019.04.16-12.56.29:966][  0]LogConfig: Setting CVar [[gc.MaxObjectsInEditor:8388607]]
[2019.04.16-12.56.29:966][  0]LogConfig: Setting CVar [[gc.IncrementalBeginDestroyEnabled:1]]
[2019.04.16-12.56.29:966][  0]LogConfig: Setting CVar [[gc.CreateGCClusters:1]]
[2019.04.16-12.56.29:966][  0]LogConfig: Setting CVar [[gc.MergeGCClusters:0]]
[2019.04.16-12.56.29:966][  0]LogConfig: Setting CVar [[gc.MinGCClusterSize:5]]
[2019.04.16-12.56.29:966][  0]LogConfig: Setting CVar [[gc.ActorClusteringEnabled:0]]
[2019.04.16-12.56.29:966][  0]LogConfig: Setting CVar [[gc.BlueprintClusteringEnabled:0]]
[2019.04.16-12.56.29:966][  0]LogConfig: Setting CVar [[gc.UseDisregardForGCOnDedicatedServers:0]]
[2019.04.16-12.56.29:966][  0]LogConfig: Applying CVar settings from Section [/Script/Engine.NetworkSettings] File [E:/Games/Repository/IntermissionProject/MobileProject/Saved/Config/Windows/Engine.ini]
[2019.04.16-12.56.29:966][  0]LogConfig: Applying CVar settings from Section [/Script/UnrealEd.CookerSettings] File [E:/Games/Repository/IntermissionProject/MobileProject/Saved/Config/Windows/Engine.ini]
[2019.04.16-12.56.29:970][  0]LogConfig: Applying CVar settings from Section [ViewDistanceQuality@3] File [E:/Games/Repository/IntermissionProject/MobileProject/Saved/Config/Windows/Scalability.ini]
[2019.04.16-12.56.29:970][  0]LogConfig: Setting CVar [[r.SkeletalMeshLODBias:0]]
[2019.04.16-12.56.29:970][  0]LogConfig: Setting CVar [[r.ViewDistanceScale:1.0]]
[2019.04.16-12.56.29:970][  0]LogConfig: Applying CVar settings from Section [AntiAliasingQuality@3] File [E:/Games/Repository/IntermissionProject/MobileProject/Saved/Config/Windows/Scalability.ini]
[2019.04.16-12.56.29:970][  0]LogConfig: Setting CVar [[r.PostProcessAAQuality:4]]
[2019.04.16-12.56.29:970][  0]LogConfig: Applying CVar settings from Section [ShadowQuality@3] File [E:/Games/Repository/IntermissionProject/MobileProject/Saved/Config/Windows/Scalability.ini]
[2019.04.16-12.56.29:970][  0]LogConfig: Setting CVar [[r.LightFunctionQuality:1]]
[2019.04.16-12.56.29:970][  0]LogConfig: Setting CVar [[r.ShadowQuality:5]]
[2019.04.16-12.56.29:970][  0]LogConfig: Setting CVar [[r.Shadow.CSM.MaxCascades:10]]
[2019.04.16-12.56.29:970][  0]LogConfig: Setting CVar [[r.Shadow.MaxResolution:2048]]
[2019.04.16-12.56.29:970][  0]LogConfig: Setting CVar [[r.Shadow.MaxCSMResolution:2048]]
[2019.04.16-12.56.29:970][  0]LogConfig: Setting CVar [[r.Shadow.RadiusThreshold:0.01]]
[2019.04.16-12.56.29:970][  0]LogConfig: Setting CVar [[r.Shadow.DistanceScale:1.0]]
[2019.04.16-12.56.29:970][  0]LogConfig: Setting CVar [[r.Shadow.CSM.TransitionScale:1.0]]
[2019.04.16-12.56.29:970][  0]LogConfig: Setting CVar [[r.Shadow.PreShadowResolutionFactor:1.0]]
[2019.04.16-12.56.29:970][  0]LogConfig: Setting CVar [[r.DistanceFieldShadowing:1]]
[2019.04.16-12.56.29:970][  0]LogConfig: Setting CVar [[r.DistanceFieldAO:1]]
[2019.04.16-12.56.29:970][  0]LogConfig: Setting CVar [[r.AOQuality:2]]
[2019.04.16-12.56.29:970][  0]LogConfig: Setting CVar [[r.VolumetricFog:1]]
[2019.04.16-12.56.29:970][  0]LogConfig: Setting CVar [[r.VolumetricFog.GridPixelSize:8]]
[2019.04.16-12.56.29:970][  0]LogConfig: Setting CVar [[r.VolumetricFog.GridSizeZ:128]]
[2019.04.16-12.56.29:970][  0]LogConfig: Setting CVar [[r.VolumetricFog.HistoryMissSupersampleCount:4]]
[2019.04.16-12.56.29:970][  0]LogConfig: Setting CVar [[r.LightMaxDrawDistanceScale:1]]
[2019.04.16-12.56.29:970][  0]LogConfig: Setting CVar [[r.CapsuleShadows:1]]
[2019.04.16-12.56.29:970][  0]LogConfig: Applying CVar settings from Section [PostProcessQuality@3] File [E:/Games/Repository/IntermissionProject/MobileProject/Saved/Config/Windows/Scalability.ini]
[2019.04.16-12.56.29:970][  0]LogConfig: Setting CVar [[r.MotionBlurQuality:4]]
[2019.04.16-12.56.29:970][  0]LogConfig: Setting CVar [[r.AmbientOcclusionMipLevelFactor:0.4]]
[2019.04.16-12.56.29:970][  0]LogConfig: Setting CVar [[r.AmbientOcclusionMaxQuality:100]]
[2019.04.16-12.56.29:970][  0]LogConfig: Setting CVar [[r.AmbientOcclusionLevels:-1]]
[2019.04.16-12.56.29:970][  0]LogConfig: Setting CVar [[r.AmbientOcclusionRadiusScale:1.0]]
[2019.04.16-12.56.29:970][  0]LogConfig: Setting CVar [[r.DepthOfFieldQuality:2]]
[2019.04.16-12.56.29:970][  0]LogConfig: Setting CVar [[r.RenderTargetPoolMin:400]]
[2019.04.16-12.56.29:970][  0]LogConfig: Setting CVar [[r.LensFlareQuality:2]]
[2019.04.16-12.56.29:970][  0]LogConfig: Setting CVar [[r.SceneColorFringeQuality:1]]
[2019.04.16-12.56.29:970][  0]LogConfig: Setting CVar [[r.EyeAdaptationQuality:2]]
[2019.04.16-12.56.29:970][  0]LogConfig: Setting CVar [[r.BloomQuality:5]]
[2019.04.16-12.56.29:970][  0]LogConfig: Setting CVar [[r.FastBlurThreshold:100]]
[2019.04.16-12.56.29:970][  0]LogConfig: Setting CVar [[r.Upscale.Quality:3]]
[2019.04.16-12.56.29:970][  0]LogConfig: Setting CVar [[r.Tonemapper.GrainQuantization:1]]
[2019.04.16-12.56.29:970][  0]LogConfig: Setting CVar [[r.LightShaftQuality:1]]
[2019.04.16-12.56.29:970][  0]LogConfig: Setting CVar [[r.Filter.SizeScale:1]]
[2019.04.16-12.56.29:970][  0]LogConfig: Setting CVar [[r.Tonemapper.Quality:5]]
[2019.04.16-12.56.29:970][  0]LogConfig: Setting CVar [[r.DOF.Gather.AccumulatorQuality:1        ; higher gathering accumulator quality]]
[2019.04.16-12.56.29:970][  0]LogConfig: Setting CVar [[r.DOF.Gather.PostfilterMethod:1          ; Median3x3 postfilering method]]
[2019.04.16-12.56.29:970][  0]LogConfig: Setting CVar [[r.DOF.Gather.EnableBokehSettings:0       ; no bokeh simulation when gathering]]
[2019.04.16-12.56.29:970][  0]LogConfig: Setting CVar [[r.DOF.Gather.RingCount:4                 ; medium number of samples when gathering]]
[2019.04.16-12.56.29:970][  0]LogConfig: Setting CVar [[r.DOF.Scatter.ForegroundCompositing:1    ; additive foreground scattering]]
[2019.04.16-12.56.29:970][  0]LogConfig: Setting CVar [[r.DOF.Scatter.BackgroundCompositing:2    ; additive background scattering]]
[2019.04.16-12.56.29:970][  0]LogConfig: Setting CVar [[r.DOF.Scatter.EnableBokehSettings:1      ; bokeh simulation when scattering]]
[2019.04.16-12.56.29:970][  0]LogConfig: Setting CVar [[r.DOF.Scatter.MaxSpriteRatio:0.1         ; only a maximum of 10% of scattered bokeh]]
[2019.04.16-12.56.29:970][  0]LogConfig: Setting CVar [[r.DOF.Recombine.Quality:1                ; cheap slight out of focus]]
[2019.04.16-12.56.29:970][  0]LogConfig: Setting CVar [[r.DOF.Recombine.EnableBokehSettings:0    ; no bokeh simulation on slight out of focus]]
[2019.04.16-12.56.29:971][  0]LogConfig: Setting CVar [[r.DOF.TemporalAAQuality:1                ; more stable temporal accumulation]]
[2019.04.16-12.56.29:971][  0]LogConfig: Setting CVar [[r.DOF.Kernel.MaxForegroundRadius:0.025]]
[2019.04.16-12.56.29:971][  0]LogConfig: Setting CVar [[r.DOF.Kernel.MaxBackgroundRadius:0.025]]
[2019.04.16-12.56.29:971][  0]LogConfig: Applying CVar settings from Section [TextureQuality@3] File [E:/Games/Repository/IntermissionProject/MobileProject/Saved/Config/Windows/Scalability.ini]
[2019.04.16-12.56.29:971][  0]LogConfig: Setting CVar [[r.Streaming.MipBias:0]]
[2019.04.16-12.56.29:971][  0]LogConfig: Setting CVar [[r.Streaming.AmortizeCPUToGPUCopy:0]]
[2019.04.16-12.56.29:971][  0]LogConfig: Setting CVar [[r.Streaming.MaxNumTexturesToStreamPerFrame:0]]
[2019.04.16-12.56.29:971][  0]LogConfig: Setting CVar [[r.Streaming.Boost:1]]
[2019.04.16-12.56.29:971][  0]LogConfig: Setting CVar [[r.MaxAnisotropy:8]]
[2019.04.16-12.56.29:971][  0]LogConfig: Setting CVar [[r.Streaming.LimitPoolSizeToVRAM:0]]
[2019.04.16-12.56.29:971][  0]LogConfig: Setting CVar [[r.Streaming.PoolSize:1000]]
[2019.04.16-12.56.29:971][  0]LogConfig: Setting CVar [[r.Streaming.MaxEffectiveScreenSize:0]]
[2019.04.16-12.56.29:971][  0]LogConfig: Applying CVar settings from Section [EffectsQuality@3] File [E:/Games/Repository/IntermissionProject/MobileProject/Saved/Config/Windows/Scalability.ini]
[2019.04.16-12.56.29:971][  0]LogConfig: Setting CVar [[r.TranslucencyLightingVolumeDim:64]]
[2019.04.16-12.56.29:971][  0]LogConfig: Setting CVar [[r.RefractionQuality:2]]
[2019.04.16-12.56.29:971][  0]LogConfig: Setting CVar [[r.SSR.Quality:3]]
[2019.04.16-12.56.29:971][  0]LogConfig: Setting CVar [[r.SceneColorFormat:4]]
[2019.04.16-12.56.29:971][  0]LogConfig: Setting CVar [[r.DetailMode:2]]
[2019.04.16-12.56.29:971][  0]LogConfig: Setting CVar [[r.TranslucencyVolumeBlur:1]]
[2019.04.16-12.56.29:971][  0]LogConfig: Setting CVar [[r.MaterialQualityLevel:1 ; High quality]]
[2019.04.16-12.56.29:971][  0]LogConfig: Setting CVar [[r.SSS.Scale:1]]
[2019.04.16-12.56.29:971][  0]LogConfig: Setting CVar [[r.SSS.SampleSet:2]]
[2019.04.16-12.56.29:971][  0]LogConfig: Setting CVar [[r.SSS.Quality:1]]
[2019.04.16-12.56.29:971][  0]LogConfig: Setting CVar [[r.SSS.HalfRes:1]]
[2019.04.16-12.56.29:971][  0]LogConfig: Setting CVar [[r.EmitterSpawnRateScale:1.0]]
[2019.04.16-12.56.29:971][  0]LogConfig: Setting CVar [[r.ParticleLightQuality:2]]
[2019.04.16-12.56.29:971][  0]LogConfig: Applying CVar settings from Section [FoliageQuality@3] File [E:/Games/Repository/IntermissionProject/MobileProject/Saved/Config/Windows/Scalability.ini]
[2019.04.16-12.56.29:971][  0]LogConfig: Setting CVar [[foliage.DensityScale:1.0]]
[2019.04.16-12.56.29:971][  0]LogConfig: Setting CVar [[grass.DensityScale:1.0]]
[2019.04.16-12.56.29:971][  0]LogInit: Selected Device Profile: [Windows]
[2019.04.16-12.56.29:971][  0]LogInit: Applying CVar settings loaded from the selected device profile: [Windows]
[2019.04.16-12.56.29:980][  0]LogHAL: Display: Platform has ~ 16 GB [17016324096 / 17179869184 / 16], which maps to Larger [LargestMinGB=32, LargerMinGB=12, DefaultMinGB=8, SmallerMinGB=6, SmallestMinGB=0)
[2019.04.16-12.56.29:980][  0]LogConfig: Setting CVar [[r.Vulkan.UseRealUBs:1]]
[2019.04.16-12.56.29:980][  0]LogInit: Going up to parent DeviceProfile []
[2019.04.16-12.56.29:980][  0]LogConfig: Applying CVar settings from Section [ViewDistanceQuality@3] File [E:/Games/Repository/IntermissionProject/MobileProject/Saved/Config/Windows/Scalability.ini]
[2019.04.16-12.56.29:980][  0]LogConfig: Setting CVar [[r.SkeletalMeshLODBias:0]]
[2019.04.16-12.56.29:980][  0]LogConfig: Setting CVar [[r.ViewDistanceScale:1.0]]
[2019.04.16-12.56.29:980][  0]LogConfig: Applying CVar settings from Section [AntiAliasingQuality@3] File [E:/Games/Repository/IntermissionProject/MobileProject/Saved/Config/Windows/Scalability.ini]
[2019.04.16-12.56.29:980][  0]LogConfig: Setting CVar [[r.PostProcessAAQuality:4]]
[2019.04.16-12.56.29:980][  0]LogConfig: Applying CVar settings from Section [ShadowQuality@3] File [E:/Games/Repository/IntermissionProject/MobileProject/Saved/Config/Windows/Scalability.ini]
[2019.04.16-12.56.29:980][  0]LogConfig: Setting CVar [[r.LightFunctionQuality:1]]
[2019.04.16-12.56.29:980][  0]LogConfig: Setting CVar [[r.ShadowQuality:5]]
[2019.04.16-12.56.29:980][  0]LogConfig: Setting CVar [[r.Shadow.CSM.MaxCascades:10]]
[2019.04.16-12.56.29:980][  0]LogConfig: Setting CVar [[r.Shadow.MaxResolution:2048]]
[2019.04.16-12.56.29:980][  0]LogConfig: Setting CVar [[r.Shadow.MaxCSMResolution:2048]]
[2019.04.16-12.56.29:980][  0]LogConfig: Setting CVar [[r.Shadow.RadiusThreshold:0.01]]
[2019.04.16-12.56.29:980][  0]LogConfig: Setting CVar [[r.Shadow.DistanceScale:1.0]]
[2019.04.16-12.56.29:980][  0]LogConfig: Setting CVar [[r.Shadow.CSM.TransitionScale:1.0]]
[2019.04.16-12.56.29:980][  0]LogConfig: Setting CVar [[r.Shadow.PreShadowResolutionFactor:1.0]]
[2019.04.16-12.56.29:980][  0]LogConfig: Setting CVar [[r.DistanceFieldShadowing:1]]
[2019.04.16-12.56.29:980][  0]LogConfig: Setting CVar [[r.DistanceFieldAO:1]]
[2019.04.16-12.56.29:980][  0]LogConfig: Setting CVar [[r.AOQuality:2]]
[2019.04.16-12.56.29:980][  0]LogConfig: Setting CVar [[r.VolumetricFog:1]]
[2019.04.16-12.56.29:980][  0]LogConfig: Setting CVar [[r.VolumetricFog.GridPixelSize:8]]
[2019.04.16-12.56.29:981][  0]LogConfig: Setting CVar [[r.VolumetricFog.GridSizeZ:128]]
[2019.04.16-12.56.29:981][  0]LogConfig: Setting CVar [[r.VolumetricFog.HistoryMissSupersampleCount:4]]
[2019.04.16-12.56.29:981][  0]LogConfig: Setting CVar [[r.LightMaxDrawDistanceScale:1]]
[2019.04.16-12.56.29:981][  0]LogConfig: Setting CVar [[r.CapsuleShadows:1]]
[2019.04.16-12.56.29:981][  0]LogConfig: Applying CVar settings from Section [PostProcessQuality@3] File [E:/Games/Repository/IntermissionProject/MobileProject/Saved/Config/Windows/Scalability.ini]
[2019.04.16-12.56.29:981][  0]LogConfig: Setting CVar [[r.MotionBlurQuality:4]]
[2019.04.16-12.56.29:981][  0]LogConfig: Setting CVar [[r.AmbientOcclusionMipLevelFactor:0.4]]
[2019.04.16-12.56.29:981][  0]LogConfig: Setting CVar [[r.AmbientOcclusionMaxQuality:100]]
[2019.04.16-12.56.29:981][  0]LogConfig: Setting CVar [[r.AmbientOcclusionLevels:-1]]
[2019.04.16-12.56.29:981][  0]LogConfig: Setting CVar [[r.AmbientOcclusionRadiusScale:1.0]]
[2019.04.16-12.56.29:981][  0]LogConfig: Setting CVar [[r.DepthOfFieldQuality:2]]
[2019.04.16-12.56.29:981][  0]LogConfig: Setting CVar [[r.RenderTargetPoolMin:400]]
[2019.04.16-12.56.29:981][  0]LogConfig: Setting CVar [[r.LensFlareQuality:2]]
[2019.04.16-12.56.29:981][  0]LogConfig: Setting CVar [[r.SceneColorFringeQuality:1]]
[2019.04.16-12.56.29:981][  0]LogConfig: Setting CVar [[r.EyeAdaptationQuality:2]]
[2019.04.16-12.56.29:981][  0]LogConfig: Setting CVar [[r.BloomQuality:5]]
[2019.04.16-12.56.29:981][  0]LogConfig: Setting CVar [[r.FastBlurThreshold:100]]
[2019.04.16-12.56.29:981][  0]LogConfig: Setting CVar [[r.Upscale.Quality:3]]
[2019.04.16-12.56.29:981][  0]LogConfig: Setting CVar [[r.Tonemapper.GrainQuantization:1]]
[2019.04.16-12.56.29:981][  0]LogConfig: Setting CVar [[r.LightShaftQuality:1]]
[2019.04.16-12.56.29:981][  0]LogConfig: Setting CVar [[r.Filter.SizeScale:1]]
[2019.04.16-12.56.29:981][  0]LogConfig: Setting CVar [[r.Tonemapper.Quality:5]]
[2019.04.16-12.56.29:981][  0]LogConfig: Setting CVar [[r.DOF.Gather.AccumulatorQuality:1        ; higher gathering accumulator quality]]
[2019.04.16-12.56.29:981][  0]LogConfig: Setting CVar [[r.DOF.Gather.PostfilterMethod:1          ; Median3x3 postfilering method]]
[2019.04.16-12.56.29:981][  0]LogConfig: Setting CVar [[r.DOF.Gather.EnableBokehSettings:0       ; no bokeh simulation when gathering]]
[2019.04.16-12.56.29:981][  0]LogConfig: Setting CVar [[r.DOF.Gather.RingCount:4                 ; medium number of samples when gathering]]
[2019.04.16-12.56.29:981][  0]LogConfig: Setting CVar [[r.DOF.Scatter.ForegroundCompositing:1    ; additive foreground scattering]]
[2019.04.16-12.56.29:981][  0]LogConfig: Setting CVar [[r.DOF.Scatter.BackgroundCompositing:2    ; additive background scattering]]
[2019.04.16-12.56.29:981][  0]LogConfig: Setting CVar [[r.DOF.Scatter.EnableBokehSettings:1      ; bokeh simulation when scattering]]
[2019.04.16-12.56.29:981][  0]LogConfig: Setting CVar [[r.DOF.Scatter.MaxSpriteRatio:0.1         ; only a maximum of 10% of scattered bokeh]]
[2019.04.16-12.56.29:981][  0]LogConfig: Setting CVar [[r.DOF.Recombine.Quality:1                ; cheap slight out of focus]]
[2019.04.16-12.56.29:981][  0]LogConfig: Setting CVar [[r.DOF.Recombine.EnableBokehSettings:0    ; no bokeh simulation on slight out of focus]]
[2019.04.16-12.56.29:981][  0]LogConfig: Setting CVar [[r.DOF.TemporalAAQuality:1                ; more stable temporal accumulation]]
[2019.04.16-12.56.29:981][  0]LogConfig: Setting CVar [[r.DOF.Kernel.MaxForegroundRadius:0.025]]
[2019.04.16-12.56.29:981][  0]LogConfig: Setting CVar [[r.DOF.Kernel.MaxBackgroundRadius:0.025]]
[2019.04.16-12.56.29:981][  0]LogConfig: Applying CVar settings from Section [TextureQuality@3] File [E:/Games/Repository/IntermissionProject/MobileProject/Saved/Config/Windows/Scalability.ini]
[2019.04.16-12.56.29:981][  0]LogConfig: Setting CVar [[r.Streaming.MipBias:0]]
[2019.04.16-12.56.29:981][  0]LogConfig: Setting CVar [[r.Streaming.AmortizeCPUToGPUCopy:0]]
[2019.04.16-12.56.29:981][  0]LogConfig: Setting CVar [[r.Streaming.MaxNumTexturesToStreamPerFrame:0]]
[2019.04.16-12.56.29:981][  0]LogConfig: Setting CVar [[r.Streaming.Boost:1]]
[2019.04.16-12.56.29:981][  0]LogConfig: Setting CVar [[r.MaxAnisotropy:8]]
[2019.04.16-12.56.29:981][  0]LogConfig: Setting CVar [[r.Streaming.LimitPoolSizeToVRAM:0]]
[2019.04.16-12.56.29:981][  0]LogConfig: Setting CVar [[r.Streaming.PoolSize:1000]]
[2019.04.16-12.56.29:981][  0]LogConfig: Setting CVar [[r.Streaming.MaxEffectiveScreenSize:0]]
[2019.04.16-12.56.29:981][  0]LogConfig: Applying CVar settings from Section [EffectsQuality@3] File [E:/Games/Repository/IntermissionProject/MobileProject/Saved/Config/Windows/Scalability.ini]
[2019.04.16-12.56.29:981][  0]LogConfig: Setting CVar [[r.TranslucencyLightingVolumeDim:64]]
[2019.04.16-12.56.29:981][  0]LogConfig: Setting CVar [[r.RefractionQuality:2]]
[2019.04.16-12.56.29:981][  0]LogConfig: Setting CVar [[r.SSR.Quality:3]]
[2019.04.16-12.56.29:981][  0]LogConfig: Setting CVar [[r.SceneColorFormat:4]]
[2019.04.16-12.56.29:981][  0]LogConfig: Setting CVar [[r.DetailMode:2]]
[2019.04.16-12.56.29:981][  0]LogConfig: Setting CVar [[r.TranslucencyVolumeBlur:1]]
[2019.04.16-12.56.29:981][  0]LogConfig: Setting CVar [[r.MaterialQualityLevel:1 ; High quality]]
[2019.04.16-12.56.29:981][  0]LogConfig: Setting CVar [[r.SSS.Scale:1]]
[2019.04.16-12.56.29:981][  0]LogConfig: Setting CVar [[r.SSS.SampleSet:2]]
[2019.04.16-12.56.29:981][  0]LogConfig: Setting CVar [[r.SSS.Quality:1]]
[2019.04.16-12.56.29:981][  0]LogConfig: Setting CVar [[r.SSS.HalfRes:1]]
[2019.04.16-12.56.29:981][  0]LogConfig: Setting CVar [[r.EmitterSpawnRateScale:1.0]]
[2019.04.16-12.56.29:981][  0]LogConfig: Setting CVar [[r.ParticleLightQuality:2]]
[2019.04.16-12.56.29:981][  0]LogConfig: Applying CVar settings from Section [FoliageQuality@3] File [E:/Games/Repository/IntermissionProject/MobileProject/Saved/Config/Windows/Scalability.ini]
[2019.04.16-12.56.29:981][  0]LogConfig: Setting CVar [[foliage.DensityScale:1.0]]
[2019.04.16-12.56.29:981][  0]LogConfig: Setting CVar [[grass.DensityScale:1.0]]
[2019.04.16-12.56.29:981][  0]LogConfig: Applying CVar settings from Section [Startup] File [../../../Engine/Config/ConsoleVariables.ini]
[2019.04.16-12.56.29:981][  0]LogConfig: Setting CVar [[net.UseAdaptiveNetUpdateFrequency:0]]
[2019.04.16-12.56.29:981][  0]LogConfig: Applying CVar settings from Section [ConsoleVariables] File [E:/Games/Repository/IntermissionProject/MobileProject/Saved/Config/Windows/Engine.ini]
[2019.04.16-12.56.29:981][  0]LogInit: Computer: DESKTOP-141GE8S
[2019.04.16-12.56.29:981][  0]LogInit: User: DankeaterMemedir
[2019.04.16-12.56.29:981][  0]LogInit: CPU Page size=4096, Cores=6
[2019.04.16-12.56.29:981][  0]LogInit: High frequency timer resolution =2.156252 MHz
[2019.04.16-12.56.29:982][  0]LogMemory: Memory total: Physical=15.8GB (16GB approx)
[2019.04.16-12.56.29:982][  0]LogMemory: Platform Memory Stats for Windows
[2019.04.16-12.56.29:982][  0]LogMemory: Process Physical Memory: 103.52 MB used, 103.52 MB peak
[2019.04.16-12.56.29:982][  0]LogMemory: Process Virtual Memory: 86.77 MB used, 86.77 MB peak
[2019.04.16-12.56.29:982][  0]LogMemory: Physical Memory: 6920.67 MB used,  9307.36 MB free, 16228.03 MB total
[2019.04.16-12.56.29:982][  0]LogMemory: Virtual Memory: 4660.22 MB used,  134213064.00 MB free, 134217728.00 MB total
[2019.04.16-12.56.30:000][  0]LogInit: Using OS detected language (en-US).
[2019.04.16-12.56.30:001][  0]LogInit: Using OS detected locale (en-US).
[2019.04.16-12.56.30:001][  0]LogTextLocalizationManager: No specific localization for 'en-US' exists, so the 'en' localization will be used.
[2019.04.16-12.56.30:313][  0]LogStreaming: Display: Took  0.313s to InitEngineTextLocalization.
[2019.04.16-12.56.30:340][  0]LogSlate: New Slate User Created.  User Index 0, Is Virtual User: 0
[2019.04.16-12.56.30:340][  0]LogSlate: Slate User Registered.  User Index 0, Is Virtual User: 0
[2019.04.16-12.56.30:515][  0]LogHMD: Failed to initialize OpenVR with code 110
[2019.04.16-12.56.30:515][  0]LogD3D11RHI: D3D11 adapters:
[2019.04.16-12.56.30:567][  0]LogD3D11RHI:    0. 'NVIDIA GeForce GTX 1060' (Feature Level 11_0)
[2019.04.16-12.56.30:567][  0]LogD3D11RHI:       6052/0/8114 MB DedicatedVideo/DedicatedSystem/SharedSystem, Outputs:2, VendorId:0x10de
[2019.04.16-12.56.30:581][  0]LogD3D11RHI:    1. 'Intel(R) UHD Graphics 630' (Feature Level 11_0)
[2019.04.16-12.56.30:581][  0]LogD3D11RHI:       128/0/8114 MB DedicatedVideo/DedicatedSystem/SharedSystem, Outputs:0, VendorId:0x8086
[2019.04.16-12.56.30:582][  0]LogD3D11RHI:    2. 'Microsoft Basic Render Driver' (Feature Level 11_0)
[2019.04.16-12.56.30:582][  0]LogD3D11RHI:       0/0/8114 MB DedicatedVideo/DedicatedSystem/SharedSystem, Outputs:0, VendorId:0x1414
[2019.04.16-12.56.30:582][  0]LogD3D11RHI: Chosen D3D11 Adapter: 0
[2019.04.16-12.56.30:606][  0]LogD3D11RHI: Creating new Direct3DDevice
[2019.04.16-12.56.30:606][  0]LogD3D11RHI:     GPU DeviceId: 0x1c20 (for the marketing name, search the web for "GPU Device Id")
[2019.04.16-12.56.30:606][  0]LogWindows: EnumDisplayDevices:
[2019.04.16-12.56.30:606][  0]LogWindows:    0. 'Intel(R) UHD Graphics 630' (P:1 D:1)
[2019.04.16-12.56.30:606][  0]LogWindows:    1. 'Intel(R) UHD Graphics 630' (P:0 D:0)
[2019.04.16-12.56.30:606][  0]LogWindows:    2. 'Intel(R) UHD Graphics 630' (P:0 D:0)
[2019.04.16-12.56.30:607][  0]LogWindows:    3. 'NVIDIA GeForce GTX 1060' (P:0 D:1)
[2019.04.16-12.56.30:607][  0]LogWindows:    4. 'NVIDIA GeForce GTX 1060' (P:0 D:0)
[2019.04.16-12.56.30:607][  0]LogWindows:    5. 'NVIDIA GeForce GTX 1060' (P:0 D:0)
[2019.04.16-12.56.30:607][  0]LogWindows:    6. 'NVIDIA GeForce GTX 1060' (P:0 D:0)
[2019.04.16-12.56.30:607][  0]LogWindows: DebugString: PrimaryIsNotTheChoosenAdapter PrimaryIsNotTheChoosenAdapter PrimaryIsNotTheChoosenAdapter FoundDriverCount:4 
[2019.04.16-12.56.30:607][  0]LogD3D11RHI:     Adapter Name: NVIDIA GeForce GTX 1060
[2019.04.16-12.56.30:607][  0]LogD3D11RHI:   Driver Version: 419.35 (internal:25.21.14.1935, unified:419.35)
[2019.04.16-12.56.30:607][  0]LogD3D11RHI:      Driver Date: 3-1-2019
[2019.04.16-12.56.30:607][  0]LogRHI: Texture pool is 4236 MB (70% of 6052 MB)
[2019.04.16-12.56.30:642][  0]LogD3D11RHI: Async texture creation enabled
[2019.04.16-12.56.30:657][  0]LogD3D11RHI: GPU Timing Frequency: 1000.000000 (Debug: 2 1)
[2019.04.16-12.56.30:935][  0]LogTemp: Display: Loaded TP AllDesktopTargetPlatform
[2019.04.16-12.56.30:946][  0]LogTemp: Display: Loaded TP MacClientTargetPlatform
[2019.04.16-12.56.30:956][  0]LogTemp: Display: Loaded TP MacNoEditorTargetPlatform
[2019.04.16-12.56.30:966][  0]LogTemp: Display: Loaded TP MacServerTargetPlatform
[2019.04.16-12.56.30:977][  0]LogTemp: Display: Loaded TP MacTargetPlatform
[2019.04.16-12.56.30:987][  0]LogTemp: Display: Loaded TP WindowsClientTargetPlatform
[2019.04.16-12.56.30:996][  0]LogTemp: Display: Loaded TP WindowsNoEditorTargetPlatform
[2019.04.16-12.56.31:007][  0]LogTemp: Display: Loaded TP WindowsServerTargetPlatform
[2019.04.16-12.56.31:012][  0]LogTemp: Display: Loaded TP WindowsTargetPlatform
[2019.04.16-12.56.31:075][  0]LogTemp: Display: Loaded TP AndroidTargetPlatform
[2019.04.16-12.56.31:075][  0]LogTemp: Display: Loaded TP AndroidTargetPlatform
[2019.04.16-12.56.31:075][  0]LogTemp: Display: Loaded TP AndroidTargetPlatform
[2019.04.16-12.56.31:075][  0]LogTemp: Display: Loaded TP AndroidTargetPlatform
[2019.04.16-12.56.31:075][  0]LogTemp: Display: Loaded TP AndroidTargetPlatform
[2019.04.16-12.56.31:075][  0]LogTemp: Display: Loaded TP AndroidTargetPlatform
[2019.04.16-12.56.31:075][  0]LogTemp: Display: Loaded TP AndroidTargetPlatform
[2019.04.16-12.56.31:075][  0]LogTemp: Display: Loaded TP AndroidTargetPlatform
[2019.04.16-12.56.31:075][  0]LogTemp: Display: Loaded TP AndroidTargetPlatform
[2019.04.16-12.56.31:075][  0]LogTemp: Display: Loaded TP AndroidTargetPlatform
[2019.04.16-12.56.31:075][  0]LogTemp: Display: Loaded TP AndroidTargetPlatform
[2019.04.16-12.56.31:075][  0]LogTemp: Display: Loaded TP AndroidTargetPlatform
[2019.04.16-12.56.31:075][  0]LogTemp: Display: Loaded TP AndroidTargetPlatform
[2019.04.16-12.56.31:075][  0]LogTemp: Display: Loaded TP AndroidTargetPlatform
[2019.04.16-12.56.31:075][  0]LogTemp: Display: Loaded TP AndroidTargetPlatform
[2019.04.16-12.56.31:075][  0]LogTemp: Display: Loaded TP AndroidTargetPlatform
[2019.04.16-12.56.31:075][  0]LogTemp: Display: Loaded TP AndroidTargetPlatform
[2019.04.16-12.56.31:075][  0]LogTemp: Display: Loaded TP AndroidTargetPlatform
[2019.04.16-12.56.31:076][  0]LogTemp: Display: Loaded TP HTML5TargetPlatform
[2019.04.16-12.56.31:131][  0]LogTemp: Display: Loaded TP IOSTargetPlatform
[2019.04.16-12.56.31:131][  0]LogTemp: Display: Loaded TP IOSTargetPlatform
[2019.04.16-12.56.31:150][  0]LogTemp: Display: Loaded TP TVOSTargetPlatform
[2019.04.16-12.56.31:150][  0]LogTemp: Display: Loaded TP TVOSTargetPlatform
[2019.04.16-12.56.31:161][  0]LogTemp: Display: Loaded TP LinuxClientTargetPlatform
[2019.04.16-12.56.31:172][  0]LogTemp: Display: Loaded TP LinuxNoEditorTargetPlatform
[2019.04.16-12.56.31:182][  0]LogTemp: Display: Loaded TP LinuxServerTargetPlatform
[2019.04.16-12.56.31:193][  0]LogTemp: Display: Loaded TP LinuxTargetPlatform
[2019.04.16-12.56.31:229][  0]LogTemp: Display: Loaded TP LuminTargetPlatform
[2019.04.16-12.56.31:229][  0]LogTemp: Display: Loaded TP LuminTargetPlatform
[2019.04.16-12.56.31:229][  0]LogTargetPlatformManager: Display: Building Assets For Windows
[2019.04.16-12.56.31:265][  0]LogShaderCompilers: Guid format shader working directory is -11 characters bigger than the processId version (../../../../../../Games/Repository/IntermissionProject/MobileProject/Intermediate/Shaders/WorkingDirectory/12936/).
[2019.04.16-12.56.31:266][  0]LogShaderCompilers: Cleaned the shader compiler working directory 'C:/Users/Dankeater Memedir/AppData/Local/Temp/UnrealShaderWorkingDir/16EC4C9C433597EEFA7109BE0628BE14/'.
[2019.04.16-12.56.31:267][  0]LogXGEController: Cannot use XGE Controller as Incredibuild is not installed on this machine.
[2019.04.16-12.56.31:267][  0]LogShaderCompilers: Cannot use XGE Shader Compiler as Incredibuild is not installed on this machine.
[2019.04.16-12.56.31:267][  0]LogShaderCompilers: Display: Using Local Shader Compiler.
[2019.04.16-12.56.31:720][  0]LogDerivedDataCache: Display: Max Cache Size: 512 MB
[2019.04.16-12.56.31:764][  0]LogDerivedDataCache: Loaded boot cache 0.04s 71MB C:/Users/Dankeater Memedir/AppData/Local/UnrealEngine/4.21/DerivedDataCache/Boot.ddc.
[2019.04.16-12.56.31:786][  0]LogDerivedDataCache: Display: Loaded Boot cache: C:/Users/Dankeater Memedir/AppData/Local/UnrealEngine/4.21/DerivedDataCache/Boot.ddc
[2019.04.16-12.56.31:786][  0]LogDerivedDataCache: FDerivedDataBackendGraph:  Pak pak cache file ../../../../../../Games/Repository/IntermissionProject/MobileProject/DerivedDataCache/DDC.ddp not found, will not use a pak cache.
[2019.04.16-12.56.31:786][  0]LogDerivedDataCache: Unable to find inner node Pak for hierarchical cache Hierarchy.
[2019.04.16-12.56.31:786][  0]LogDerivedDataCache: FDerivedDataBackendGraph:  CompressedPak pak cache file ../../../../../../Games/Repository/IntermissionProject/MobileProject/DerivedDataCache/Compressed.ddp not found, will not use a pak cache.
[2019.04.16-12.56.31:786][  0]LogDerivedDataCache: Unable to find inner node CompressedPak for hierarchical cache Hierarchy.
[2019.04.16-12.56.31:799][  0]LogDerivedDataCache: Display: Pak cache opened for reading ../../../Engine/DerivedDataCache/Compressed.ddp.
[2019.04.16-12.56.31:799][  0]LogDerivedDataCache: FDerivedDataBackendGraph:  EnterprisePak pak cache file ../../../Enterprise/DerivedDataCache/Compressed.ddp not found, will not use a pak cache.
[2019.04.16-12.56.31:799][  0]LogDerivedDataCache: Unable to find inner node EnterprisePak for hierarchical cache Hierarchy.
[2019.04.16-12.56.31:811][  0]LogDerivedDataCache: Using Local data cache path C:/Users/Dankeater Memedir/AppData/Local/UnrealEngine/Common/DerivedDataCache: Writable
[2019.04.16-12.56.31:811][  0]LogDerivedDataCache: Shared data cache path not found in *engine.ini, will not use an Shared cache.
[2019.04.16-12.56.31:811][  0]LogDerivedDataCache: Unable to find inner node Shared for hierarchical cache Hierarchy.
[2019.04.16-12.56.31:830][  0]LogMaterial: Verifying Global Shaders for PCD3D_SM5
[2019.04.16-12.56.31:831][  0]LogSlate: Using FreeType 2.6.0
[2019.04.16-12.56.31:831][  0]LogSlate: SlateFontServices - WITH_FREETYPE: 1, WITH_HARFBUZZ: 1
[2019.04.16-12.56.31:906][  0]LogAssetRegistry: FAssetRegistry took 0.0311 seconds to start up
[2019.04.16-12.56.32:151][  0]LogInit: Selected Device Profile: [Windows]
[2019.04.16-12.56.32:274][  0]LogSimplygon: Simplygon DLL not present - disabling.
[2019.04.16-12.56.32:276][  0]LogMeshReduction: Using SimplygonSwarm for distributed automatic mesh merging
[2019.04.16-12.56.32:276][  0]LogMeshReduction: Using ProxyLODMeshReduction for automatic mesh merging
[2019.04.16-12.56.32:276][  0]LogMeshReduction: Using QuadricMeshReduction for automatic static mesh reduction
[2019.04.16-12.56.32:276][  0]LogMeshReduction: No automatic skeletal mesh reduction module available
[2019.04.16-12.56.32:287][  0]LogNetVersion: MobileProject 1.0.0, NetCL: 4541578, EngineNetVer: 5, GameNetVer: 0 (Checksum: 2592796191)
[2019.04.16-12.56.32:689][  0]LogPackageLocalizationCache: Processed 11 localized package path(s) for 2 prioritized culture(s) in 0.066474 seconds
[2019.04.16-12.56.32:694][  0]LogUObjectArray: 39775 objects as part of root set at end of initial load.
[2019.04.16-12.56.32:694][  0]LogUObjectAllocator: 6914664 out of 0 bytes used by permanent object pool.
[2019.04.16-12.56.32:694][  0]LogUObjectArray: CloseDisregardForGC: 0/0 objects in disregard for GC pool
[2019.04.16-12.56.33:393][  0]LogTcpMessaging: Initializing TcpMessaging bridge
[2019.04.16-12.56.33:405][  0]LogUdpMessaging: Initializing bridge on interface 0.0.0.0:0 to multicast group 230.0.0.1:6666.
[2019.04.16-12.56.33:985][  0]SourceControl: Source control is disabled
[2019.04.16-12.56.33:985][  0]SourceControl: Source control is disabled
[2019.04.16-12.56.33:987][  0]SourceControl: Source control is disabled
[2019.04.16-12.56.33:987][  0]SourceControl: Source control is disabled
[2019.04.16-12.56.34:135][  0]LogAndroidPermission: UAndroidPermissionCallbackProxy::GetInstance
[2019.04.16-12.56.34:191][  0]LogOcInput: OculusInput pre-init called
[2019.04.16-12.56.34:312][  0]LogEngine: Initializing Engine...
[2019.04.16-12.56.34:312][  0]LogHMD: Failed to initialize OpenVR with code 110
[2019.04.16-12.56.34:314][  0]LogStats: UGameplayTagsManager::ConstructGameplayTagTree: ImportINI prefixes -  0.000 s
[2019.04.16-12.56.34:314][  0]LogStats: UGameplayTagsManager::ConstructGameplayTagTree: Construct from data asset -  0.000 s
[2019.04.16-12.56.34:314][  0]LogStats: UGameplayTagsManager::ConstructGameplayTagTree: ImportINI -  0.000 s
[2019.04.16-12.56.34:314][  0]LogStats: UGameplayTagsManager::ConstructGameplayTagTree: GameplayTagTreeChangedEvent.Broadcast -  0.000 s
[2019.04.16-12.56.34:509][  0]LogInit: Initializing FReadOnlyCVARCache
[2019.04.16-12.56.34:518][  0]LogAIModule: Creating AISystem for world Untitled
[2019.04.16-12.56.34:529][  0]LogInit: XAudio2 using 'Speakers (Realtek(R) Audio)' : 2 channels at 48 kHz using 32 bits per sample (channel mask 0x3)
[2019.04.16-12.56.34:572][  0]LogInit: FAudioDevice initialized.
[2019.04.16-12.56.34:572][  0]LogNetVersion: Set ProjectVersion to 1.0.0.0. Version Checksum will be recalculated on next use.
[2019.04.16-12.56.34:640][  0]LogDerivedDataCache: Saved boot cache 0.07s 71MB C:/Users/Dankeater Memedir/AppData/Local/UnrealEngine/4.21/DerivedDataCache/Boot.ddc.
[2019.04.16-12.56.34:650][  0]LogInit: Texture streaming: Enabled
[2019.04.16-12.56.34:661][  0]LogEngineSessionManager: EngineSessionManager initialized
[2019.04.16-12.56.34:672][  0]LogInit: Transaction tracking system initialized
[2019.04.16-12.56.34:685][  0]BlueprintLog: New page: Editor Load
[2019.04.16-12.56.34:731][  0]LocalizationService: Localization service is disabled
[2019.04.16-12.56.35:105][  0]LogFileCache: Scanning file cache for directory 'E:/Games/Repository/IntermissionProject/MobileProject/Content/' took 0.01s
[2019.04.16-12.56.35:105][  0]LogCook: Display: Max memory allowance for cook 16384mb min free memory 0mb
[2019.04.16-12.56.35:105][  0]LogCook: Display: Mobile HDR setting 0
[2019.04.16-12.56.35:105][  0]LogGameplayTags: Display: UGameplayTagsManager::DoneAddingNativeTags. DelegateIsBound: 0
[2019.04.16-12.56.35:105][  0]LogStats: UGameplayTagsManager::ConstructGameplayTagTree: ImportINI prefixes -  0.000 s
[2019.04.16-12.56.35:105][  0]LogStats: UGameplayTagsManager::ConstructGameplayTagTree: Construct from data asset -  0.000 s
[2019.04.16-12.56.35:105][  0]LogStats: UGameplayTagsManager::ConstructGameplayTagTree: ImportINI -  0.000 s
[2019.04.16-12.56.35:105][  0]LogStats: UGameplayTagsManager::ConstructGameplayTagTree: GameplayTagTreeChangedEvent.Broadcast -  0.000 s
[2019.04.16-12.56.35:201][  0]SourceControl: Source control is disabled
[2019.04.16-12.56.35:201][  0]Cmd: MAP LOAD FILE="../../../../../../Games/Repository/IntermissionProject/MobileProject/Content/SideScrollerBP/Maps/SideScrollerExampleMap.umap" TEMPLATE=0 SHOWPROGRESS=1 FEATURELEVEL=3
[2019.04.16-12.56.35:202][  0]LightingResults: New page: Lighting Build
[2019.04.16-12.56.35:203][  0]MapCheck: New page: Map Check
[2019.04.16-12.56.35:203][  0]LightingResults: New page: Lighting Build
[2019.04.16-12.56.35:524][  0]LogAIModule: Creating AISystem for world SideScrollerExampleMap
[2019.04.16-12.56.35:531][  0]LogEditorServer: Finished looking for orphan Actors (0.000 secs)
[2019.04.16-12.56.35:556][  0]Cmd: MAP CHECKDEP NOCLEARLOG
[2019.04.16-12.56.35:556][  0]MapCheck: Map check complete: 0 Error(s), 0 Warning(s), took 0.086ms to complete.
[2019.04.16-12.56.35:556][  0]LogFileHelpers: Loading map 'SideScrollerExampleMap' took 0.355
[2019.04.16-12.56.35:652][  0]LogSlate: Updating window title bar state: overlay mode, drag disabled, window buttons hidden, title bar hidden
[2019.04.16-12.56.35:661][  0]LogSlate: Updating window title bar state: overlay mode, drag disabled, window buttons hidden, title bar hidden
[2019.04.16-12.56.35:668][  0]LogSlate: Updating window title bar state: overlay mode, drag disabled, window buttons hidden, title bar hidden
[2019.04.16-12.56.35:674][  0]LogSlate: Updating window title bar state: overlay mode, drag disabled, window buttons hidden, title bar hidden
[2019.04.16-12.56.35:679][  0]LogCollectionManager: Loaded 0 collections in 0.000914 seconds
[2019.04.16-12.56.35:706][  0]LogFileCache: Scanning file cache for directory 'E:/Games/Repository/IntermissionProject/MobileProject/Saved/Collections/' took 0.01s
[2019.04.16-12.56.35:706][  0]LogFileCache: Scanning file cache for directory 'E:/Games/Repository/IntermissionProject/MobileProject/Content/Developers/DankeaterMemedir/Collections/' took 0.01s
[2019.04.16-12.56.35:706][  0]LogFileCache: Scanning file cache for directory 'E:/Games/Repository/IntermissionProject/MobileProject/Content/Collections/' took 0.00s
[2019.04.16-12.56.35:706][  0]LogCollectionManager: Rebuilt the GUID cache for 0 collections in 0.000000 seconds
[2019.04.16-12.56.35:713][  0]LogContentBrowser: Native class hierarchy populated in 0.0076 seconds. Added 2651 classes and 620 folders.
[2019.04.16-12.56.35:719][  0]LogContentBrowser: Native class hierarchy updated for 'WidgetCarousel' in 0.0002 seconds. Added 0 classes and 0 folders.
[2019.04.16-12.56.35:720][  0]LogPakFile: Registered encryption key '00000000000000000000000000000000': 0 pak files mounted, 0 remain pending
[2019.04.16-12.56.35:720][  0]LogPakFile: Registered encryption key '00000000000000000000000000000000': 0 pak files mounted, 0 remain pending
[2019.04.16-12.56.35:721][  0]LogPakFile: Registered encryption key '00000000000000000000000000000000': 0 pak files mounted, 0 remain pending
[2019.04.16-12.56.35:721][  0]LogPakFile: Registered encryption key '00000000000000000000000000000000': 0 pak files mounted, 0 remain pending
[2019.04.16-12.56.35:722][  0]LogPakFile: Registered encryption key '00000000000000000000000000000000': 0 pak files mounted, 0 remain pending
[2019.04.16-12.56.35:722][  0]LogPakFile: Registered encryption key '00000000000000000000000000000000': 0 pak files mounted, 0 remain pending
[2019.04.16-12.56.35:722][  0]LogPakFile: Registered encryption key '00000000000000000000000000000000': 0 pak files mounted, 0 remain pending
[2019.04.16-12.56.35:723][  0]LogPakFile: Registered encryption key '00000000000000000000000000000000': 0 pak files mounted, 0 remain pending
[2019.04.16-12.56.35:723][  0]LogPakFile: Registered encryption key '00000000000000000000000000000000': 0 pak files mounted, 0 remain pending
[2019.04.16-12.56.35:723][  0]LogPakFile: Registered encryption key '00000000000000000000000000000000': 0 pak files mounted, 0 remain pending
[2019.04.16-12.56.35:724][  0]LogPakFile: Registered encryption key '00000000000000000000000000000000': 0 pak files mounted, 0 remain pending
[2019.04.16-12.56.35:724][  0]LogPakFile: Registered encryption key '00000000000000000000000000000000': 0 pak files mounted, 0 remain pending
[2019.04.16-12.56.35:724][  0]LogPakFile: Registered encryption key '00000000000000000000000000000000': 0 pak files mounted, 0 remain pending
[2019.04.16-12.56.35:725][  0]LogPakFile: Registered encryption key '00000000000000000000000000000000': 0 pak files mounted, 0 remain pending
[2019.04.16-12.56.35:725][  0]LogPakFile: Registered encryption key '00000000000000000000000000000000': 0 pak files mounted, 0 remain pending
[2019.04.16-12.56.35:726][  0]LogPakFile: Registered encryption key '00000000000000000000000000000000': 0 pak files mounted, 0 remain pending
[2019.04.16-12.56.35:726][  0]LogPakFile: Registered encryption key '00000000000000000000000000000000': 0 pak files mounted, 0 remain pending
[2019.04.16-12.56.35:726][  0]LogPakFile: Registered encryption key '00000000000000000000000000000000': 0 pak files mounted, 0 remain pending
[2019.04.16-12.56.35:727][  0]LogPakFile: Registered encryption key '00000000000000000000000000000000': 0 pak files mounted, 0 remain pending
[2019.04.16-12.56.35:727][  0]LogPakFile: Registered encryption key '00000000000000000000000000000000': 0 pak files mounted, 0 remain pending
[2019.04.16-12.56.35:727][  0]LogPakFile: Registered encryption key '00000000000000000000000000000000': 0 pak files mounted, 0 remain pending
[2019.04.16-12.56.35:728][  0]LogPakFile: Registered encryption key '00000000000000000000000000000000': 0 pak files mounted, 0 remain pending
[2019.04.16-12.56.35:728][  0]LogPakFile: Registered encryption key '00000000000000000000000000000000': 0 pak files mounted, 0 remain pending
[2019.04.16-12.56.35:729][  0]LogPakFile: Registered encryption key '00000000000000000000000000000000': 0 pak files mounted, 0 remain pending
[2019.04.16-12.56.35:729][  0]LogPakFile: Registered encryption key '00000000000000000000000000000000': 0 pak files mounted, 0 remain pending
[2019.04.16-12.56.35:729][  0]LogPakFile: Registered encryption key '00000000000000000000000000000000': 0 pak files mounted, 0 remain pending
[2019.04.16-12.56.35:755][  0]LogContentBrowser: Native class hierarchy updated for 'AddContentDialog' in 0.0002 seconds. Added 0 classes and 0 folders.
[2019.04.16-12.56.35:759][  0]LogContentBrowser: Native class hierarchy updated for 'SceneOutliner' in 0.0002 seconds. Added 1 classes and 2 folders.
[2019.04.16-12.56.35:825][  0]LogSlate: Took 0.000260 seconds to synchronously load lazily loaded font '../../../Engine/Content/Slate/Fonts/Roboto-Regular.ttf' (155K)
[2019.04.16-12.56.35:828][  0]LogSlate: Took 0.000161 seconds to synchronously load lazily loaded font '../../../Engine/Content/Slate/Fonts/Roboto-Bold.ttf' (160K)
[2019.04.16-12.56.35:837][  0]LogSlate: Took 0.000490 seconds to synchronously load lazily loaded font '../../../Engine/Content/Editor/Slate/Fonts/FontAwesome.ttf' (139K)
[2019.04.16-12.56.35:927][  0]LogRenderer: Reallocating scene render targets to support 1128x536 Format 10 NumSamples 1 (Frame:1).
[2019.04.16-12.56.36:087][  0]LogContentBrowser: Native class hierarchy updated for 'HierarchicalLODOutliner' in 0.0007 seconds. Added 0 classes and 0 folders.
[2019.04.16-12.56.36:087][  0]LogLoad: (Engine Initialization) Total time: 7.70 seconds
[2019.04.16-12.56.36:087][  0]LogLoad: (Engine Initialization) Total Blueprint compile time: 0.00 seconds
[2019.04.16-12.56.36:106][  0]LogWindowsTextInputMethodSystem: Display: IME system now deactivated.
[2019.04.16-12.56.36:152][  0]LogContentStreaming: Texture pool size now 1000 MB
[2019.04.16-12.56.36:186][  0]LogSlate: Took 0.000129 seconds to synchronously load lazily loaded font '../../../Engine/Content/Slate/Fonts/Roboto-Light.ttf' (167K)
[2019.04.16-12.56.36:261][  2]LogAssetRegistry: Asset discovery search completed in 4.3764 seconds
[2019.04.16-12.56.36:263][  2]LogCollectionManager: Rebuilt the object cache for 0 collections in 0.000000 seconds (found 0 objects)
[2019.04.16-12.56.36:263][  2]LogCollectionManager: Fixed up redirectors for 0 collections in 0.000050 seconds (updated 0 objects)
[2019.04.16-12.56.38:832][156]LogSlate: FSceneViewport::OnFocusLost() reason 0
[2019.04.16-12.56.38:965][164]LogTemp: Repeating last play command: Selected Viewport
[2019.04.16-12.56.38:978][164]LogBlueprintUserMessages: Early PlayInEditor Detection: Level '/Game/SideScrollerBP/Maps/SideScrollerExampleMap.SideScrollerExampleMap:PersistentLevel' has LevelScriptBlueprint '/Game/SideScrollerBP/Maps/SideScrollerExampleMap.SideScrollerExampleMap:PersistentLevel.SideScrollerExampleMap' with GeneratedClass '/Game/SideScrollerBP/Maps/SideScrollerExampleMap.SideScrollerExampleMap_C' with ClassGeneratedBy '/Game/SideScrollerBP/Maps/SideScrollerExampleMap.SideScrollerExampleMap:PersistentLevel.SideScrollerExampleMap'
[2019.04.16-12.56.38:978][164]LogPlayLevel: PlayLevel: No blueprints needed recompiling
[2019.04.16-12.56.38:978][164]PIE: New page: PIE session: SideScrollerExampleMap (Apr 16, 2019, 4:56:38 PM)
[2019.04.16-12.56.38:990][164]LogPlayLevel: Creating play world package: /Game/SideScrollerBP/Maps/UEDPIE_0_SideScrollerExampleMap
[2019.04.16-12.56.39:005][164]LogPlayLevel: PIE: StaticDuplicateObject took: (0.015000s)
[2019.04.16-12.56.39:006][164]LogAIModule: Creating AISystem for world SideScrollerExampleMap
[2019.04.16-12.56.39:006][164]LogPlayLevel: PIE: World Init took: (0.000614s)
[2019.04.16-12.56.39:006][164]LogPlayLevel: PIE: Created PIE world by copying editor world from /Game/SideScrollerBP/Maps/SideScrollerExampleMap.SideScrollerExampleMap to /Game/SideScrollerBP/Maps/UEDPIE_0_SideScrollerExampleMap.SideScrollerExampleMap (0.015870s)
[2019.04.16-12.56.39:031][164]LogInit: XAudio2 using 'Speakers (Realtek(R) Audio)' : 2 channels at 48 kHz using 32 bits per sample (channel mask 0x3)
[2019.04.16-12.56.39:070][164]LogInit: FAudioDevice initialized.
[2019.04.16-12.56.39:115][164]LogLoad: Game class is 'SideScrollerGameMode_C'
[2019.04.16-12.56.39:118][164]LogWorld: Bringing World /Game/SideScrollerBP/Maps/UEDPIE_0_SideScrollerExampleMap.SideScrollerExampleMap up for play (max tick rate 60) at 2019.04.16-14.56.39
[2019.04.16-12.56.39:118][164]LogWorld: Bringing up level for play took: 0.000990
[2019.04.16-12.56.39:132][164]LogContentBrowser: Native class hierarchy updated for 'MovieSceneCapture' in 0.0003 seconds. Added 20 classes and 0 folders.
[2019.04.16-12.56.39:133][164]PIE: Play in editor start time for /Game/SideScrollerBP/Maps/UEDPIE_0_SideScrollerExampleMap -0.779
[2019.04.16-12.56.39:133][164]LogBlueprintUserMessages: Late PlayInEditor Detection: Level '/Game/SideScrollerBP/Maps/SideScrollerExampleMap.SideScrollerExampleMap:PersistentLevel' has LevelScriptBlueprint '/Game/SideScrollerBP/Maps/SideScrollerExampleMap.SideScrollerExampleMap:PersistentLevel.SideScrollerExampleMap' with GeneratedClass '/Game/SideScrollerBP/Maps/SideScrollerExampleMap.SideScrollerExampleMap_C' with ClassGeneratedBy '/Game/SideScrollerBP/Maps/SideScrollerExampleMap.SideScrollerExampleMap:PersistentLevel.SideScrollerExampleMap'
[2019.04.16-12.56.43:801][443]LogBlueprintUserMessages: Early EndPlayMap Detection: Level '/Game/SideScrollerBP/Maps/SideScrollerExampleMap.SideScrollerExampleMap:PersistentLevel' has LevelScriptBlueprint '/Game/SideScrollerBP/Maps/SideScrollerExampleMap.SideScrollerExampleMap:PersistentLevel.SideScrollerExampleMap' with GeneratedClass '/Game/SideScrollerBP/Maps/SideScrollerExampleMap.SideScrollerExampleMap_C' with ClassGeneratedBy '/Game/SideScrollerBP/Maps/SideScrollerExampleMap.SideScrollerExampleMap:PersistentLevel.SideScrollerExampleMap'
[2019.04.16-12.56.43:802][443]LogSlate: Updating window title bar state: overlay mode, drag disabled, window buttons hidden, title bar hidden
[2019.04.16-12.56.43:834][443]LogPlayLevel: Display: Shutting down PIE online subsystems
[2019.04.16-12.56.43:834][443]LogBlueprintUserMessages: Late EndPlayMap Detection: Level '/Game/SideScrollerBP/Maps/SideScrollerExampleMap.SideScrollerExampleMap:PersistentLevel' has LevelScriptBlueprint '/Game/SideScrollerBP/Maps/SideScrollerExampleMap.SideScrollerExampleMap:PersistentLevel.SideScrollerExampleMap' with GeneratedClass '/Game/SideScrollerBP/Maps/SideScrollerExampleMap.SideScrollerExampleMap_C' with ClassGeneratedBy '/Game/SideScrollerBP/Maps/SideScrollerExampleMap.SideScrollerExampleMap:PersistentLevel.SideScrollerExampleMap'
[2019.04.16-12.56.43:856][443]LogSlate: Updating window title bar state: overlay mode, drag disabled, window buttons hidden, title bar hidden
[2019.04.16-12.56.43:909][446]LogPlayLevel: Display: Destroying online subsystem :Context_2
[2019.04.16-12.56.44:793][499]LogSlate: FSceneViewport::OnFocusLost() reason 0
[2019.04.16-12.56.44:909][506]LogTemp: Repeating last play command: Selected Viewport
[2019.04.16-12.56.44:922][506]LogBlueprintUserMessages: Early PlayInEditor Detection: Level '/Game/SideScrollerBP/Maps/SideScrollerExampleMap.SideScrollerExampleMap:PersistentLevel' has LevelScriptBlueprint '/Game/SideScrollerBP/Maps/SideScrollerExampleMap.SideScrollerExampleMap:PersistentLevel.SideScrollerExampleMap' with GeneratedClass '/Game/SideScrollerBP/Maps/SideScrollerExampleMap.SideScrollerExampleMap_C' with ClassGeneratedBy '/Game/SideScrollerBP/Maps/SideScrollerExampleMap.SideScrollerExampleMap:PersistentLevel.SideScrollerExampleMap'
[2019.04.16-12.56.44:922][506]LogPlayLevel: PlayLevel: No blueprints needed recompiling
[2019.04.16-12.56.44:922][506]PIE: New page: PIE session: SideScrollerExampleMap (Apr 16, 2019, 4:56:44 PM)
[2019.04.16-12.56.44:922][506]LogPlayLevel: Creating play world package: /Game/SideScrollerBP/Maps/UEDPIE_0_SideScrollerExampleMap
[2019.04.16-12.56.44:932][506]LogPlayLevel: PIE: StaticDuplicateObject took: (0.009769s)
[2019.04.16-12.56.44:933][506]LogAIModule: Creating AISystem for world SideScrollerExampleMap
[2019.04.16-12.56.44:933][506]LogPlayLevel: PIE: World Init took: (0.000783s)
[2019.04.16-12.56.44:933][506]LogPlayLevel: PIE: Created PIE world by copying editor world from /Game/SideScrollerBP/Maps/SideScrollerExampleMap.SideScrollerExampleMap to /Game/SideScrollerBP/Maps/UEDPIE_0_SideScrollerExampleMap.SideScrollerExampleMap (0.010696s)
[2019.04.16-12.56.44:959][506]LogInit: XAudio2 using 'Speakers (Realtek(R) Audio)' : 2 channels at 48 kHz using 32 bits per sample (channel mask 0x3)
[2019.04.16-12.56.44:996][506]LogInit: FAudioDevice initialized.
[2019.04.16-12.56.45:025][506]LogLoad: Game class is 'SideScrollerGameMode_C'
[2019.04.16-12.56.45:026][506]LogWorld: Bringing World /Game/SideScrollerBP/Maps/UEDPIE_0_SideScrollerExampleMap.SideScrollerExampleMap up for play (max tick rate 60) at 2019.04.16-14.56.45
[2019.04.16-12.56.45:026][506]LogWorld: Bringing up level for play took: 0.000846
[2019.04.16-12.56.45:039][506]PIE: Play in editor start time for /Game/SideScrollerBP/Maps/UEDPIE_0_SideScrollerExampleMap -0.873
[2019.04.16-12.56.45:039][506]LogBlueprintUserMessages: Late PlayInEditor Detection: Level '/Game/SideScrollerBP/Maps/SideScrollerExampleMap.SideScrollerExampleMap:PersistentLevel' has LevelScriptBlueprint '/Game/SideScrollerBP/Maps/SideScrollerExampleMap.SideScrollerExampleMap:PersistentLevel.SideScrollerExampleMap' with GeneratedClass '/Game/SideScrollerBP/Maps/SideScrollerExampleMap.SideScrollerExampleMap_C' with ClassGeneratedBy '/Game/SideScrollerBP/Maps/SideScrollerExampleMap.SideScrollerExampleMap:PersistentLevel.SideScrollerExampleMap'
[2019.04.16-12.56.49:733][787]LogBlueprintUserMessages: Early EndPlayMap Detection: Level '/Game/SideScrollerBP/Maps/SideScrollerExampleMap.SideScrollerExampleMap:PersistentLevel' has LevelScriptBlueprint '/Game/SideScrollerBP/Maps/SideScrollerExampleMap.SideScrollerExampleMap:PersistentLevel.SideScrollerExampleMap' with GeneratedClass '/Game/SideScrollerBP/Maps/SideScrollerExampleMap.SideScrollerExampleMap_C' with ClassGeneratedBy '/Game/SideScrollerBP/Maps/SideScrollerExampleMap.SideScrollerExampleMap:PersistentLevel.SideScrollerExampleMap'
[2019.04.16-12.56.49:734][787]LogSlate: Updating window title bar state: overlay mode, drag disabled, window buttons hidden, title bar hidden
[2019.04.16-12.56.49:767][787]LogPlayLevel: Display: Shutting down PIE online subsystems
[2019.04.16-12.56.49:767][787]LogBlueprintUserMessages: Late EndPlayMap Detection: Level '/Game/SideScrollerBP/Maps/SideScrollerExampleMap.SideScrollerExampleMap:PersistentLevel' has LevelScriptBlueprint '/Game/SideScrollerBP/Maps/SideScrollerExampleMap.SideScrollerExampleMap:PersistentLevel.SideScrollerExampleMap' with GeneratedClass '/Game/SideScrollerBP/Maps/SideScrollerExampleMap.SideScrollerExampleMap_C' with ClassGeneratedBy '/Game/SideScrollerBP/Maps/SideScrollerExampleMap.SideScrollerExampleMap:PersistentLevel.SideScrollerExampleMap'
[2019.04.16-12.56.49:790][787]LogSlate: Updating window title bar state: overlay mode, drag disabled, window buttons hidden, title bar hidden
[2019.04.16-12.56.49:841][790]LogPlayLevel: Display: Destroying online subsystem :Context_3
[2019.04.16-12.56.50:407][824]LogSlate: FSceneViewport::OnFocusLost() reason 0
[2019.04.16-12.56.50:824][849]LogTemp: Repeating last play command: Selected Viewport
[2019.04.16-12.56.50:838][849]LogBlueprintUserMessages: Early PlayInEditor Detection: Level '/Game/SideScrollerBP/Maps/SideScrollerExampleMap.SideScrollerExampleMap:PersistentLevel' has LevelScriptBlueprint '/Game/SideScrollerBP/Maps/SideScrollerExampleMap.SideScrollerExampleMap:PersistentLevel.SideScrollerExampleMap' with GeneratedClass '/Game/SideScrollerBP/Maps/SideScrollerExampleMap.SideScrollerExampleMap_C' with ClassGeneratedBy '/Game/SideScrollerBP/Maps/SideScrollerExampleMap.SideScrollerExampleMap:PersistentLevel.SideScrollerExampleMap'
[2019.04.16-12.56.50:839][849]LogPlayLevel: PlayLevel: No blueprints needed recompiling
[2019.04.16-12.56.50:839][849]PIE: New page: PIE session: SideScrollerExampleMap (Apr 16, 2019, 4:56:50 PM)
[2019.04.16-12.56.50:839][849]LogPlayLevel: Creating play world package: /Game/SideScrollerBP/Maps/UEDPIE_0_SideScrollerExampleMap
[2019.04.16-12.56.50:850][849]LogPlayLevel: PIE: StaticDuplicateObject took: (0.010697s)
[2019.04.16-12.56.50:850][849]LogAIModule: Creating AISystem for world SideScrollerExampleMap
[2019.04.16-12.56.50:850][849]LogPlayLevel: PIE: World Init took: (0.000471s)
[2019.04.16-12.56.50:850][849]LogPlayLevel: PIE: Created PIE world by copying editor world from /Game/SideScrollerBP/Maps/SideScrollerExampleMap.SideScrollerExampleMap to /Game/SideScrollerBP/Maps/UEDPIE_0_SideScrollerExampleMap.SideScrollerExampleMap (0.011295s)
[2019.04.16-12.56.50:875][849]LogInit: XAudio2 using 'Speakers (Realtek(R) Audio)' : 2 channels at 48 kHz using 32 bits per sample (channel mask 0x3)
[2019.04.16-12.56.50:916][849]LogInit: FAudioDevice initialized.
[2019.04.16-12.56.50:944][849]LogLoad: Game class is 'SideScrollerGameMode_C'
[2019.04.16-12.56.50:946][849]LogWorld: Bringing World /Game/SideScrollerBP/Maps/UEDPIE_0_SideScrollerExampleMap.SideScrollerExampleMap up for play (max tick rate 60) at 2019.04.16-14.56.50
[2019.04.16-12.56.50:946][849]LogWorld: Bringing up level for play took: 0.000850
[2019.04.16-12.56.50:959][849]PIE: Play in editor start time for /Game/SideScrollerBP/Maps/UEDPIE_0_SideScrollerExampleMap 1.047
[2019.04.16-12.56.50:959][849]LogBlueprintUserMessages: Late PlayInEditor Detection: Level '/Game/SideScrollerBP/Maps/SideScrollerExampleMap.SideScrollerExampleMap:PersistentLevel' has LevelScriptBlueprint '/Game/SideScrollerBP/Maps/SideScrollerExampleMap.SideScrollerExampleMap:PersistentLevel.SideScrollerExampleMap' with GeneratedClass '/Game/SideScrollerBP/Maps/SideScrollerExampleMap.SideScrollerExampleMap_C' with ClassGeneratedBy '/Game/SideScrollerBP/Maps/SideScrollerExampleMap.SideScrollerExampleMap:PersistentLevel.SideScrollerExampleMap'
[2019.04.16-12.56.53:603][  7]LogBlueprintUserMessages: Early EndPlayMap Detection: Level '/Game/SideScrollerBP/Maps/SideScrollerExampleMap.SideScrollerExampleMap:PersistentLevel' has LevelScriptBlueprint '/Game/SideScrollerBP/Maps/SideScrollerExampleMap.SideScrollerExampleMap:PersistentLevel.SideScrollerExampleMap' with GeneratedClass '/Game/SideScrollerBP/Maps/SideScrollerExampleMap.SideScrollerExampleMap_C' with ClassGeneratedBy '/Game/SideScrollerBP/Maps/SideScrollerExampleMap.SideScrollerExampleMap:PersistentLevel.SideScrollerExampleMap'
[2019.04.16-12.56.53:604][  7]LogSlate: Updating window title bar state: overlay mode, drag disabled, window buttons hidden, title bar hidden
[2019.04.16-12.56.53:634][  7]LogPlayLevel: Display: Shutting down PIE online subsystems
[2019.04.16-12.56.53:634][  7]LogBlueprintUserMessages: Late EndPlayMap Detection: Level '/Game/SideScrollerBP/Maps/SideScrollerExampleMap.SideScrollerExampleMap:PersistentLevel' has LevelScriptBlueprint '/Game/SideScrollerBP/Maps/SideScrollerExampleMap.SideScrollerExampleMap:PersistentLevel.SideScrollerExampleMap' with GeneratedClass '/Game/SideScrollerBP/Maps/SideScrollerExampleMap.SideScrollerExampleMap_C' with ClassGeneratedBy '/Game/SideScrollerBP/Maps/SideScrollerExampleMap.SideScrollerExampleMap:PersistentLevel.SideScrollerExampleMap'
[2019.04.16-12.56.53:657][  7]LogSlate: Updating window title bar state: overlay mode, drag disabled, window buttons hidden, title bar hidden
[2019.04.16-12.56.53:719][ 11]LogPlayLevel: Display: Destroying online subsystem :Context_4
[2019.04.16-12.58.45:777][733]LogSlate: FSceneViewport::OnFocusLost() reason 0
[2019.04.16-12.58.46:014][747]LogSlate: Took 0.000193 seconds to synchronously load lazily loaded font '../../../Engine/Content/Slate/Fonts/Roboto-Light.ttf' (167K)
[2019.04.16-12.58.46:021][747]LogAssetEditorManager: Opening Asset editor for Blueprint /Game/SideScrollerBP/Blueprints/Custom_BPs/BlackWall_BP.BlackWall_BP
[2019.04.16-12.58.46:405][747]LogContentBrowser: Native class hierarchy updated for 'BlueprintGraph' in 0.0005 seconds. Added 117 classes and 0 folders.
[2019.04.16-12.58.48:550][838]LogSlate: Window 'BlackWall_BP' being destroyed
[2019.04.16-12.58.48:622][838]LogAssetEditorManager: Opening Asset editor for Blueprint /Game/SideScrollerBP/Blueprints/Custom_BPs/BlackWall_BP.BlackWall_BP
[2019.04.16-12.58.48:892][838]LogSlate: Took 0.000496 seconds to synchronously load lazily loaded font '../../../Engine/Content/Slate/Fonts/Roboto-BoldCondensed.ttf' (158K)
[2019.04.16-12.58.50:348][922]LogRenderer: Reallocating scene render targets to support 1128x716 Format 10 NumSamples 1 (Frame:1).
[2019.04.16-12.59.02:176][631]LogSlate: FSceneViewport::OnFocusLost() reason 0
[2019.04.16-12.59.02:343][641]LogSlate: Window 'BlackWall_BP' being destroyed
[2019.04.16-12.59.02:349][641]LogSlate: Window 'BlackWall_BP' being destroyed
[2019.04.16-12.59.14:394][360]LogAssetEditorManager: Opening Asset editor for Blueprint /Game/SideScrollerBP/Blueprints/Custom_BPs/BlackWall_Lenght1_BP.BlackWall_Lenght1_BP
[2019.04.16-12.59.16:065][445]LogSlate: Window 'BlackWall_Lenght1_BP' being destroyed
[2019.04.16-12.59.16:146][445]LogAssetEditorManager: Opening Asset editor for Blueprint /Game/SideScrollerBP/Blueprints/Custom_BPs/BlackWall_Lenght1_BP.BlackWall_Lenght1_BP
[2019.04.16-12.59.36:893][664]LogSlate: FSceneViewport::OnFocusLost() reason 0
[2019.04.16-12.59.37:026][672]BlueprintLog: New page: Compile BlackWall_Lenght1_BP
[2019.04.16-12.59.37:222][672]LogSavePackage: Moving '../../../../../../Games/Repository/IntermissionProject/MobileProject/Saved/BlackWall_Lenght1_BP07969A0746D8447A19EB4E9A4495E757.tmp' to '../../../../../../Games/Repository/IntermissionProject/MobileProject/Content/SideScrollerBP/Blueprints/Custom_BPs/BlackWall_Lenght1_BP.uasset'
[2019.04.16-12.59.43:598][ 52]LogAssetEditorManager: Opening Asset editor for Blueprint /Game/SideScrollerBP/Blueprints/Custom_BPs/Spawner_BP.Spawner_BP
[2019.04.16-12.59.43:912][ 53]LogSlate: Took 0.000197 seconds to synchronously load lazily loaded font '../../../Engine/Content/Slate/Fonts/Roboto-Italic.ttf' (157K)
[2019.04.16-12.59.46:407][202]LogSlate: Window 'Spawner_BP' being destroyed
[2019.04.16-12.59.46:411][202]LogSlate: Window 'Spawner_BP' being destroyed
[2019.04.16-12.59.46:472][202]LogActorComponent: UnregisterComponent: (/Engine/Transient.EditorFloorComp) Not registered. Aborting.
[2019.04.16-12.59.47:564][264]LogAssetEditorManager: Opening Asset editor for Blueprint /Game/SideScrollerBP/Blueprints/Custom_BPs/RedWall_Lenght1_BP.RedWall_Lenght1_BP
[2019.04.16-12.59.49:834][385]LogSlate: Window 'RedWall_Lenght1_BP' being destroyed
[2019.04.16-12.59.49:906][385]LogAssetEditorManager: Opening Asset editor for Blueprint /Game/SideScrollerBP/Blueprints/Custom_BPs/RedWall_Lenght1_BP.RedWall_Lenght1_BP
[2019.04.16-13.00.14:058][807]LogSlate: FSceneViewport::OnFocusLost() reason 0
[2019.04.16-13.00.14:173][814]BlueprintLog: New page: Compile RedWall_Lenght1_BP
[2019.04.16-13.00.14:347][814]LogSavePackage: Moving '../../../../../../Games/Repository/IntermissionProject/MobileProject/Saved/RedWall_Lenght1_BPD22A0BAC49C63A66BEB1729D58AF97A5.tmp' to '../../../../../../Games/Repository/IntermissionProject/MobileProject/Content/SideScrollerBP/Blueprints/Custom_BPs/RedWall_Lenght1_BP.uasset'
[2019.04.16-13.01.19:368][630]LogSlate: FSceneViewport::OnFocusLost() reason 0
[2019.04.16-13.01.59:335][ 12]LogSavePackage: Moving '../../../../../../Games/Repository/IntermissionProject/MobileProject/Saved/RedWall_Lenght1_BP2CB956594D4AF07A006A4389BE802784.tmp' to '../../../../../../Games/Repository/IntermissionProject/MobileProject/Content/SideScrollerBP/Blueprints/Custom_BPs/RedWall_Lenght1_BP.uasset'
[2019.04.16-13.02.04:961][281]LogSavePackage: Moving '../../../../../../Games/Repository/IntermissionProject/MobileProject/Saved/SideScrollerExampleMap3BA351C441181B36B7FC679CF63191BB.tmp' to '../../../../../../Games/Repository/IntermissionProject/MobileProject/Content/SideScrollerBP/Maps/SideScrollerExampleMap.umap'
[2019.04.16-13.02.05:179][281]LogSavePackage: Moving '../../../../../../Games/Repository/IntermissionProject/MobileProject/Saved/SideScrollerExampleMap_BuiltData17509E4D4CB0BA750C4114B8900BA5D5.tmp' to '../../../../../../Games/Repository/IntermissionProject/MobileProject/Content/SideScrollerBP/Maps/SideScrollerExampleMap_BuiltData.uasset'
[2019.04.16-13.02.52:548][846]LogEditorViewport: Clicking on Actor (LMB): SideScrollerCharacter_C (SideScrollerCharacter)
[2019.04.16-13.02.55:204][  0]LogSlate: FSceneViewport::OnFocusLost() reason 0
[2019.04.16-13.02.55:304][  6]LogTemp: Repeating last play command: Selected Viewport
[2019.04.16-13.02.55:326][  6]LogBlueprintUserMessages: Early PlayInEditor Detection: Level '/Game/SideScrollerBP/Maps/SideScrollerExampleMap.SideScrollerExampleMap:PersistentLevel' has LevelScriptBlueprint '/Game/SideScrollerBP/Maps/SideScrollerExampleMap.SideScrollerExampleMap:PersistentLevel.SideScrollerExampleMap' with GeneratedClass '/Game/SideScrollerBP/Maps/SideScrollerExampleMap.SideScrollerExampleMap_C' with ClassGeneratedBy '/Game/SideScrollerBP/Maps/SideScrollerExampleMap.SideScrollerExampleMap:PersistentLevel.SideScrollerExampleMap'
[2019.04.16-13.02.55:326][  6]LogPlayLevel: PlayLevel: No blueprints needed recompiling
[2019.04.16-13.02.55:326][  6]PIE: New page: PIE session: SideScrollerExampleMap (Apr 16, 2019, 5:02:55 PM)
[2019.04.16-13.02.55:326][  6]LogPlayLevel: Creating play world package: /Game/SideScrollerBP/Maps/UEDPIE_0_SideScrollerExampleMap
[2019.04.16-13.02.55:336][  6]LogPlayLevel: PIE: StaticDuplicateObject took: (0.010137s)
[2019.04.16-13.02.55:337][  6]LogAIModule: Creating AISystem for world SideScrollerExampleMap
[2019.04.16-13.02.55:337][  6]LogPlayLevel: PIE: World Init took: (0.000782s)
[2019.04.16-13.02.55:337][  6]LogPlayLevel: PIE: Created PIE world by copying editor world from /Game/SideScrollerBP/Maps/SideScrollerExampleMap.SideScrollerExampleMap to /Game/SideScrollerBP/Maps/UEDPIE_0_SideScrollerExampleMap.SideScrollerExampleMap (0.011057s)
[2019.04.16-13.02.55:397][  6]LogInit: XAudio2 using 'Speakers (Realtek(R) Audio)' : 2 channels at 48 kHz using 32 bits per sample (channel mask 0x3)
[2019.04.16-13.02.55:437][  6]LogInit: FAudioDevice initialized.
[2019.04.16-13.02.55:468][  6]LogLoad: Game class is 'SideScrollerGameMode_C'
[2019.04.16-13.02.55:470][  6]LogWorld: Bringing World /Game/SideScrollerBP/Maps/UEDPIE_0_SideScrollerExampleMap.SideScrollerExampleMap up for play (max tick rate 60) at 2019.04.16-15.02.55
[2019.04.16-13.02.55:470][  6]LogWorld: Bringing up level for play took: 0.000954
[2019.04.16-13.02.55:483][  6]PIE: Play in editor start time for /Game/SideScrollerBP/Maps/UEDPIE_0_SideScrollerExampleMap -0.43
[2019.04.16-13.02.55:483][  6]LogBlueprintUserMessages: Late PlayInEditor Detection: Level '/Game/SideScrollerBP/Maps/SideScrollerExampleMap.SideScrollerExampleMap:PersistentLevel' has LevelScriptBlueprint '/Game/SideScrollerBP/Maps/SideScrollerExampleMap.SideScrollerExampleMap:PersistentLevel.SideScrollerExampleMap' with GeneratedClass '/Game/SideScrollerBP/Maps/SideScrollerExampleMap.SideScrollerExampleMap_C' with ClassGeneratedBy '/Game/SideScrollerBP/Maps/SideScrollerExampleMap.SideScrollerExampleMap:PersistentLevel.SideScrollerExampleMap'
[2019.04.16-13.02.56:257][ 52]LogBlueprintUserMessages: [SideScrollerCharacter_78] oiii
[2019.04.16-13.02.56:273][ 53]LogBlueprintUserMessages: [SideScrollerCharacter_78] oiii
[2019.04.16-13.02.56:290][ 54]LogBlueprintUserMessages: [SideScrollerCharacter_78] oiii
[2019.04.16-13.02.56:307][ 55]LogBlueprintUserMessages: [SideScrollerCharacter_78] oiii
[2019.04.16-13.02.56:323][ 56]LogBlueprintUserMessages: [SideScrollerCharacter_78] oiii
[2019.04.16-13.02.56:340][ 57]LogBlueprintUserMessages: [SideScrollerCharacter_78] oiii
[2019.04.16-13.02.56:357][ 58]LogBlueprintUserMessages: [SideScrollerCharacter_78] oiii
[2019.04.16-13.02.56:373][ 59]LogBlueprintUserMessages: [SideScrollerCharacter_78] oiii
[2019.04.16-13.02.56:390][ 60]LogBlueprintUserMessages: [SideScrollerCharacter_78] oiii
[2019.04.16-13.02.56:407][ 61]LogBlueprintUserMessages: [SideScrollerCharacter_78] oiii
[2019.04.16-13.02.56:424][ 62]LogBlueprintUserMessages: [SideScrollerCharacter_78] oiii
[2019.04.16-13.02.56:440][ 63]LogBlueprintUserMessages: [SideScrollerCharacter_78] oiii
[2019.04.16-13.02.56:457][ 64]LogBlueprintUserMessages: [SideScrollerCharacter_78] oiii
[2019.04.16-13.02.56:474][ 65]LogBlueprintUserMessages: [SideScrollerCharacter_78] oiii
[2019.04.16-13.02.56:490][ 66]LogBlueprintUserMessages: [SideScrollerCharacter_78] oiii
[2019.04.16-13.02.56:508][ 67]LogBlueprintUserMessages: [SideScrollerCharacter_78] oiii
[2019.04.16-13.02.56:524][ 68]LogBlueprintUserMessages: [SideScrollerCharacter_78] oiii
[2019.04.16-13.02.56:540][ 69]LogBlueprintUserMessages: [SideScrollerCharacter_78] oiii
[2019.04.16-13.02.56:558][ 70]LogBlueprintUserMessages: [SideScrollerCharacter_78] oiii
[2019.04.16-13.02.56:574][ 71]LogBlueprintUserMessages: [SideScrollerCharacter_78] oiii
[2019.04.16-13.02.56:590][ 72]LogBlueprintUserMessages: [SideScrollerCharacter_78] oiii
[2019.04.16-13.02.56:607][ 73]LogBlueprintUserMessages: [SideScrollerCharacter_78] oiii
[2019.04.16-13.02.56:624][ 74]LogBlueprintUserMessages: [SideScrollerCharacter_78] oiii
[2019.04.16-13.02.56:641][ 75]LogBlueprintUserMessages: [SideScrollerCharacter_78] oiii
[2019.04.16-13.02.56:657][ 76]LogBlueprintUserMessages: [SideScrollerCharacter_78] oiii
[2019.04.16-13.02.56:674][ 77]LogBlueprintUserMessages: [SideScrollerCharacter_78] oiii
[2019.04.16-13.02.56:691][ 78]LogBlueprintUserMessages: [SideScrollerCharacter_78] oiii
[2019.04.16-13.02.56:707][ 79]LogBlueprintUserMessages: [SideScrollerCharacter_78] oiii
[2019.04.16-13.02.56:724][ 80]LogBlueprintUserMessages: [SideScrollerCharacter_78] oiii
[2019.04.16-13.02.56:741][ 81]LogBlueprintUserMessages: [SideScrollerCharacter_78] oiii
[2019.04.16-13.02.56:757][ 82]LogBlueprintUserMessages: [SideScrollerCharacter_78] oiii
[2019.04.16-13.02.56:774][ 83]LogBlueprintUserMessages: [SideScrollerCharacter_78] oiii
[2019.04.16-13.02.56:791][ 84]LogBlueprintUserMessages: [SideScrollerCharacter_78] oiii
[2019.04.16-13.02.56:808][ 85]LogBlueprintUserMessages: [SideScrollerCharacter_78] oiii
[2019.04.16-13.02.56:824][ 86]LogBlueprintUserMessages: [SideScrollerCharacter_78] oiii
[2019.04.16-13.02.56:841][ 87]LogBlueprintUserMessages: [SideScrollerCharacter_78] oiii
[2019.04.16-13.02.56:858][ 88]LogBlueprintUserMessages: [SideScrollerCharacter_78] oiii
[2019.04.16-13.02.56:873][ 89]LogBlueprintUserMessages: [SideScrollerCharacter_78] oiii
[2019.04.16-13.02.56:890][ 90]LogBlueprintUserMessages: [SideScrollerCharacter_78] oiii
[2019.04.16-13.02.56:907][ 91]LogBlueprintUserMessages: [SideScrollerCharacter_78] oiii
[2019.04.16-13.02.56:923][ 92]LogBlueprintUserMessages: [SideScrollerCharacter_78] oiii
[2019.04.16-13.02.56:940][ 93]LogBlueprintUserMessages: [SideScrollerCharacter_78] oiii
[2019.04.16-13.02.56:957][ 94]LogBlueprintUserMessages: [SideScrollerCharacter_78] oiii
[2019.04.16-13.02.56:974][ 95]LogBlueprintUserMessages: [SideScrollerCharacter_78] oiii
[2019.04.16-13.02.56:990][ 96]LogBlueprintUserMessages: [SideScrollerCharacter_78] oiii
[2019.04.16-13.02.57:007][ 97]LogBlueprintUserMessages: [SideScrollerCharacter_78] oiii
[2019.04.16-13.02.57:024][ 98]LogBlueprintUserMessages: [SideScrollerCharacter_78] oiii
[2019.04.16-13.02.57:040][ 99]LogBlueprintUserMessages: [SideScrollerCharacter_78] oiii
[2019.04.16-13.02.57:057][100]LogBlueprintUserMessages: [SideScrollerCharacter_78] oiii
[2019.04.16-13.02.57:074][101]LogBlueprintUserMessages: [SideScrollerCharacter_78] oiii
[2019.04.16-13.02.57:090][102]LogBlueprintUserMessages: [SideScrollerCharacter_78] oiii
[2019.04.16-13.02.57:107][103]LogBlueprintUserMessages: [SideScrollerCharacter_78] oiii
[2019.04.16-13.02.57:124][104]LogBlueprintUserMessages: [SideScrollerCharacter_78] oiii
[2019.04.16-13.02.57:141][105]LogBlueprintUserMessages: [SideScrollerCharacter_78] oiii
[2019.04.16-13.02.57:157][106]LogBlueprintUserMessages: [SideScrollerCharacter_78] oiii
[2019.04.16-13.02.57:174][107]LogBlueprintUserMessages: [SideScrollerCharacter_78] oiii
[2019.04.16-13.02.57:191][108]LogBlueprintUserMessages: [SideScrollerCharacter_78] oiii
[2019.04.16-13.02.57:207][109]LogBlueprintUserMessages: [SideScrollerCharacter_78] oiii
[2019.04.16-13.02.57:224][110]LogBlueprintUserMessages: [SideScrollerCharacter_78] oiii
[2019.04.16-13.02.57:241][111]LogBlueprintUserMessages: [SideScrollerCharacter_78] oiii
[2019.04.16-13.02.57:324][116]LogBlueprintUserMessages: [SideScrollerCharacter_78] oiii
[2019.04.16-13.02.57:524][128]LogBlueprintUserMessages: [SideScrollerCharacter_78] oiii
[2019.04.16-13.02.57:807][145]LogBlueprintUserMessages: [SideScrollerCharacter_78] oiii
[2019.04.16-13.02.58:224][170]LogBlueprintUserMessages: Early EndPlayMap Detection: Level '/Game/SideScrollerBP/Maps/SideScrollerExampleMap.SideScrollerExampleMap:PersistentLevel' has LevelScriptBlueprint '/Game/SideScrollerBP/Maps/SideScrollerExampleMap.SideScrollerExampleMap:PersistentLevel.SideScrollerExampleMap' with GeneratedClass '/Game/SideScrollerBP/Maps/SideScrollerExampleMap.SideScrollerExampleMap_C' with ClassGeneratedBy '/Game/SideScrollerBP/Maps/SideScrollerExampleMap.SideScrollerExampleMap:PersistentLevel.SideScrollerExampleMap'
[2019.04.16-13.02.58:225][170]LogSlate: Updating window title bar state: overlay mode, drag disabled, window buttons hidden, title bar hidden
[2019.04.16-13.02.58:260][170]LogPlayLevel: Display: Shutting down PIE online subsystems
[2019.04.16-13.02.58:260][170]LogBlueprintUserMessages: Late EndPlayMap Detection: Level '/Game/SideScrollerBP/Maps/SideScrollerExampleMap.SideScrollerExampleMap:PersistentLevel' has LevelScriptBlueprint '/Game/SideScrollerBP/Maps/SideScrollerExampleMap.SideScrollerExampleMap:PersistentLevel.SideScrollerExampleMap' with GeneratedClass '/Game/SideScrollerBP/Maps/SideScrollerExampleMap.SideScrollerExampleMap_C' with ClassGeneratedBy '/Game/SideScrollerBP/Maps/SideScrollerExampleMap.SideScrollerExampleMap:PersistentLevel.SideScrollerExampleMap'
[2019.04.16-13.02.58:289][170]LogSlate: Updating window title bar state: overlay mode, drag disabled, window buttons hidden, title bar hidden
[2019.04.16-13.02.58:340][173]LogPlayLevel: Display: Destroying online subsystem :Context_15
[2019.04.16-13.02.59:423][238]LogEditorViewport: Clicking on Actor (LMB): Spawner_BP_C (Spawner_BP)
[2019.04.16-13.03.00:971][330]LogSlate: FSceneViewport::OnFocusLost() reason 0
[2019.04.16-13.03.01:128][339]LogAssetEditorManager: Opening Asset editor for Blueprint /Game/SideScrollerBP/Blueprints/Custom_BPs/Spawner_BP.Spawner_BP
[2019.04.16-13.03.22:024][571]LogSlate: FSceneViewport::OnFocusLost() reason 0
[2019.04.16-13.03.31:206][120]LogSlate: FSceneViewport::OnFocusLost() reason 0
[2019.04.16-13.03.45:431][972]BlueprintLog: New page: Compile RedWall_Lenght1_BP
[2019.04.16-13.03.45:591][972]LogSavePackage: Moving '../../../../../../Games/Repository/IntermissionProject/MobileProject/Saved/RedWall_Lenght1_BPB2A3871C436830D0F012009674B40241.tmp' to '../../../../../../Games/Repository/IntermissionProject/MobileProject/Content/SideScrollerBP/Blueprints/Custom_BPs/RedWall_Lenght1_BP.uasset'
[2019.04.16-13.03.50:976][294]LogTemp: Repeating last play command: Selected Viewport
[2019.04.16-13.03.50:992][294]LogBlueprintUserMessages: Early PlayInEditor Detection: Level '/Game/SideScrollerBP/Maps/SideScrollerExampleMap.SideScrollerExampleMap:PersistentLevel' has LevelScriptBlueprint '/Game/SideScrollerBP/Maps/SideScrollerExampleMap.SideScrollerExampleMap:PersistentLevel.SideScrollerExampleMap' with GeneratedClass '/Game/SideScrollerBP/Maps/SideScrollerExampleMap.SideScrollerExampleMap_C' with ClassGeneratedBy '/Game/SideScrollerBP/Maps/SideScrollerExampleMap.SideScrollerExampleMap:PersistentLevel.SideScrollerExampleMap'
[2019.04.16-13.03.50:992][294]LogPlayLevel: PlayLevel: No blueprints needed recompiling
[2019.04.16-13.03.50:992][294]PIE: New page: PIE session: SideScrollerExampleMap (Apr 16, 2019, 5:03:50 PM)
[2019.04.16-13.03.50:992][294]LogPlayLevel: Creating play world package: /Game/SideScrollerBP/Maps/UEDPIE_0_SideScrollerExampleMap
[2019.04.16-13.03.51:002][294]LogPlayLevel: PIE: StaticDuplicateObject took: (0.009764s)
[2019.04.16-13.03.51:003][294]LogAIModule: Creating AISystem for world SideScrollerExampleMap
[2019.04.16-13.03.51:003][294]LogPlayLevel: PIE: World Init took: (0.000585s)
[2019.04.16-13.03.51:003][294]LogPlayLevel: PIE: Created PIE world by copying editor world from /Game/SideScrollerBP/Maps/SideScrollerExampleMap.SideScrollerExampleMap to /Game/SideScrollerBP/Maps/UEDPIE_0_SideScrollerExampleMap.SideScrollerExampleMap (0.010536s)
[2019.04.16-13.03.51:035][294]LogInit: XAudio2 using 'Speakers (Realtek(R) Audio)' : 2 channels at 48 kHz using 32 bits per sample (channel mask 0x3)
[2019.04.16-13.03.51:075][294]LogInit: FAudioDevice initialized.
[2019.04.16-13.03.51:102][294]LogLoad: Game class is 'SideScrollerGameMode_C'
[2019.04.16-13.03.51:104][294]LogWorld: Bringing World /Game/SideScrollerBP/Maps/UEDPIE_0_SideScrollerExampleMap.SideScrollerExampleMap up for play (max tick rate 60) at 2019.04.16-15.03.51
[2019.04.16-13.03.51:104][294]LogWorld: Bringing up level for play took: 0.000873
[2019.04.16-13.03.51:117][294]PIE: Play in editor start time for /Game/SideScrollerBP/Maps/UEDPIE_0_SideScrollerExampleMap -0.796
[2019.04.16-13.03.51:117][294]LogBlueprintUserMessages: Late PlayInEditor Detection: Level '/Game/SideScrollerBP/Maps/SideScrollerExampleMap.SideScrollerExampleMap:PersistentLevel' has LevelScriptBlueprint '/Game/SideScrollerBP/Maps/SideScrollerExampleMap.SideScrollerExampleMap:PersistentLevel.SideScrollerExampleMap' with GeneratedClass '/Game/SideScrollerBP/Maps/SideScrollerExampleMap.SideScrollerExampleMap_C' with ClassGeneratedBy '/Game/SideScrollerBP/Maps/SideScrollerExampleMap.SideScrollerExampleMap:PersistentLevel.SideScrollerExampleMap'
[2019.04.16-13.03.53:993][466]LogBlueprintUserMessages: Early EndPlayMap Detection: Level '/Game/SideScrollerBP/Maps/SideScrollerExampleMap.SideScrollerExampleMap:PersistentLevel' has LevelScriptBlueprint '/Game/SideScrollerBP/Maps/SideScrollerExampleMap.SideScrollerExampleMap:PersistentLevel.SideScrollerExampleMap' with GeneratedClass '/Game/SideScrollerBP/Maps/SideScrollerExampleMap.SideScrollerExampleMap_C' with ClassGeneratedBy '/Game/SideScrollerBP/Maps/SideScrollerExampleMap.SideScrollerExampleMap:PersistentLevel.SideScrollerExampleMap'
[2019.04.16-13.03.53:993][466]LogSlate: Updating window title bar state: overlay mode, drag disabled, window buttons hidden, title bar hidden
[2019.04.16-13.03.54:030][466]LogPlayLevel: Display: Shutting down PIE online subsystems
[2019.04.16-13.03.54:030][466]LogBlueprintUserMessages: Late EndPlayMap Detection: Level '/Game/SideScrollerBP/Maps/SideScrollerExampleMap.SideScrollerExampleMap:PersistentLevel' has LevelScriptBlueprint '/Game/SideScrollerBP/Maps/SideScrollerExampleMap.SideScrollerExampleMap:PersistentLevel.SideScrollerExampleMap' with GeneratedClass '/Game/SideScrollerBP/Maps/SideScrollerExampleMap.SideScrollerExampleMap_C' with ClassGeneratedBy '/Game/SideScrollerBP/Maps/SideScrollerExampleMap.SideScrollerExampleMap:PersistentLevel.SideScrollerExampleMap'
[2019.04.16-13.03.54:059][466]LogSlate: Updating window title bar state: overlay mode, drag disabled, window buttons hidden, title bar hidden
[2019.04.16-13.03.54:093][468]LogPlayLevel: Display: Destroying online subsystem :Context_17
[2019.04.16-13.03.54:644][501]LogSlate: FSceneViewport::OnFocusLost() reason 0
[2019.04.16-13.03.54:905][506]LogSavePackage: Moving '../../../../../../Games/Repository/IntermissionProject/MobileProject/Saved/SideScrollerExampleMapA6047FEA406684C61261C68675FAB244.tmp' to '../../../../../../Games/Repository/IntermissionProject/MobileProject/Content/SideScrollerBP/Maps/SideScrollerExampleMap.umap'
[2019.04.16-13.03.55:049][506]LogSavePackage: Moving '../../../../../../Games/Repository/IntermissionProject/MobileProject/Saved/SideScrollerExampleMap_BuiltData60E342DC4932A6F0F77CADA2624A2FF4.tmp' to '../../../../../../Games/Repository/IntermissionProject/MobileProject/Content/SideScrollerBP/Maps/SideScrollerExampleMap_BuiltData.uasset'
