Log file open, 04/16/19 14:04:43
LogWindows: Failed to load 'aqProf.dll' (GetLastError=126)
LogWindows: File 'aqProf.dll' does not exist
LogWindows: Failed to load 'VtuneApi.dll' (GetLastError=126)
LogWindows: File 'VtuneApi.dll' does not exist
LogWindows: Failed to load 'VtuneApi32e.dll' (GetLastError=126)
LogWindows: File 'VtuneApi32e.dll' does not exist
LogConsoleResponse: Display: Failed to find resolution value strings in scalability ini. Falling back to default.
LogInit: Display: Running engine for game: MobileProject
LogPakFile: Registered encryption key '00000000000000000000000000000000': 0 pak files mounted, 0 remain pending
LogPlatformFile: Not using cached read wrapper
LogTaskGraph: Started task graph with 5 named threads and 35 total threads with 3 sets of task threads.
LogStats: Stats thread started at 0.406887
LogD3D11RHI: Loaded GFSDK_Aftermath_Lib.x64.dll
LogICUInternationalization: ICU TimeZone Detection - Raw Offset: +1:00, Platform Override: ''
LogPluginManager: Mounting plugin Paper2D
LogPluginManager: Mounting plugin AISupport
LogPluginManager: Mounting plugin LightPropagationVolume
LogPluginManager: Mounting plugin ActorLayerUtilities
LogPluginManager: Mounting plugin CLionSourceCodeAccess
LogPluginManager: Mounting plugin CodeLiteSourceCodeAccess
LogPluginManager: Mounting plugin GitSourceControl
LogPluginManager: Mounting plugin KDevelopSourceCodeAccess
LogPluginManager: Mounting plugin NullSourceCodeAccess
LogPluginManager: Mounting plugin PerforceSourceControl
LogPluginManager: Mounting plugin SubversionSourceControl
LogPluginManager: Mounting plugin UObjectPlugin
LogPluginManager: Mounting plugin VisualStudioCodeSourceCodeAccess
LogPluginManager: Mounting plugin VisualStudioSourceCodeAccess
LogPluginManager: Mounting plugin XCodeSourceCodeAccess
LogPluginManager: Mounting plugin AssetManagerEditor
LogPluginManager: Mounting plugin CryptoKeys
LogPluginManager: Mounting plugin DataValidation
LogPluginManager: Mounting plugin FacialAnimation
LogPluginManager: Mounting plugin GameplayTagsEditor
LogPluginManager: Mounting plugin MacGraphicsSwitching
LogPluginManager: Mounting plugin MeshEditor
LogPluginManager: Mounting plugin MobileLauncherProfileWizard
LogPluginManager: Mounting plugin PluginBrowser
LogPluginManager: Mounting plugin SpeedTreeImporter
LogPluginManager: Mounting plugin DatasmithContent
LogPluginManager: Mounting plugin VariantManagerContent
LogPluginManager: Mounting plugin AlembicImporter
LogPluginManager: Mounting plugin AppleImageUtils
LogPluginManager: Mounting plugin AppleVision
LogPluginManager: Mounting plugin BackChannel
LogPluginManager: Mounting plugin CharacterAI
LogPluginManager: Mounting plugin GeometryCache
LogPluginManager: Mounting plugin HTML5Networking
LogPluginManager: Mounting plugin ProxyLODPlugin
LogPluginManager: Mounting plugin MagicLeap
LogPluginManager: Mounting plugin MagicLeapMedia
LogPluginManager: Mounting plugin AndroidMedia
LogPluginManager: Mounting plugin AvfMedia
LogPluginManager: Mounting plugin ImgMedia
LogPluginManager: Mounting plugin LinearTimecode
LogPluginManager: Mounting plugin MediaCompositing
LogPluginManager: Mounting plugin MediaPlayerEditor
LogPluginManager: Mounting plugin WebMMedia
LogPluginManager: Mounting plugin WmfMedia
LogPluginManager: Mounting plugin TcpMessaging
LogPluginManager: Mounting plugin UdpMessaging
LogPluginManager: Mounting plugin ActorSequence
LogPluginManager: Mounting plugin LevelSequenceEditor
LogPluginManager: Mounting plugin MatineeToLevelSequence
LogPluginManager: Mounting plugin NetcodeUnitTest
LogPluginManager: Mounting plugin NUTUnrealEngine4
LogPluginManager: Mounting plugin OnlineSubsystemGooglePlay
LogPluginManager: Mounting plugin OnlineSubsystemIOS
LogPluginManager: Mounting plugin OnlineSubsystem
LogPluginManager: Mounting plugin OnlineSubsystemNull
LogPluginManager: Mounting plugin OnlineSubsystemUtils
LogPluginManager: Mounting plugin LauncherChunkInstaller
LogPluginManager: Mounting plugin AndroidDeviceProfileSelector
LogPluginManager: Mounting plugin AndroidMoviePlayer
LogPluginManager: Mounting plugin AndroidPermission
LogPluginManager: Mounting plugin AppleMoviePlayer
LogPluginManager: Mounting plugin ArchVisCharacter
LogPluginManager: Mounting plugin AudioCapture
LogPluginManager: Mounting plugin CableComponent
LogPluginManager: Mounting plugin CustomMeshComponent
LogPluginManager: Mounting plugin EditableMesh
LogPluginManager: Mounting plugin ExampleDeviceProfileSelector
LogPluginManager: Mounting plugin Firebase
LogPluginManager: Mounting plugin GoogleCloudMessaging
LogPluginManager: Mounting plugin IOSDeviceProfileSelector
LogPluginManager: Mounting plugin LinuxDeviceProfileSelector
LogPluginManager: Mounting plugin LocationServicesBPLibrary
LogPluginManager: Mounting plugin MobilePatchingUtils
LogPluginManager: Mounting plugin OculusVR
LogPluginManager: Mounting plugin PhysXVehicles
LogPluginManager: Mounting plugin ProceduralMeshComponent
LogPluginManager: Mounting plugin RuntimePhysXCooking
LogPluginManager: Mounting plugin SteamVR
LogPluginManager: Mounting plugin WebMMoviePlayer
LogPluginManager: Mounting plugin WindowsMoviePlayer
LogStreaming: Display: Took  0.083s to configure plugins.
LogInit: Using libcurl 7.55.1-DEV
LogInit:  - built for x86_64-pc-win32
LogInit:  - supports SSL with OpenSSL/1.0.2h
LogInit:  - supports HTTP deflate (compression) using libz 1.2.8
LogInit:  - other features:
LogInit:      CURL_VERSION_SSL
LogInit:      CURL_VERSION_LIBZ
LogInit:      CURL_VERSION_IPV6
LogInit:      CURL_VERSION_ASYNCHDNS
LogInit:      CURL_VERSION_LARGEFILE
LogInit:      CURL_VERSION_IDN
LogInit:  CurlRequestOptions (configurable via config and command line):
LogInit:  - bVerifyPeer = true  - Libcurl will verify peer certificate
LogInit:  - bUseHttpProxy = false  - Libcurl will NOT use HTTP proxy
LogInit:  - bDontReuseConnections = false  - Libcurl will reuse connections
LogInit:  - MaxHostConnections = 16  - Libcurl will limit the number of connections to a host
LogInit:  - LocalHostAddr = Default
LogInit:  - BufferSize = 65536
LogInit: WinSock: version 1.1 (2.2), MaxSocks=32767, MaxUdp=65467
LogInit: Build: ++UE4+Release-4.21-CL-4753647
LogInit: Engine Version: 4.21.2-4753647+++UE4+Release-4.21
LogInit: Compatible Engine Version: 4.21.0-4541578+++UE4+Release-4.21
LogInit: Net CL: 4541578
LogInit: OS: Windows 10 (), CPU: Intel(R) Core(TM) i7-8750H CPU @ 2.20GHz, GPU: Intel(R) UHD Graphics 630
LogInit: Compiled (64-bit): Jan 19 2019 02:07:31
LogInit: Compiled with Visual C++: 19.13.26129.00
LogInit: Build Configuration: Development
LogInit: Branch Name: ++UE4+Release-4.21
LogInit: Command Line: 
LogInit: Base Directory: E:/Program Files (x86)/UE4/UE_4.21/Engine/Binaries/Win64/
LogInit: Installed Engine Build: 1
LogDevObjectVersion: Number of dev versions registered: 22
LogDevObjectVersion:   Dev-Blueprints (B0D832E4-1F89-4F0D-ACCF-7EB736FD4AA2): 10
LogDevObjectVersion:   Dev-Build (E1C64328-A22C-4D53-A36C-8E866417BD8C): 0
LogDevObjectVersion:   Dev-Core (375EC13C-06E4-48FB-B500-84F0262A717E): 2
LogDevObjectVersion:   Dev-Editor (E4B068ED-F494-42E9-A231-DA0B2E46BB41): 26
LogDevObjectVersion:   Dev-Framework (CFFC743F-43B0-4480-9391-14DF171D2073): 34
LogDevObjectVersion:   Dev-Mobile (B02B49B5-BB20-44E9-A304-32B752E40360): 2
LogDevObjectVersion:   Dev-Networking (A4E4105C-59A1-49B5-A7C5-40C4547EDFEE): 0
LogDevObjectVersion:   Dev-Online (39C831C9-5AE6-47DC-9A44-9C173E1C8E7C): 0
LogDevObjectVersion:   Dev-Physics (78F01B33-EBEA-4F98-B9B4-84EACCB95AA2): 0
LogDevObjectVersion:   Dev-Platform (6631380F-2D4D-43E0-8009-CF276956A95A): 0
LogDevObjectVersion:   Dev-Rendering (12F88B9F-8875-4AFC-A67C-D90C383ABD29): 27
LogDevObjectVersion:   Dev-Sequencer (7B5AE74C-D270-4C10-A958-57980B212A5A): 9
LogDevObjectVersion:   Dev-VR (D7296918-1DD6-4BDD-9DE2-64A83CC13884): 2
LogDevObjectVersion:   Dev-LoadTimes (C2A15278-BFE7-4AFE-6C17-90FF531DF755): 1
LogDevObjectVersion:   Private-Geometry (6EACA3D4-40EC-4CC1-B786-8BED09428FC5): 3
LogDevObjectVersion:   Dev-AnimPhys (29E575DD-E0A3-4627-9D10-D276232CDCEA): 17
LogDevObjectVersion:   Dev-Anim (AF43A65D-7FD3-4947-9873-3E8ED9C1BB05): 2
LogDevObjectVersion:   Dev-ReflectionCapture (6B266CEC-1EC7-4B8F-A30B-E4D90942FC07): 1
LogDevObjectVersion:   Dev-Automation (0DF73D61-A23F-47EA-B727-89E90C41499A): 1
LogDevObjectVersion:   FortniteMain (601D1886-AC64-4F84-AA16-D3DE0DEAC7D6): 17
LogDevObjectVersion:   Dev-Enterprise (9DFFBCD6-494F-0158-E221-12823C92A888): 4
LogDevObjectVersion:   Dev-Niagara (F2AED0AC-9AFE-416F-8664-AA7FFA26D6FC): 1
LogStreaming: Display: Took  0.001s to delete old logs.
LogInit: Presizing for max 8388607 objects, including 0 objects not considered by GC, pre-allocating 0 bytes for permanent pool.
LogInit: Object subsystem initialized
LogConfig: Setting CVar [[con.DebugEarlyDefault:1]]
LogConfig: Setting CVar [[r.setres:1280x720]]
[2019.04.16-12.04.43:437][  0]LogConfig: Setting CVar [[r.VSync:0]]
[2019.04.16-12.04.43:437][  0]LogConfig: Setting CVar [[r.RHICmdBypass:0]]
[2019.04.16-12.04.43:437][  0]LogConfig: Applying CVar settings from Section [/Script/Engine.RendererSettings] File [E:/Games/Repository/IntermissionProject/MobileProject/Saved/Config/Windows/Engine.ini]
[2019.04.16-12.04.43:437][  0]LogConfig: Setting CVar [[r.GPUCrashDebugging:0]]
[2019.04.16-12.04.43:437][  0]LogConfig: Setting CVar [[r.MobileHDR:0]]
[2019.04.16-12.04.43:437][  0]LogConfig: Setting CVar [[r.Mobile.DisableVertexFog:1]]
[2019.04.16-12.04.43:437][  0]LogConfig: Setting CVar [[r.Shadow.CSM.MaxMobileCascades:2]]
[2019.04.16-12.04.43:437][  0]LogConfig: Setting CVar [[r.MobileMSAA:1]]
[2019.04.16-12.04.43:437][  0]LogConfig: Setting CVar [[r.Mobile.UseLegacyShadingModel:0]]
[2019.04.16-12.04.43:437][  0]LogConfig: Setting CVar [[r.Mobile.AllowDitheredLODTransition:0]]
[2019.04.16-12.04.43:437][  0]LogConfig: Setting CVar [[r.Mobile.AllowSoftwareOcclusion:0]]
[2019.04.16-12.04.43:437][  0]LogConfig: Setting CVar [[r.DiscardUnusedQuality:0]]
[2019.04.16-12.04.43:437][  0]LogConfig: Setting CVar [[r.AllowOcclusionQueries:1]]
[2019.04.16-12.04.43:437][  0]LogConfig: Setting CVar [[r.MinScreenRadiusForLights:0.030000]]
[2019.04.16-12.04.43:437][  0]LogConfig: Setting CVar [[r.MinScreenRadiusForDepthPrepass:0.030000]]
[2019.04.16-12.04.43:437][  0]LogConfig: Setting CVar [[r.MinScreenRadiusForCSMDepth:0.010000]]
[2019.04.16-12.04.43:437][  0]LogConfig: Setting CVar [[r.PrecomputedVisibilityWarning:0]]
[2019.04.16-12.04.43:437][  0]LogConfig: Setting CVar [[r.TextureStreaming:1]]
[2019.04.16-12.04.43:437][  0]LogConfig: Setting CVar [[Compat.UseDXT5NormalMaps:0]]
[2019.04.16-12.04.43:437][  0]LogConfig: Setting CVar [[r.ClearCoatNormal:0]]
[2019.04.16-12.04.43:437][  0]LogConfig: Setting CVar [[r.ReflectionCaptureResolution:128]]
[2019.04.16-12.04.43:437][  0]LogConfig: Setting CVar [[r.ReflectionEnvironmentLightmapMixBasedOnRoughness:1]]
[2019.04.16-12.04.43:437][  0]LogConfig: Setting CVar [[r.ForwardShading:0]]
[2019.04.16-12.04.43:437][  0]LogConfig: Setting CVar [[r.VertexFoggingForOpaque:1]]
[2019.04.16-12.04.43:437][  0]LogConfig: Setting CVar [[r.AllowStaticLighting:1]]
[2019.04.16-12.04.43:437][  0]LogConfig: Setting CVar [[r.NormalMapsForStaticLighting:0]]
[2019.04.16-12.04.43:437][  0]LogConfig: Setting CVar [[r.GenerateMeshDistanceFields:0]]
[2019.04.16-12.04.43:437][  0]LogConfig: Setting CVar [[r.DistanceFieldBuild.EightBit:0]]
[2019.04.16-12.04.43:437][  0]LogConfig: Setting CVar [[r.GenerateLandscapeGIData:0]]
[2019.04.16-12.04.43:437][  0]LogConfig: Setting CVar [[r.DistanceFieldBuild.Compress:0]]
[2019.04.16-12.04.43:437][  0]LogConfig: Setting CVar [[r.TessellationAdaptivePixelsPerTriangle:48.000000]]
[2019.04.16-12.04.43:437][  0]LogConfig: Setting CVar [[r.SeparateTranslucency:0]]
[2019.04.16-12.04.43:437][  0]LogConfig: Setting CVar [[r.TranslucentSortPolicy:0]]
[2019.04.16-12.04.43:437][  0]LogConfig: Setting CVar [[r.CustomDepth:1]]
[2019.04.16-12.04.43:438][  0]LogConfig: Setting CVar [[r.CustomDepthTemporalAAJitter:1]]
[2019.04.16-12.04.43:438][  0]LogConfig: Setting CVar [[r.PostProcessing.PropagateAlpha:0]]
[2019.04.16-12.04.43:438][  0]LogConfig: Setting CVar [[r.DOF.Algorithm:1]]
[2019.04.16-12.04.43:438][  0]LogConfig: Setting CVar [[r.DefaultFeature.Bloom:0]]
[2019.04.16-12.04.43:438][  0]LogConfig: Setting CVar [[r.DefaultFeature.AmbientOcclusion:0]]
[2019.04.16-12.04.43:438][  0]LogConfig: Setting CVar [[r.DefaultFeature.AmbientOcclusionStaticFraction:1]]
[2019.04.16-12.04.43:438][  0]LogConfig: Setting CVar [[r.DefaultFeature.AutoExposure:0]]
[2019.04.16-12.04.43:438][  0]LogConfig: Setting CVar [[r.DefaultFeature.AutoExposure.Method:0]]
[2019.04.16-12.04.43:438][  0]LogConfig: Setting CVar [[r.DefaultFeature.AutoExposure.ExtendDefaultLuminanceRange:0]]
[2019.04.16-12.04.43:438][  0]LogConfig: Setting CVar [[r.UsePreExposure:0]]
[2019.04.16-12.04.43:438][  0]LogConfig: Setting CVar [[r.DefaultFeature.MotionBlur:0]]
[2019.04.16-12.04.43:438][  0]LogConfig: Setting CVar [[r.DefaultFeature.LensFlare:0]]
[2019.04.16-12.04.43:438][  0]LogConfig: Setting CVar [[r.TemporalAA.Upsampling:0]]
[2019.04.16-12.04.43:438][  0]LogConfig: Setting CVar [[r.DefaultFeature.AntiAliasing:0]]
[2019.04.16-12.04.43:438][  0]LogConfig: Setting CVar [[r.DefaultFeature.LightUnits:1]]
[2019.04.16-12.04.43:438][  0]LogConfig: Setting CVar [[r.DefaultBackBufferPixelFormat:4]]
[2019.04.16-12.04.43:438][  0]LogConfig: Setting CVar [[r.Shadow.UnbuiltPreviewInGame:1]]
[2019.04.16-12.04.43:438][  0]LogConfig: Setting CVar [[r.StencilForLODDither:0]]
[2019.04.16-12.04.43:438][  0]LogConfig: Setting CVar [[r.EarlyZPass:3]]
[2019.04.16-12.04.43:438][  0]LogConfig: Setting CVar [[r.EarlyZPassMovable:1]]
[2019.04.16-12.04.43:438][  0]LogConfig: Setting CVar [[r.EarlyZPassOnlyMaterialMasking:0]]
[2019.04.16-12.04.43:438][  0]LogConfig: Setting CVar [[r.DBuffer:1]]
[2019.04.16-12.04.43:438][  0]LogConfig: Setting CVar [[r.ClearSceneMethod:1]]
[2019.04.16-12.04.43:438][  0]LogConfig: Setting CVar [[r.BasePassOutputsVelocity:0]]
[2019.04.16-12.04.43:438][  0]LogConfig: Setting CVar [[r.SelectiveBasePassOutputs:0]]
[2019.04.16-12.04.43:438][  0]LogConfig: Setting CVar [[fx.GPUSimulationTextureSizeX:1024]]
[2019.04.16-12.04.43:438][  0]LogConfig: Setting CVar [[fx.GPUSimulationTextureSizeY:1024]]
[2019.04.16-12.04.43:438][  0]LogConfig: Setting CVar [[r.AllowGlobalClipPlane:0]]
[2019.04.16-12.04.43:438][  0]LogConfig: Setting CVar [[r.GBufferFormat:1]]
[2019.04.16-12.04.43:438][  0]LogConfig: Setting CVar [[r.MorphTarget.Mode:1]]
[2019.04.16-12.04.43:438][  0]LogConfig: Setting CVar [[vr.InstancedStereo:0]]
[2019.04.16-12.04.43:438][  0]LogConfig: Setting CVar [[vr.MultiView:0]]
[2019.04.16-12.04.43:438][  0]LogConfig: Setting CVar [[vr.MobileMultiView:0]]
[2019.04.16-12.04.43:438][  0]LogConfig: Setting CVar [[vr.MobileMultiView.Direct:0]]
[2019.04.16-12.04.43:438][  0]LogConfig: Setting CVar [[vr.MonoscopicFarField:0]]
[2019.04.16-12.04.43:438][  0]LogConfig: Setting CVar [[vr.RoundRobinOcclusion:0]]
[2019.04.16-12.04.43:438][  0]LogConfig: Setting CVar [[vr.ODSCapture:0]]
[2019.04.16-12.04.43:438][  0]LogConfig: Setting CVar [[r.WireframeCullThreshold:5.000000]]
[2019.04.16-12.04.43:438][  0]LogConfig: Setting CVar [[r.SupportStationarySkylight:1]]
[2019.04.16-12.04.43:438][  0]LogConfig: Setting CVar [[r.SupportLowQualityLightmaps:1]]
[2019.04.16-12.04.43:438][  0]LogConfig: Setting CVar [[r.SupportPointLightWholeSceneShadows:1]]
[2019.04.16-12.04.43:438][  0]LogConfig: Setting CVar [[r.SupportAtmosphericFog:1]]
[2019.04.16-12.04.43:438][  0]LogConfig: Setting CVar [[r.SkinCache.CompileShaders:0]]
[2019.04.16-12.04.43:438][  0]LogConfig: Setting CVar [[r.Mobile.EnableStaticAndCSMShadowReceivers:1]]
[2019.04.16-12.04.43:438][  0]LogConfig: Setting CVar [[r.Mobile.EnableMovableLightCSMShaderCulling:1]]
[2019.04.16-12.04.43:438][  0]LogConfig: Setting CVar [[r.Mobile.AllowDistanceFieldShadows:1]]
[2019.04.16-12.04.43:438][  0]LogConfig: Setting CVar [[r.Mobile.AllowMovableDirectionalLights:1]]
[2019.04.16-12.04.43:438][  0]LogConfig: Setting CVar [[r.MobileNumDynamicPointLights:4]]
[2019.04.16-12.04.43:438][  0]LogConfig: Setting CVar [[r.MobileDynamicPointLightsUseStaticBranch:1]]
[2019.04.16-12.04.43:438][  0]LogConfig: Setting CVar [[r.SkinCache.SceneMemoryLimitInMB:128.000000]]
[2019.04.16-12.04.43:438][  0]LogConfig: Setting CVar [[r.GPUSkin.Limit2BoneInfluences:0]]
[2019.04.16-12.04.43:438][  0]LogConfig: Setting CVar [[r.SupportDepthOnlyIndexBuffers:1]]
[2019.04.16-12.04.43:438][  0]LogConfig: Setting CVar [[r.SupportReversedIndexBuffers:1]]
[2019.04.16-12.04.43:438][  0]LogConfig: Setting CVar [[r.SupportMaterialLayers:0]]
[2019.04.16-12.04.43:438][  0]LogConfig: Applying CVar settings from Section [/Script/Engine.RendererOverrideSettings] File [E:/Games/Repository/IntermissionProject/MobileProject/Saved/Config/Windows/Engine.ini]
[2019.04.16-12.04.43:438][  0]LogConfig: Applying CVar settings from Section [/Script/Engine.StreamingSettings] File [E:/Games/Repository/IntermissionProject/MobileProject/Saved/Config/Windows/Engine.ini]
[2019.04.16-12.04.43:438][  0]LogConfig: Setting CVar [[s.MinBulkDataSizeForAsyncLoading:131072]]
[2019.04.16-12.04.43:438][  0]LogConfig: Setting CVar [[s.AsyncLoadingThreadEnabled:0]]
[2019.04.16-12.04.43:438][  0]LogConfig: Setting CVar [[s.EventDrivenLoaderEnabled:1]]
[2019.04.16-12.04.43:438][  0]LogConfig: Setting CVar [[s.WarnIfTimeLimitExceeded:0]]
[2019.04.16-12.04.43:438][  0]LogConfig: Setting CVar [[s.TimeLimitExceededMultiplier:1.5]]
[2019.04.16-12.04.43:438][  0]LogConfig: Setting CVar [[s.TimeLimitExceededMinTime:0.005]]
[2019.04.16-12.04.43:438][  0]LogConfig: Setting CVar [[s.UseBackgroundLevelStreaming:1]]
[2019.04.16-12.04.43:438][  0]LogConfig: Setting CVar [[s.PriorityAsyncLoadingExtraTime:15.0]]
[2019.04.16-12.04.43:438][  0]LogConfig: Setting CVar [[s.LevelStreamingActorsUpdateTimeLimit:5.0]]
[2019.04.16-12.04.43:438][  0]LogConfig: Setting CVar [[s.PriorityLevelStreamingActorsUpdateExtraTime:5.0]]
[2019.04.16-12.04.43:438][  0]LogConfig: Setting CVar [[s.LevelStreamingComponentsRegistrationGranularity:10]]
[2019.04.16-12.04.43:438][  0]LogConfig: Setting CVar [[s.UnregisterComponentsTimeLimit:1.0]]
[2019.04.16-12.04.43:438][  0]LogConfig: Setting CVar [[s.LevelStreamingComponentsUnregistrationGranularity:5]]
[2019.04.16-12.04.43:438][  0]LogConfig: Applying CVar settings from Section [/Script/Engine.GarbageCollectionSettings] File [E:/Games/Repository/IntermissionProject/MobileProject/Saved/Config/Windows/Engine.ini]
[2019.04.16-12.04.43:438][  0]LogConfig: Setting CVar [[gc.MaxObjectsNotConsideredByGC:1]]
[2019.04.16-12.04.43:438][  0]LogConfig: Setting CVar [[gc.SizeOfPermanentObjectPool:0]]
[2019.04.16-12.04.43:438][  0]LogConfig: Setting CVar [[gc.FlushStreamingOnGC:0]]
[2019.04.16-12.04.43:438][  0]LogConfig: Setting CVar [[gc.NumRetriesBeforeForcingGC:10]]
[2019.04.16-12.04.43:438][  0]LogConfig: Setting CVar [[gc.AllowParallelGC:1]]
[2019.04.16-12.04.43:438][  0]LogConfig: Setting CVar [[gc.TimeBetweenPurgingPendingKillObjects:61.1]]
[2019.04.16-12.04.43:438][  0]LogConfig: Setting CVar [[gc.MaxObjectsInEditor:8388607]]
[2019.04.16-12.04.43:438][  0]LogConfig: Setting CVar [[gc.IncrementalBeginDestroyEnabled:1]]
[2019.04.16-12.04.43:438][  0]LogConfig: Setting CVar [[gc.CreateGCClusters:1]]
[2019.04.16-12.04.43:438][  0]LogConfig: Setting CVar [[gc.MergeGCClusters:0]]
[2019.04.16-12.04.43:438][  0]LogConfig: Setting CVar [[gc.MinGCClusterSize:5]]
[2019.04.16-12.04.43:438][  0]LogConfig: Setting CVar [[gc.ActorClusteringEnabled:0]]
[2019.04.16-12.04.43:438][  0]LogConfig: Setting CVar [[gc.BlueprintClusteringEnabled:0]]
[2019.04.16-12.04.43:438][  0]LogConfig: Setting CVar [[gc.UseDisregardForGCOnDedicatedServers:0]]
[2019.04.16-12.04.43:438][  0]LogConfig: Applying CVar settings from Section [/Script/Engine.NetworkSettings] File [E:/Games/Repository/IntermissionProject/MobileProject/Saved/Config/Windows/Engine.ini]
[2019.04.16-12.04.43:438][  0]LogConfig: Applying CVar settings from Section [/Script/UnrealEd.CookerSettings] File [E:/Games/Repository/IntermissionProject/MobileProject/Saved/Config/Windows/Engine.ini]
[2019.04.16-12.04.43:443][  0]LogConfig: Applying CVar settings from Section [ViewDistanceQuality@3] File [E:/Games/Repository/IntermissionProject/MobileProject/Saved/Config/Windows/Scalability.ini]
[2019.04.16-12.04.43:443][  0]LogConfig: Setting CVar [[r.SkeletalMeshLODBias:0]]
[2019.04.16-12.04.43:443][  0]LogConfig: Setting CVar [[r.ViewDistanceScale:1.0]]
[2019.04.16-12.04.43:443][  0]LogConfig: Applying CVar settings from Section [AntiAliasingQuality@3] File [E:/Games/Repository/IntermissionProject/MobileProject/Saved/Config/Windows/Scalability.ini]
[2019.04.16-12.04.43:443][  0]LogConfig: Setting CVar [[r.PostProcessAAQuality:4]]
[2019.04.16-12.04.43:443][  0]LogConfig: Applying CVar settings from Section [ShadowQuality@3] File [E:/Games/Repository/IntermissionProject/MobileProject/Saved/Config/Windows/Scalability.ini]
[2019.04.16-12.04.43:443][  0]LogConfig: Setting CVar [[r.LightFunctionQuality:1]]
[2019.04.16-12.04.43:443][  0]LogConfig: Setting CVar [[r.ShadowQuality:5]]
[2019.04.16-12.04.43:443][  0]LogConfig: Setting CVar [[r.Shadow.CSM.MaxCascades:10]]
[2019.04.16-12.04.43:443][  0]LogConfig: Setting CVar [[r.Shadow.MaxResolution:2048]]
[2019.04.16-12.04.43:443][  0]LogConfig: Setting CVar [[r.Shadow.MaxCSMResolution:2048]]
[2019.04.16-12.04.43:443][  0]LogConfig: Setting CVar [[r.Shadow.RadiusThreshold:0.01]]
[2019.04.16-12.04.43:443][  0]LogConfig: Setting CVar [[r.Shadow.DistanceScale:1.0]]
[2019.04.16-12.04.43:443][  0]LogConfig: Setting CVar [[r.Shadow.CSM.TransitionScale:1.0]]
[2019.04.16-12.04.43:443][  0]LogConfig: Setting CVar [[r.Shadow.PreShadowResolutionFactor:1.0]]
[2019.04.16-12.04.43:443][  0]LogConfig: Setting CVar [[r.DistanceFieldShadowing:1]]
[2019.04.16-12.04.43:443][  0]LogConfig: Setting CVar [[r.DistanceFieldAO:1]]
[2019.04.16-12.04.43:443][  0]LogConfig: Setting CVar [[r.AOQuality:2]]
[2019.04.16-12.04.43:443][  0]LogConfig: Setting CVar [[r.VolumetricFog:1]]
[2019.04.16-12.04.43:443][  0]LogConfig: Setting CVar [[r.VolumetricFog.GridPixelSize:8]]
[2019.04.16-12.04.43:443][  0]LogConfig: Setting CVar [[r.VolumetricFog.GridSizeZ:128]]
[2019.04.16-12.04.43:443][  0]LogConfig: Setting CVar [[r.VolumetricFog.HistoryMissSupersampleCount:4]]
[2019.04.16-12.04.43:443][  0]LogConfig: Setting CVar [[r.LightMaxDrawDistanceScale:1]]
[2019.04.16-12.04.43:443][  0]LogConfig: Setting CVar [[r.CapsuleShadows:1]]
[2019.04.16-12.04.43:443][  0]LogConfig: Applying CVar settings from Section [PostProcessQuality@3] File [E:/Games/Repository/IntermissionProject/MobileProject/Saved/Config/Windows/Scalability.ini]
[2019.04.16-12.04.43:443][  0]LogConfig: Setting CVar [[r.MotionBlurQuality:4]]
[2019.04.16-12.04.43:443][  0]LogConfig: Setting CVar [[r.AmbientOcclusionMipLevelFactor:0.4]]
[2019.04.16-12.04.43:443][  0]LogConfig: Setting CVar [[r.AmbientOcclusionMaxQuality:100]]
[2019.04.16-12.04.43:443][  0]LogConfig: Setting CVar [[r.AmbientOcclusionLevels:-1]]
[2019.04.16-12.04.43:443][  0]LogConfig: Setting CVar [[r.AmbientOcclusionRadiusScale:1.0]]
[2019.04.16-12.04.43:443][  0]LogConfig: Setting CVar [[r.DepthOfFieldQuality:2]]
[2019.04.16-12.04.43:443][  0]LogConfig: Setting CVar [[r.RenderTargetPoolMin:400]]
[2019.04.16-12.04.43:443][  0]LogConfig: Setting CVar [[r.LensFlareQuality:2]]
[2019.04.16-12.04.43:443][  0]LogConfig: Setting CVar [[r.SceneColorFringeQuality:1]]
[2019.04.16-12.04.43:443][  0]LogConfig: Setting CVar [[r.EyeAdaptationQuality:2]]
[2019.04.16-12.04.43:443][  0]LogConfig: Setting CVar [[r.BloomQuality:5]]
[2019.04.16-12.04.43:443][  0]LogConfig: Setting CVar [[r.FastBlurThreshold:100]]
[2019.04.16-12.04.43:443][  0]LogConfig: Setting CVar [[r.Upscale.Quality:3]]
[2019.04.16-12.04.43:443][  0]LogConfig: Setting CVar [[r.Tonemapper.GrainQuantization:1]]
[2019.04.16-12.04.43:443][  0]LogConfig: Setting CVar [[r.LightShaftQuality:1]]
[2019.04.16-12.04.43:443][  0]LogConfig: Setting CVar [[r.Filter.SizeScale:1]]
[2019.04.16-12.04.43:443][  0]LogConfig: Setting CVar [[r.Tonemapper.Quality:5]]
[2019.04.16-12.04.43:443][  0]LogConfig: Setting CVar [[r.DOF.Gather.AccumulatorQuality:1        ; higher gathering accumulator quality]]
[2019.04.16-12.04.43:443][  0]LogConfig: Setting CVar [[r.DOF.Gather.PostfilterMethod:1          ; Median3x3 postfilering method]]
[2019.04.16-12.04.43:443][  0]LogConfig: Setting CVar [[r.DOF.Gather.EnableBokehSettings:0       ; no bokeh simulation when gathering]]
[2019.04.16-12.04.43:443][  0]LogConfig: Setting CVar [[r.DOF.Gather.RingCount:4                 ; medium number of samples when gathering]]
[2019.04.16-12.04.43:443][  0]LogConfig: Setting CVar [[r.DOF.Scatter.ForegroundCompositing:1    ; additive foreground scattering]]
[2019.04.16-12.04.43:443][  0]LogConfig: Setting CVar [[r.DOF.Scatter.BackgroundCompositing:2    ; additive background scattering]]
[2019.04.16-12.04.43:443][  0]LogConfig: Setting CVar [[r.DOF.Scatter.EnableBokehSettings:1      ; bokeh simulation when scattering]]
[2019.04.16-12.04.43:443][  0]LogConfig: Setting CVar [[r.DOF.Scatter.MaxSpriteRatio:0.1         ; only a maximum of 10% of scattered bokeh]]
[2019.04.16-12.04.43:443][  0]LogConfig: Setting CVar [[r.DOF.Recombine.Quality:1                ; cheap slight out of focus]]
[2019.04.16-12.04.43:443][  0]LogConfig: Setting CVar [[r.DOF.Recombine.EnableBokehSettings:0    ; no bokeh simulation on slight out of focus]]
[2019.04.16-12.04.43:443][  0]LogConfig: Setting CVar [[r.DOF.TemporalAAQuality:1                ; more stable temporal accumulation]]
[2019.04.16-12.04.43:443][  0]LogConfig: Setting CVar [[r.DOF.Kernel.MaxForegroundRadius:0.025]]
[2019.04.16-12.04.43:443][  0]LogConfig: Setting CVar [[r.DOF.Kernel.MaxBackgroundRadius:0.025]]
[2019.04.16-12.04.43:443][  0]LogConfig: Applying CVar settings from Section [TextureQuality@3] File [E:/Games/Repository/IntermissionProject/MobileProject/Saved/Config/Windows/Scalability.ini]
[2019.04.16-12.04.43:443][  0]LogConfig: Setting CVar [[r.Streaming.MipBias:0]]
[2019.04.16-12.04.43:443][  0]LogConfig: Setting CVar [[r.Streaming.AmortizeCPUToGPUCopy:0]]
[2019.04.16-12.04.43:443][  0]LogConfig: Setting CVar [[r.Streaming.MaxNumTexturesToStreamPerFrame:0]]
[2019.04.16-12.04.43:443][  0]LogConfig: Setting CVar [[r.Streaming.Boost:1]]
[2019.04.16-12.04.43:443][  0]LogConfig: Setting CVar [[r.MaxAnisotropy:8]]
[2019.04.16-12.04.43:443][  0]LogConfig: Setting CVar [[r.Streaming.LimitPoolSizeToVRAM:0]]
[2019.04.16-12.04.43:443][  0]LogConfig: Setting CVar [[r.Streaming.PoolSize:1000]]
[2019.04.16-12.04.43:443][  0]LogConfig: Setting CVar [[r.Streaming.MaxEffectiveScreenSize:0]]
[2019.04.16-12.04.43:443][  0]LogConfig: Applying CVar settings from Section [EffectsQuality@3] File [E:/Games/Repository/IntermissionProject/MobileProject/Saved/Config/Windows/Scalability.ini]
[2019.04.16-12.04.43:443][  0]LogConfig: Setting CVar [[r.TranslucencyLightingVolumeDim:64]]
[2019.04.16-12.04.43:443][  0]LogConfig: Setting CVar [[r.RefractionQuality:2]]
[2019.04.16-12.04.43:444][  0]LogConfig: Setting CVar [[r.SSR.Quality:3]]
[2019.04.16-12.04.43:444][  0]LogConfig: Setting CVar [[r.SceneColorFormat:4]]
[2019.04.16-12.04.43:444][  0]LogConfig: Setting CVar [[r.DetailMode:2]]
[2019.04.16-12.04.43:444][  0]LogConfig: Setting CVar [[r.TranslucencyVolumeBlur:1]]
[2019.04.16-12.04.43:444][  0]LogConfig: Setting CVar [[r.MaterialQualityLevel:1 ; High quality]]
[2019.04.16-12.04.43:444][  0]LogConfig: Setting CVar [[r.SSS.Scale:1]]
[2019.04.16-12.04.43:444][  0]LogConfig: Setting CVar [[r.SSS.SampleSet:2]]
[2019.04.16-12.04.43:444][  0]LogConfig: Setting CVar [[r.SSS.Quality:1]]
[2019.04.16-12.04.43:444][  0]LogConfig: Setting CVar [[r.SSS.HalfRes:1]]
[2019.04.16-12.04.43:444][  0]LogConfig: Setting CVar [[r.EmitterSpawnRateScale:1.0]]
[2019.04.16-12.04.43:444][  0]LogConfig: Setting CVar [[r.ParticleLightQuality:2]]
[2019.04.16-12.04.43:444][  0]LogConfig: Applying CVar settings from Section [FoliageQuality@3] File [E:/Games/Repository/IntermissionProject/MobileProject/Saved/Config/Windows/Scalability.ini]
[2019.04.16-12.04.43:444][  0]LogConfig: Setting CVar [[foliage.DensityScale:1.0]]
[2019.04.16-12.04.43:444][  0]LogConfig: Setting CVar [[grass.DensityScale:1.0]]
[2019.04.16-12.04.43:444][  0]LogInit: Selected Device Profile: [Windows]
[2019.04.16-12.04.43:444][  0]LogInit: Applying CVar settings loaded from the selected device profile: [Windows]
[2019.04.16-12.04.43:453][  0]LogHAL: Display: Platform has ~ 16 GB [17016324096 / 17179869184 / 16], which maps to Larger [LargestMinGB=32, LargerMinGB=12, DefaultMinGB=8, SmallerMinGB=6, SmallestMinGB=0)
[2019.04.16-12.04.43:453][  0]LogConfig: Setting CVar [[r.Vulkan.UseRealUBs:1]]
[2019.04.16-12.04.43:453][  0]LogInit: Going up to parent DeviceProfile []
[2019.04.16-12.04.43:453][  0]LogConfig: Applying CVar settings from Section [ViewDistanceQuality@3] File [E:/Games/Repository/IntermissionProject/MobileProject/Saved/Config/Windows/Scalability.ini]
[2019.04.16-12.04.43:453][  0]LogConfig: Setting CVar [[r.SkeletalMeshLODBias:0]]
[2019.04.16-12.04.43:453][  0]LogConfig: Setting CVar [[r.ViewDistanceScale:1.0]]
[2019.04.16-12.04.43:453][  0]LogConfig: Applying CVar settings from Section [AntiAliasingQuality@3] File [E:/Games/Repository/IntermissionProject/MobileProject/Saved/Config/Windows/Scalability.ini]
[2019.04.16-12.04.43:453][  0]LogConfig: Setting CVar [[r.PostProcessAAQuality:4]]
[2019.04.16-12.04.43:453][  0]LogConfig: Applying CVar settings from Section [ShadowQuality@3] File [E:/Games/Repository/IntermissionProject/MobileProject/Saved/Config/Windows/Scalability.ini]
[2019.04.16-12.04.43:453][  0]LogConfig: Setting CVar [[r.LightFunctionQuality:1]]
[2019.04.16-12.04.43:453][  0]LogConfig: Setting CVar [[r.ShadowQuality:5]]
[2019.04.16-12.04.43:453][  0]LogConfig: Setting CVar [[r.Shadow.CSM.MaxCascades:10]]
[2019.04.16-12.04.43:453][  0]LogConfig: Setting CVar [[r.Shadow.MaxResolution:2048]]
[2019.04.16-12.04.43:453][  0]LogConfig: Setting CVar [[r.Shadow.MaxCSMResolution:2048]]
[2019.04.16-12.04.43:453][  0]LogConfig: Setting CVar [[r.Shadow.RadiusThreshold:0.01]]
[2019.04.16-12.04.43:453][  0]LogConfig: Setting CVar [[r.Shadow.DistanceScale:1.0]]
[2019.04.16-12.04.43:453][  0]LogConfig: Setting CVar [[r.Shadow.CSM.TransitionScale:1.0]]
[2019.04.16-12.04.43:453][  0]LogConfig: Setting CVar [[r.Shadow.PreShadowResolutionFactor:1.0]]
[2019.04.16-12.04.43:453][  0]LogConfig: Setting CVar [[r.DistanceFieldShadowing:1]]
[2019.04.16-12.04.43:453][  0]LogConfig: Setting CVar [[r.DistanceFieldAO:1]]
[2019.04.16-12.04.43:453][  0]LogConfig: Setting CVar [[r.AOQuality:2]]
[2019.04.16-12.04.43:453][  0]LogConfig: Setting CVar [[r.VolumetricFog:1]]
[2019.04.16-12.04.43:453][  0]LogConfig: Setting CVar [[r.VolumetricFog.GridPixelSize:8]]
[2019.04.16-12.04.43:453][  0]LogConfig: Setting CVar [[r.VolumetricFog.GridSizeZ:128]]
[2019.04.16-12.04.43:453][  0]LogConfig: Setting CVar [[r.VolumetricFog.HistoryMissSupersampleCount:4]]
[2019.04.16-12.04.43:453][  0]LogConfig: Setting CVar [[r.LightMaxDrawDistanceScale:1]]
[2019.04.16-12.04.43:453][  0]LogConfig: Setting CVar [[r.CapsuleShadows:1]]
[2019.04.16-12.04.43:453][  0]LogConfig: Applying CVar settings from Section [PostProcessQuality@3] File [E:/Games/Repository/IntermissionProject/MobileProject/Saved/Config/Windows/Scalability.ini]
[2019.04.16-12.04.43:453][  0]LogConfig: Setting CVar [[r.MotionBlurQuality:4]]
[2019.04.16-12.04.43:454][  0]LogConfig: Setting CVar [[r.AmbientOcclusionMipLevelFactor:0.4]]
[2019.04.16-12.04.43:454][  0]LogConfig: Setting CVar [[r.AmbientOcclusionMaxQuality:100]]
[2019.04.16-12.04.43:454][  0]LogConfig: Setting CVar [[r.AmbientOcclusionLevels:-1]]
[2019.04.16-12.04.43:454][  0]LogConfig: Setting CVar [[r.AmbientOcclusionRadiusScale:1.0]]
[2019.04.16-12.04.43:454][  0]LogConfig: Setting CVar [[r.DepthOfFieldQuality:2]]
[2019.04.16-12.04.43:454][  0]LogConfig: Setting CVar [[r.RenderTargetPoolMin:400]]
[2019.04.16-12.04.43:454][  0]LogConfig: Setting CVar [[r.LensFlareQuality:2]]
[2019.04.16-12.04.43:454][  0]LogConfig: Setting CVar [[r.SceneColorFringeQuality:1]]
[2019.04.16-12.04.43:454][  0]LogConfig: Setting CVar [[r.EyeAdaptationQuality:2]]
[2019.04.16-12.04.43:454][  0]LogConfig: Setting CVar [[r.BloomQuality:5]]
[2019.04.16-12.04.43:454][  0]LogConfig: Setting CVar [[r.FastBlurThreshold:100]]
[2019.04.16-12.04.43:454][  0]LogConfig: Setting CVar [[r.Upscale.Quality:3]]
[2019.04.16-12.04.43:454][  0]LogConfig: Setting CVar [[r.Tonemapper.GrainQuantization:1]]
[2019.04.16-12.04.43:454][  0]LogConfig: Setting CVar [[r.LightShaftQuality:1]]
[2019.04.16-12.04.43:454][  0]LogConfig: Setting CVar [[r.Filter.SizeScale:1]]
[2019.04.16-12.04.43:454][  0]LogConfig: Setting CVar [[r.Tonemapper.Quality:5]]
[2019.04.16-12.04.43:454][  0]LogConfig: Setting CVar [[r.DOF.Gather.AccumulatorQuality:1        ; higher gathering accumulator quality]]
[2019.04.16-12.04.43:454][  0]LogConfig: Setting CVar [[r.DOF.Gather.PostfilterMethod:1          ; Median3x3 postfilering method]]
[2019.04.16-12.04.43:454][  0]LogConfig: Setting CVar [[r.DOF.Gather.EnableBokehSettings:0       ; no bokeh simulation when gathering]]
[2019.04.16-12.04.43:454][  0]LogConfig: Setting CVar [[r.DOF.Gather.RingCount:4                 ; medium number of samples when gathering]]
[2019.04.16-12.04.43:454][  0]LogConfig: Setting CVar [[r.DOF.Scatter.ForegroundCompositing:1    ; additive foreground scattering]]
[2019.04.16-12.04.43:454][  0]LogConfig: Setting CVar [[r.DOF.Scatter.BackgroundCompositing:2    ; additive background scattering]]
[2019.04.16-12.04.43:454][  0]LogConfig: Setting CVar [[r.DOF.Scatter.EnableBokehSettings:1      ; bokeh simulation when scattering]]
[2019.04.16-12.04.43:454][  0]LogConfig: Setting CVar [[r.DOF.Scatter.MaxSpriteRatio:0.1         ; only a maximum of 10% of scattered bokeh]]
[2019.04.16-12.04.43:454][  0]LogConfig: Setting CVar [[r.DOF.Recombine.Quality:1                ; cheap slight out of focus]]
[2019.04.16-12.04.43:454][  0]LogConfig: Setting CVar [[r.DOF.Recombine.EnableBokehSettings:0    ; no bokeh simulation on slight out of focus]]
[2019.04.16-12.04.43:454][  0]LogConfig: Setting CVar [[r.DOF.TemporalAAQuality:1                ; more stable temporal accumulation]]
[2019.04.16-12.04.43:454][  0]LogConfig: Setting CVar [[r.DOF.Kernel.MaxForegroundRadius:0.025]]
[2019.04.16-12.04.43:454][  0]LogConfig: Setting CVar [[r.DOF.Kernel.MaxBackgroundRadius:0.025]]
[2019.04.16-12.04.43:454][  0]LogConfig: Applying CVar settings from Section [TextureQuality@3] File [E:/Games/Repository/IntermissionProject/MobileProject/Saved/Config/Windows/Scalability.ini]
[2019.04.16-12.04.43:454][  0]LogConfig: Setting CVar [[r.Streaming.MipBias:0]]
[2019.04.16-12.04.43:454][  0]LogConfig: Setting CVar [[r.Streaming.AmortizeCPUToGPUCopy:0]]
[2019.04.16-12.04.43:454][  0]LogConfig: Setting CVar [[r.Streaming.MaxNumTexturesToStreamPerFrame:0]]
[2019.04.16-12.04.43:454][  0]LogConfig: Setting CVar [[r.Streaming.Boost:1]]
[2019.04.16-12.04.43:454][  0]LogConfig: Setting CVar [[r.MaxAnisotropy:8]]
[2019.04.16-12.04.43:454][  0]LogConfig: Setting CVar [[r.Streaming.LimitPoolSizeToVRAM:0]]
[2019.04.16-12.04.43:454][  0]LogConfig: Setting CVar [[r.Streaming.PoolSize:1000]]
[2019.04.16-12.04.43:454][  0]LogConfig: Setting CVar [[r.Streaming.MaxEffectiveScreenSize:0]]
[2019.04.16-12.04.43:454][  0]LogConfig: Applying CVar settings from Section [EffectsQuality@3] File [E:/Games/Repository/IntermissionProject/MobileProject/Saved/Config/Windows/Scalability.ini]
[2019.04.16-12.04.43:454][  0]LogConfig: Setting CVar [[r.TranslucencyLightingVolumeDim:64]]
[2019.04.16-12.04.43:454][  0]LogConfig: Setting CVar [[r.RefractionQuality:2]]
[2019.04.16-12.04.43:454][  0]LogConfig: Setting CVar [[r.SSR.Quality:3]]
[2019.04.16-12.04.43:454][  0]LogConfig: Setting CVar [[r.SceneColorFormat:4]]
[2019.04.16-12.04.43:454][  0]LogConfig: Setting CVar [[r.DetailMode:2]]
[2019.04.16-12.04.43:454][  0]LogConfig: Setting CVar [[r.TranslucencyVolumeBlur:1]]
[2019.04.16-12.04.43:454][  0]LogConfig: Setting CVar [[r.MaterialQualityLevel:1 ; High quality]]
[2019.04.16-12.04.43:454][  0]LogConfig: Setting CVar [[r.SSS.Scale:1]]
[2019.04.16-12.04.43:454][  0]LogConfig: Setting CVar [[r.SSS.SampleSet:2]]
[2019.04.16-12.04.43:454][  0]LogConfig: Setting CVar [[r.SSS.Quality:1]]
[2019.04.16-12.04.43:454][  0]LogConfig: Setting CVar [[r.SSS.HalfRes:1]]
[2019.04.16-12.04.43:454][  0]LogConfig: Setting CVar [[r.EmitterSpawnRateScale:1.0]]
[2019.04.16-12.04.43:454][  0]LogConfig: Setting CVar [[r.ParticleLightQuality:2]]
[2019.04.16-12.04.43:454][  0]LogConfig: Applying CVar settings from Section [FoliageQuality@3] File [E:/Games/Repository/IntermissionProject/MobileProject/Saved/Config/Windows/Scalability.ini]
[2019.04.16-12.04.43:454][  0]LogConfig: Setting CVar [[foliage.DensityScale:1.0]]
[2019.04.16-12.04.43:454][  0]LogConfig: Setting CVar [[grass.DensityScale:1.0]]
[2019.04.16-12.04.43:454][  0]LogConfig: Applying CVar settings from Section [Startup] File [../../../Engine/Config/ConsoleVariables.ini]
[2019.04.16-12.04.43:454][  0]LogConfig: Setting CVar [[net.UseAdaptiveNetUpdateFrequency:0]]
[2019.04.16-12.04.43:454][  0]LogConfig: Applying CVar settings from Section [ConsoleVariables] File [E:/Games/Repository/IntermissionProject/MobileProject/Saved/Config/Windows/Engine.ini]
[2019.04.16-12.04.43:454][  0]LogInit: Computer: DESKTOP-141GE8S
[2019.04.16-12.04.43:454][  0]LogInit: User: DankeaterMemedir
[2019.04.16-12.04.43:454][  0]LogInit: CPU Page size=4096, Cores=6
[2019.04.16-12.04.43:454][  0]LogInit: High frequency timer resolution =2.156252 MHz
[2019.04.16-12.04.43:455][  0]LogMemory: Memory total: Physical=15.8GB (16GB approx)
[2019.04.16-12.04.43:455][  0]LogMemory: Platform Memory Stats for Windows
[2019.04.16-12.04.43:455][  0]LogMemory: Process Physical Memory: 103.60 MB used, 103.60 MB peak
[2019.04.16-12.04.43:455][  0]LogMemory: Process Virtual Memory: 98.54 MB used, 98.54 MB peak
[2019.04.16-12.04.43:455][  0]LogMemory: Physical Memory: 6842.55 MB used,  9385.48 MB free, 16228.03 MB total
[2019.04.16-12.04.43:455][  0]LogMemory: Virtual Memory: 4672.22 MB used,  134213056.00 MB free, 134217728.00 MB total
[2019.04.16-12.04.43:472][  0]LogInit: Using OS detected language (en-US).
[2019.04.16-12.04.43:472][  0]LogInit: Using OS detected locale (en-US).
[2019.04.16-12.04.43:472][  0]LogTextLocalizationManager: No specific localization for 'en-US' exists, so the 'en' localization will be used.
[2019.04.16-12.04.43:784][  0]LogStreaming: Display: Took  0.312s to InitEngineTextLocalization.
[2019.04.16-12.04.43:806][  0]LogSlate: New Slate User Created.  User Index 0, Is Virtual User: 0
[2019.04.16-12.04.43:806][  0]LogSlate: Slate User Registered.  User Index 0, Is Virtual User: 0
[2019.04.16-12.04.43:999][  0]LogHMD: Failed to initialize OpenVR with code 110
[2019.04.16-12.04.43:999][  0]LogD3D11RHI: D3D11 adapters:
[2019.04.16-12.04.44:058][  0]LogD3D11RHI:    0. 'NVIDIA GeForce GTX 1060' (Feature Level 11_0)
[2019.04.16-12.04.44:058][  0]LogD3D11RHI:       6052/0/8114 MB DedicatedVideo/DedicatedSystem/SharedSystem, Outputs:2, VendorId:0x10de
[2019.04.16-12.04.44:072][  0]LogD3D11RHI:    1. 'Intel(R) UHD Graphics 630' (Feature Level 11_0)
[2019.04.16-12.04.44:072][  0]LogD3D11RHI:       128/0/8114 MB DedicatedVideo/DedicatedSystem/SharedSystem, Outputs:0, VendorId:0x8086
[2019.04.16-12.04.44:073][  0]LogD3D11RHI:    2. 'Microsoft Basic Render Driver' (Feature Level 11_0)
[2019.04.16-12.04.44:073][  0]LogD3D11RHI:       0/0/8114 MB DedicatedVideo/DedicatedSystem/SharedSystem, Outputs:0, VendorId:0x1414
[2019.04.16-12.04.44:073][  0]LogD3D11RHI: Chosen D3D11 Adapter: 0
[2019.04.16-12.04.44:097][  0]LogD3D11RHI: Creating new Direct3DDevice
[2019.04.16-12.04.44:097][  0]LogD3D11RHI:     GPU DeviceId: 0x1c20 (for the marketing name, search the web for "GPU Device Id")
[2019.04.16-12.04.44:097][  0]LogWindows: EnumDisplayDevices:
[2019.04.16-12.04.44:097][  0]LogWindows:    0. 'Intel(R) UHD Graphics 630' (P:1 D:1)
[2019.04.16-12.04.44:098][  0]LogWindows:    1. 'Intel(R) UHD Graphics 630' (P:0 D:0)
[2019.04.16-12.04.44:098][  0]LogWindows:    2. 'Intel(R) UHD Graphics 630' (P:0 D:0)
[2019.04.16-12.04.44:098][  0]LogWindows:    3. 'NVIDIA GeForce GTX 1060' (P:0 D:1)
[2019.04.16-12.04.44:098][  0]LogWindows:    4. 'NVIDIA GeForce GTX 1060' (P:0 D:0)
[2019.04.16-12.04.44:098][  0]LogWindows:    5. 'NVIDIA GeForce GTX 1060' (P:0 D:0)
[2019.04.16-12.04.44:099][  0]LogWindows:    6. 'NVIDIA GeForce GTX 1060' (P:0 D:0)
[2019.04.16-12.04.44:099][  0]LogWindows: DebugString: PrimaryIsNotTheChoosenAdapter PrimaryIsNotTheChoosenAdapter PrimaryIsNotTheChoosenAdapter FoundDriverCount:4 
[2019.04.16-12.04.44:099][  0]LogD3D11RHI:     Adapter Name: NVIDIA GeForce GTX 1060
[2019.04.16-12.04.44:099][  0]LogD3D11RHI:   Driver Version: 419.35 (internal:25.21.14.1935, unified:419.35)
[2019.04.16-12.04.44:099][  0]LogD3D11RHI:      Driver Date: 3-1-2019
[2019.04.16-12.04.44:099][  0]LogRHI: Texture pool is 4236 MB (70% of 6052 MB)
[2019.04.16-12.04.44:136][  0]LogD3D11RHI: Async texture creation enabled
[2019.04.16-12.04.44:150][  0]LogD3D11RHI: GPU Timing Frequency: 1000.000000 (Debug: 2 1)
[2019.04.16-12.04.44:439][  0]LogTemp: Display: Loaded TP AllDesktopTargetPlatform
[2019.04.16-12.04.44:449][  0]LogTemp: Display: Loaded TP MacClientTargetPlatform
[2019.04.16-12.04.44:460][  0]LogTemp: Display: Loaded TP MacNoEditorTargetPlatform
[2019.04.16-12.04.44:470][  0]LogTemp: Display: Loaded TP MacServerTargetPlatform
[2019.04.16-12.04.44:481][  0]LogTemp: Display: Loaded TP MacTargetPlatform
[2019.04.16-12.04.44:492][  0]LogTemp: Display: Loaded TP WindowsClientTargetPlatform
[2019.04.16-12.04.44:502][  0]LogTemp: Display: Loaded TP WindowsNoEditorTargetPlatform
[2019.04.16-12.04.44:513][  0]LogTemp: Display: Loaded TP WindowsServerTargetPlatform
[2019.04.16-12.04.44:518][  0]LogTemp: Display: Loaded TP WindowsTargetPlatform
[2019.04.16-12.04.44:582][  0]LogTemp: Display: Loaded TP AndroidTargetPlatform
[2019.04.16-12.04.44:582][  0]LogTemp: Display: Loaded TP AndroidTargetPlatform
[2019.04.16-12.04.44:582][  0]LogTemp: Display: Loaded TP AndroidTargetPlatform
[2019.04.16-12.04.44:582][  0]LogTemp: Display: Loaded TP AndroidTargetPlatform
[2019.04.16-12.04.44:582][  0]LogTemp: Display: Loaded TP AndroidTargetPlatform
[2019.04.16-12.04.44:582][  0]LogTemp: Display: Loaded TP AndroidTargetPlatform
[2019.04.16-12.04.44:582][  0]LogTemp: Display: Loaded TP AndroidTargetPlatform
[2019.04.16-12.04.44:582][  0]LogTemp: Display: Loaded TP AndroidTargetPlatform
[2019.04.16-12.04.44:582][  0]LogTemp: Display: Loaded TP AndroidTargetPlatform
[2019.04.16-12.04.44:582][  0]LogTemp: Display: Loaded TP AndroidTargetPlatform
[2019.04.16-12.04.44:582][  0]LogTemp: Display: Loaded TP AndroidTargetPlatform
[2019.04.16-12.04.44:582][  0]LogTemp: Display: Loaded TP AndroidTargetPlatform
[2019.04.16-12.04.44:582][  0]LogTemp: Display: Loaded TP AndroidTargetPlatform
[2019.04.16-12.04.44:582][  0]LogTemp: Display: Loaded TP AndroidTargetPlatform
[2019.04.16-12.04.44:582][  0]LogTemp: Display: Loaded TP AndroidTargetPlatform
[2019.04.16-12.04.44:582][  0]LogTemp: Display: Loaded TP AndroidTargetPlatform
[2019.04.16-12.04.44:582][  0]LogTemp: Display: Loaded TP AndroidTargetPlatform
[2019.04.16-12.04.44:582][  0]LogTemp: Display: Loaded TP AndroidTargetPlatform
[2019.04.16-12.04.44:583][  0]LogTemp: Display: Loaded TP HTML5TargetPlatform
[2019.04.16-12.04.44:639][  0]LogTemp: Display: Loaded TP IOSTargetPlatform
[2019.04.16-12.04.44:639][  0]LogTemp: Display: Loaded TP IOSTargetPlatform
[2019.04.16-12.04.44:659][  0]LogTemp: Display: Loaded TP TVOSTargetPlatform
[2019.04.16-12.04.44:659][  0]LogTemp: Display: Loaded TP TVOSTargetPlatform
[2019.04.16-12.04.44:669][  0]LogTemp: Display: Loaded TP LinuxClientTargetPlatform
[2019.04.16-12.04.44:680][  0]LogTemp: Display: Loaded TP LinuxNoEditorTargetPlatform
[2019.04.16-12.04.44:691][  0]LogTemp: Display: Loaded TP LinuxServerTargetPlatform
[2019.04.16-12.04.44:701][  0]LogTemp: Display: Loaded TP LinuxTargetPlatform
[2019.04.16-12.04.44:738][  0]LogTemp: Display: Loaded TP LuminTargetPlatform
[2019.04.16-12.04.44:738][  0]LogTemp: Display: Loaded TP LuminTargetPlatform
[2019.04.16-12.04.44:738][  0]LogTargetPlatformManager: Display: Building Assets For Windows
[2019.04.16-12.04.44:775][  0]LogShaderCompilers: Guid format shader working directory is -11 characters bigger than the processId version (../../../../../../Games/Repository/IntermissionProject/MobileProject/Intermediate/Shaders/WorkingDirectory/11260/).
[2019.04.16-12.04.44:775][  0]LogShaderCompilers: Cleaned the shader compiler working directory 'C:/Users/Dankeater Memedir/AppData/Local/Temp/UnrealShaderWorkingDir/18014295431CFE46DE884A8BA00EA633/'.
[2019.04.16-12.04.44:776][  0]LogXGEController: Cannot use XGE Controller as Incredibuild is not installed on this machine.
[2019.04.16-12.04.44:776][  0]LogShaderCompilers: Cannot use XGE Shader Compiler as Incredibuild is not installed on this machine.
[2019.04.16-12.04.44:776][  0]LogShaderCompilers: Display: Using Local Shader Compiler.
[2019.04.16-12.04.45:230][  0]LogDerivedDataCache: Display: Max Cache Size: 512 MB
[2019.04.16-12.04.45:275][  0]LogDerivedDataCache: Loaded boot cache 0.04s 71MB C:/Users/Dankeater Memedir/AppData/Local/UnrealEngine/4.21/DerivedDataCache/Boot.ddc.
[2019.04.16-12.04.45:275][  0]LogDerivedDataCache: Display: Loaded Boot cache: C:/Users/Dankeater Memedir/AppData/Local/UnrealEngine/4.21/DerivedDataCache/Boot.ddc
[2019.04.16-12.04.45:276][  0]LogDerivedDataCache: FDerivedDataBackendGraph:  Pak pak cache file ../../../../../../Games/Repository/IntermissionProject/MobileProject/DerivedDataCache/DDC.ddp not found, will not use a pak cache.
[2019.04.16-12.04.45:276][  0]LogDerivedDataCache: Unable to find inner node Pak for hierarchical cache Hierarchy.
[2019.04.16-12.04.45:276][  0]LogDerivedDataCache: FDerivedDataBackendGraph:  CompressedPak pak cache file ../../../../../../Games/Repository/IntermissionProject/MobileProject/DerivedDataCache/Compressed.ddp not found, will not use a pak cache.
[2019.04.16-12.04.45:276][  0]LogDerivedDataCache: Unable to find inner node CompressedPak for hierarchical cache Hierarchy.
[2019.04.16-12.04.45:289][  0]LogDerivedDataCache: Display: Pak cache opened for reading ../../../Engine/DerivedDataCache/Compressed.ddp.
[2019.04.16-12.04.45:289][  0]LogDerivedDataCache: FDerivedDataBackendGraph:  EnterprisePak pak cache file ../../../Enterprise/DerivedDataCache/Compressed.ddp not found, will not use a pak cache.
[2019.04.16-12.04.45:289][  0]LogDerivedDataCache: Unable to find inner node EnterprisePak for hierarchical cache Hierarchy.
[2019.04.16-12.04.45:301][  0]LogDerivedDataCache: Using Local data cache path C:/Users/Dankeater Memedir/AppData/Local/UnrealEngine/Common/DerivedDataCache: Writable
[2019.04.16-12.04.45:301][  0]LogDerivedDataCache: Shared data cache path not found in *engine.ini, will not use an Shared cache.
[2019.04.16-12.04.45:301][  0]LogDerivedDataCache: Unable to find inner node Shared for hierarchical cache Hierarchy.
[2019.04.16-12.04.45:320][  0]LogMaterial: Verifying Global Shaders for PCD3D_SM5
[2019.04.16-12.04.45:321][  0]LogSlate: Using FreeType 2.6.0
[2019.04.16-12.04.45:322][  0]LogSlate: SlateFontServices - WITH_FREETYPE: 1, WITH_HARFBUZZ: 1
[2019.04.16-12.04.45:398][  0]LogAssetRegistry: FAssetRegistry took 0.0315 seconds to start up
[2019.04.16-12.04.45:646][  0]LogInit: Selected Device Profile: [Windows]
[2019.04.16-12.04.45:766][  0]LogSimplygon: Simplygon DLL not present - disabling.
[2019.04.16-12.04.45:769][  0]LogMeshReduction: Using SimplygonSwarm for distributed automatic mesh merging
[2019.04.16-12.04.45:769][  0]LogMeshReduction: Using ProxyLODMeshReduction for automatic mesh merging
[2019.04.16-12.04.45:769][  0]LogMeshReduction: Using QuadricMeshReduction for automatic static mesh reduction
[2019.04.16-12.04.45:769][  0]LogMeshReduction: No automatic skeletal mesh reduction module available
[2019.04.16-12.04.45:780][  0]LogNetVersion: MobileProject 1.0.0, NetCL: 4541578, EngineNetVer: 5, GameNetVer: 0 (Checksum: 2592796191)
[2019.04.16-12.04.46:188][  0]LogPackageLocalizationCache: Processed 11 localized package path(s) for 2 prioritized culture(s) in 0.071146 seconds
[2019.04.16-12.04.46:193][  0]LogUObjectArray: 39775 objects as part of root set at end of initial load.
[2019.04.16-12.04.46:193][  0]LogUObjectAllocator: 6914656 out of 0 bytes used by permanent object pool.
[2019.04.16-12.04.46:193][  0]LogUObjectArray: CloseDisregardForGC: 0/0 objects in disregard for GC pool
[2019.04.16-12.04.46:895][  0]LogTcpMessaging: Initializing TcpMessaging bridge
[2019.04.16-12.04.46:907][  0]LogUdpMessaging: Initializing bridge on interface 0.0.0.0:0 to multicast group 230.0.0.1:6666.
[2019.04.16-12.04.47:504][  0]SourceControl: Source control is disabled
[2019.04.16-12.04.47:504][  0]SourceControl: Source control is disabled
[2019.04.16-12.04.47:505][  0]SourceControl: Source control is disabled
[2019.04.16-12.04.47:506][  0]SourceControl: Source control is disabled
[2019.04.16-12.04.47:650][  0]LogAndroidPermission: UAndroidPermissionCallbackProxy::GetInstance
[2019.04.16-12.04.47:707][  0]LogOcInput: OculusInput pre-init called
[2019.04.16-12.04.47:828][  0]LogEngine: Initializing Engine...
[2019.04.16-12.04.47:829][  0]LogHMD: Failed to initialize OpenVR with code 110
[2019.04.16-12.04.47:830][  0]LogStats: UGameplayTagsManager::ConstructGameplayTagTree: ImportINI prefixes -  0.000 s
[2019.04.16-12.04.47:830][  0]LogStats: UGameplayTagsManager::ConstructGameplayTagTree: Construct from data asset -  0.000 s
[2019.04.16-12.04.47:830][  0]LogStats: UGameplayTagsManager::ConstructGameplayTagTree: ImportINI -  0.000 s
[2019.04.16-12.04.47:830][  0]LogStats: UGameplayTagsManager::ConstructGameplayTagTree: GameplayTagTreeChangedEvent.Broadcast -  0.000 s
[2019.04.16-12.04.48:027][  0]LogInit: Initializing FReadOnlyCVARCache
[2019.04.16-12.04.48:036][  0]LogAIModule: Creating AISystem for world Untitled
[2019.04.16-12.04.48:046][  0]LogInit: XAudio2 using 'Speakers (Realtek(R) Audio)' : 2 channels at 48 kHz using 32 bits per sample (channel mask 0x3)
[2019.04.16-12.04.48:089][  0]LogInit: FAudioDevice initialized.
[2019.04.16-12.04.48:089][  0]LogNetVersion: Set ProjectVersion to 1.0.0.0. Version Checksum will be recalculated on next use.
[2019.04.16-12.04.48:166][  0]LogDerivedDataCache: Saved boot cache 0.08s 71MB C:/Users/Dankeater Memedir/AppData/Local/UnrealEngine/4.21/DerivedDataCache/Boot.ddc.
[2019.04.16-12.04.48:176][  0]LogInit: Texture streaming: Enabled
[2019.04.16-12.04.48:187][  0]LogEngineSessionManager: EngineSessionManager initialized
[2019.04.16-12.04.48:198][  0]LogInit: Transaction tracking system initialized
[2019.04.16-12.04.48:212][  0]BlueprintLog: New page: Editor Load
[2019.04.16-12.04.48:256][  0]LocalizationService: Localization service is disabled
[2019.04.16-12.04.48:626][  0]LogFileCache: Scanning file cache for directory 'E:/Games/Repository/IntermissionProject/MobileProject/Content/' took 0.01s
[2019.04.16-12.04.48:626][  0]LogCook: Display: Max memory allowance for cook 16384mb min free memory 0mb
[2019.04.16-12.04.48:626][  0]LogCook: Display: Mobile HDR setting 0
[2019.04.16-12.04.48:626][  0]LogGameplayTags: Display: UGameplayTagsManager::DoneAddingNativeTags. DelegateIsBound: 0
[2019.04.16-12.04.48:626][  0]LogStats: UGameplayTagsManager::ConstructGameplayTagTree: ImportINI prefixes -  0.000 s
[2019.04.16-12.04.48:626][  0]LogStats: UGameplayTagsManager::ConstructGameplayTagTree: Construct from data asset -  0.000 s
[2019.04.16-12.04.48:626][  0]LogStats: UGameplayTagsManager::ConstructGameplayTagTree: ImportINI -  0.000 s
[2019.04.16-12.04.48:626][  0]LogStats: UGameplayTagsManager::ConstructGameplayTagTree: GameplayTagTreeChangedEvent.Broadcast -  0.000 s
[2019.04.16-12.04.48:720][  0]SourceControl: Source control is disabled
[2019.04.16-12.04.48:825][  0]LogWindowsTextInputMethodSystem: Display: IME system now deactivated.
[2019.04.16-12.04.48:827][  0]LogSlate: Took 0.000126 seconds to synchronously load lazily loaded font '../../../Engine/Content/Slate/Fonts/Roboto-Regular.ttf' (155K)
[2019.04.16-12.04.54:377][  0]LogSlate: Window 'Restore Packages' being destroyed
[2019.04.16-12.04.54:377][  0]LogWindowsTextInputMethodSystem: Display: IME system now deactivated.
[2019.04.16-12.04.54:382][  0]LogWindowsTextInputMethodSystem: Display: IME system now deactivated.
[2019.04.16-12.05.01:382][  0]LogSlate: Window 'Unable to Check Out From Source Control!' being destroyed
[2019.04.16-12.05.01:383][  0]LogWindowsTextInputMethodSystem: Display: IME system now deactivated.
[2019.04.16-12.05.01:385][  0]LogWindowsTextInputMethodSystem: Display: IME system now deactivated.
[2019.04.16-12.05.01:448][  0]Cmd: MAP LOAD FILE="../../../../../../Games/Repository/IntermissionProject/MobileProject/Content/SideScrollerBP/Maps/SideScrollerExampleMap.umap" TEMPLATE=0 SHOWPROGRESS=1 FEATURELEVEL=3
[2019.04.16-12.05.01:448][  0]LightingResults: New page: Lighting Build
[2019.04.16-12.05.01:450][  0]MapCheck: New page: Map Check
[2019.04.16-12.05.01:450][  0]LightingResults: New page: Lighting Build
[2019.04.16-12.05.01:584][  0]LogClass: Warning: Type mismatch in WallClassRef of Spawner_BP_C - Previous (ObjectProperty) Current(ArrayProperty) for package:  FObjectReader
[2019.04.16-12.05.01:747][  0]LogAIModule: Creating AISystem for world SideScrollerExampleMap
[2019.04.16-12.05.01:756][  0]LogEditorServer: Finished looking for orphan Actors (0.000 secs)
[2019.04.16-12.05.01:785][  0]Cmd: MAP CHECKDEP NOCLEARLOG
[2019.04.16-12.05.01:785][  0]MapCheck: Map check complete: 0 Error(s), 0 Warning(s), took 0.095ms to complete.
[2019.04.16-12.05.01:785][  0]LogFileHelpers: Loading map 'SideScrollerExampleMap' took 0.337
[2019.04.16-12.05.01:824][  0]LogSlate: Updating window title bar state: overlay mode, drag disabled, window buttons hidden, title bar hidden
[2019.04.16-12.05.01:830][  0]LogSlate: Updating window title bar state: overlay mode, drag disabled, window buttons hidden, title bar hidden
[2019.04.16-12.05.01:836][  0]LogSlate: Updating window title bar state: overlay mode, drag disabled, window buttons hidden, title bar hidden
[2019.04.16-12.05.01:842][  0]LogSlate: Updating window title bar state: overlay mode, drag disabled, window buttons hidden, title bar hidden
[2019.04.16-12.05.01:846][  0]LogCollectionManager: Loaded 0 collections in 0.000769 seconds
[2019.04.16-12.05.01:860][  0]LogFileCache: Scanning file cache for directory 'E:/Games/Repository/IntermissionProject/MobileProject/Saved/Collections/' took 0.01s
[2019.04.16-12.05.01:860][  0]LogFileCache: Scanning file cache for directory 'E:/Games/Repository/IntermissionProject/MobileProject/Content/Developers/DankeaterMemedir/Collections/' took 0.00s
[2019.04.16-12.05.01:860][  0]LogFileCache: Scanning file cache for directory 'E:/Games/Repository/IntermissionProject/MobileProject/Content/Collections/' took 0.00s
[2019.04.16-12.05.01:860][  0]LogCollectionManager: Rebuilt the GUID cache for 0 collections in 0.000000 seconds
[2019.04.16-12.05.01:867][  0]LogContentBrowser: Native class hierarchy populated in 0.0070 seconds. Added 2651 classes and 620 folders.
[2019.04.16-12.05.01:872][  0]LogContentBrowser: Native class hierarchy updated for 'WidgetCarousel' in 0.0002 seconds. Added 0 classes and 0 folders.
[2019.04.16-12.05.01:873][  0]LogPakFile: Registered encryption key '00000000000000000000000000000000': 0 pak files mounted, 0 remain pending
[2019.04.16-12.05.01:874][  0]LogPakFile: Registered encryption key '00000000000000000000000000000000': 0 pak files mounted, 0 remain pending
[2019.04.16-12.05.01:874][  0]LogPakFile: Registered encryption key '00000000000000000000000000000000': 0 pak files mounted, 0 remain pending
[2019.04.16-12.05.01:874][  0]LogPakFile: Registered encryption key '00000000000000000000000000000000': 0 pak files mounted, 0 remain pending
[2019.04.16-12.05.01:875][  0]LogPakFile: Registered encryption key '00000000000000000000000000000000': 0 pak files mounted, 0 remain pending
[2019.04.16-12.05.01:875][  0]LogPakFile: Registered encryption key '00000000000000000000000000000000': 0 pak files mounted, 0 remain pending
[2019.04.16-12.05.01:875][  0]LogPakFile: Registered encryption key '00000000000000000000000000000000': 0 pak files mounted, 0 remain pending
[2019.04.16-12.05.01:876][  0]LogPakFile: Registered encryption key '00000000000000000000000000000000': 0 pak files mounted, 0 remain pending
[2019.04.16-12.05.01:876][  0]LogPakFile: Registered encryption key '00000000000000000000000000000000': 0 pak files mounted, 0 remain pending
[2019.04.16-12.05.01:876][  0]LogPakFile: Registered encryption key '00000000000000000000000000000000': 0 pak files mounted, 0 remain pending
[2019.04.16-12.05.01:877][  0]LogPakFile: Registered encryption key '00000000000000000000000000000000': 0 pak files mounted, 0 remain pending
[2019.04.16-12.05.01:877][  0]LogPakFile: Registered encryption key '00000000000000000000000000000000': 0 pak files mounted, 0 remain pending
[2019.04.16-12.05.01:878][  0]LogPakFile: Registered encryption key '00000000000000000000000000000000': 0 pak files mounted, 0 remain pending
[2019.04.16-12.05.01:878][  0]LogPakFile: Registered encryption key '00000000000000000000000000000000': 0 pak files mounted, 0 remain pending
[2019.04.16-12.05.01:878][  0]LogPakFile: Registered encryption key '00000000000000000000000000000000': 0 pak files mounted, 0 remain pending
[2019.04.16-12.05.01:879][  0]LogPakFile: Registered encryption key '00000000000000000000000000000000': 0 pak files mounted, 0 remain pending
[2019.04.16-12.05.01:879][  0]LogPakFile: Registered encryption key '00000000000000000000000000000000': 0 pak files mounted, 0 remain pending
[2019.04.16-12.05.01:879][  0]LogPakFile: Registered encryption key '00000000000000000000000000000000': 0 pak files mounted, 0 remain pending
[2019.04.16-12.05.01:880][  0]LogPakFile: Registered encryption key '00000000000000000000000000000000': 0 pak files mounted, 0 remain pending
[2019.04.16-12.05.01:880][  0]LogPakFile: Registered encryption key '00000000000000000000000000000000': 0 pak files mounted, 0 remain pending
[2019.04.16-12.05.01:881][  0]LogPakFile: Registered encryption key '00000000000000000000000000000000': 0 pak files mounted, 0 remain pending
[2019.04.16-12.05.01:881][  0]LogPakFile: Registered encryption key '00000000000000000000000000000000': 0 pak files mounted, 0 remain pending
[2019.04.16-12.05.01:881][  0]LogPakFile: Registered encryption key '00000000000000000000000000000000': 0 pak files mounted, 0 remain pending
[2019.04.16-12.05.01:882][  0]LogPakFile: Registered encryption key '00000000000000000000000000000000': 0 pak files mounted, 0 remain pending
[2019.04.16-12.05.01:882][  0]LogPakFile: Registered encryption key '00000000000000000000000000000000': 0 pak files mounted, 0 remain pending
[2019.04.16-12.05.01:883][  0]LogPakFile: Registered encryption key '00000000000000000000000000000000': 0 pak files mounted, 0 remain pending
[2019.04.16-12.05.01:909][  0]LogContentBrowser: Native class hierarchy updated for 'AddContentDialog' in 0.0002 seconds. Added 0 classes and 0 folders.
[2019.04.16-12.05.01:912][  0]LogContentBrowser: Native class hierarchy updated for 'SceneOutliner' in 0.0002 seconds. Added 1 classes and 2 folders.
[2019.04.16-12.05.01:962][  0]LogSlate: Took 0.000128 seconds to synchronously load lazily loaded font '../../../Engine/Content/Slate/Fonts/Roboto-Bold.ttf' (160K)
[2019.04.16-12.05.01:967][  0]LogSlate: Took 0.000149 seconds to synchronously load lazily loaded font '../../../Engine/Content/Editor/Slate/Fonts/FontAwesome.ttf' (139K)
[2019.04.16-12.05.02:016][  0]LogRenderer: Reallocating scene render targets to support 1128x536 Format 10 NumSamples 1 (Frame:1).
[2019.04.16-12.05.02:159][  0]LogContentBrowser: Native class hierarchy updated for 'HierarchicalLODOutliner' in 0.0002 seconds. Added 0 classes and 0 folders.
[2019.04.16-12.05.02:159][  0]LogLoad: (Engine Initialization) Total time: 20.31 seconds
[2019.04.16-12.05.02:159][  0]LogLoad: (Engine Initialization) Total Blueprint compile time: 0.00 seconds
[2019.04.16-12.05.02:242][  0]LogContentStreaming: Texture pool size now 1000 MB
[2019.04.16-12.05.02:275][  0]LogSlate: Took 0.000161 seconds to synchronously load lazily loaded font '../../../Engine/Content/Slate/Fonts/Roboto-Light.ttf' (167K)
[2019.04.16-12.05.02:293][  1]LogAssetRegistry: Asset discovery search completed in 16.9179 seconds
[2019.04.16-12.05.02:295][  1]LogCollectionManager: Rebuilt the object cache for 0 collections in 0.000000 seconds (found 0 objects)
[2019.04.16-12.05.02:295][  1]LogCollectionManager: Fixed up redirectors for 0 collections in 0.000040 seconds (updated 0 objects)
[2019.04.16-12.05.03:188][ 47]LogSlate: Took 0.000170 seconds to synchronously load lazily loaded font '../../../Engine/Content/Slate/Fonts/Roboto-Light.ttf' (167K)
[2019.04.16-12.05.05:537][188]LogSlate: FSceneViewport::OnFocusLost() reason 0
[2019.04.16-12.05.08:041][335]LogAssetEditorManager: Opening Asset editor for Blueprint /Game/SideScrollerBP/Blueprints/Custom_BPs/RedWall_Lenght1_BP.RedWall_Lenght1_BP
[2019.04.16-12.05.08:449][335]LogContentBrowser: Native class hierarchy updated for 'BlueprintGraph' in 0.0005 seconds. Added 117 classes and 0 folders.
[2019.04.16-12.05.09:068][335]LogAssetEditorManager: Opening Asset editor for Blueprint /Game/SideScrollerBP/Blueprints/Custom_BPs/BlackWall_Lenght1_BP.BlackWall_Lenght1_BP
[2019.04.16-12.05.09:307][335]LogAssetEditorManager: Opening Asset editor for Blueprint /Game/SideScrollerBP/Blueprints/Custom_BPs/BlackWall_BP.BlackWall_BP
[2019.04.16-12.05.09:547][335]LogAssetEditorManager: Opening Asset editor for Blueprint /Game/SideScrollerBP/Blueprints/Custom_BPs/RedWall_BP.RedWall_BP
[2019.04.16-12.05.09:791][335]LogAssetEditorManager: Opening Asset editor for Blueprint /Game/SideScrollerBP/Blueprints/Custom_BPs/Wall_BP.Wall_BP
[2019.04.16-12.05.10:047][335]LogAssetEditorManager: Opening Asset editor for Blueprint /Game/SideScrollerBP/Blueprints/Custom_BPs/Spawner_BP.Spawner_BP
[2019.04.16-12.05.10:301][335]LogSlate: Took 0.000209 seconds to synchronously load lazily loaded font '../../../Engine/Content/Slate/Fonts/Roboto-BoldCondensed.ttf' (158K)
[2019.04.16-12.05.10:355][336]LogSlate: Took 0.000175 seconds to synchronously load lazily loaded font '../../../Engine/Content/Slate/Fonts/Roboto-Italic.ttf' (157K)
[2019.04.16-12.06.06:758][644]BlueprintLog: New page: Compile Spawner_BP
[2019.04.16-12.07.37:136][ 55]BlueprintLog: New page: Compile Spawner_BP
[2019.04.16-12.07.42:551][366]LogAssetEditorManager: Opening Asset editor for Blueprint /Game/SideScrollerBP/Blueprints/Custom_BPs/BlackWall_Lenght1_BP.BlackWall_Lenght1_BP
[2019.04.16-12.07.47:505][644]LogActorComponent: UnregisterComponent: (/Engine/Transient.EditorFloorComp) Not registered. Aborting.
[2019.04.16-12.07.47:818][659]LogActorComponent: UnregisterComponent: (/Engine/Transient.EditorFloorComp) Not registered. Aborting.
[2019.04.16-12.07.48:235][680]LogActorComponent: UnregisterComponent: (/Engine/Transient.EditorFloorComp) Not registered. Aborting.
[2019.04.16-12.07.51:778][886]LogRenderer: Reallocating scene render targets to support 1128x716 Format 10 NumSamples 1 (Frame:1).
[2019.04.16-12.07.56:931][192]BlueprintLog: New page: Compile BlackWall_Lenght1_BP
[2019.04.16-12.07.59:360][327]LogSavePackage: Moving '../../../../../../Games/Repository/IntermissionProject/MobileProject/Saved/Spawner_BPB0C936994E5D44DAE9CEBF9C350C84B0.tmp' to '../../../../../../Games/Repository/IntermissionProject/MobileProject/Content/SideScrollerBP/Blueprints/Custom_BPs/Spawner_BP.uasset'
[2019.04.16-12.08.00:924][403]LogSavePackage: Moving '../../../../../../Games/Repository/IntermissionProject/MobileProject/Saved/SideScrollerExampleMapD9F168964D97C59AACABE59C94195215.tmp' to '../../../../../../Games/Repository/IntermissionProject/MobileProject/Content/SideScrollerBP/Maps/SideScrollerExampleMap.umap'
[2019.04.16-12.08.01:136][403]LogSavePackage: Moving '../../../../../../Games/Repository/IntermissionProject/MobileProject/Saved/SideScrollerExampleMap_BuiltDataA1E5CB8F48A49D31D66067BACD98A6B4.tmp' to '../../../../../../Games/Repository/IntermissionProject/MobileProject/Content/SideScrollerBP/Maps/SideScrollerExampleMap_BuiltData.uasset'
[2019.04.16-12.08.05:983][693]LogAssetEditorManager: Opening Asset editor for Blueprint /Game/SideScrollerBP/Blueprints/Custom_BPs/RedWall_Lenght1_BP.RedWall_Lenght1_BP
[2019.04.16-12.08.08:620][834]LogAssetEditorManager: Opening Asset editor for Blueprint /Game/SideScrollerBP/Blueprints/Custom_BPs/RedWall_Lenght1_BP.RedWall_Lenght1_BP
[2019.04.16-12.08.12:512][ 52]BlueprintLog: New page: Compile RedWall_Lenght1_BP
[2019.04.16-12.08.22:426][628]LogSavePackage: Moving '../../../../../../Games/Repository/IntermissionProject/MobileProject/Saved/SideScrollerExampleMap86BC5E484C11BCD829CD9D82F669D3A1.tmp' to '../../../../../../Games/Repository/IntermissionProject/MobileProject/Content/SideScrollerBP/Maps/SideScrollerExampleMap.umap'
[2019.04.16-12.08.22:567][628]LogSavePackage: Moving '../../../../../../Games/Repository/IntermissionProject/MobileProject/Saved/SideScrollerExampleMap_BuiltDataE13245B841152A530A882F95E3E949C4.tmp' to '../../../../../../Games/Repository/IntermissionProject/MobileProject/Content/SideScrollerBP/Maps/SideScrollerExampleMap_BuiltData.uasset'
[2019.04.16-12.08.23:520][685]LogTemp: Repeating last play command: Selected Viewport
[2019.04.16-12.08.23:538][685]LogBlueprintUserMessages: Early PlayInEditor Detection: Level '/Game/SideScrollerBP/Maps/SideScrollerExampleMap.SideScrollerExampleMap:PersistentLevel' has LevelScriptBlueprint '/Game/SideScrollerBP/Maps/SideScrollerExampleMap.SideScrollerExampleMap:PersistentLevel.SideScrollerExampleMap' with GeneratedClass '/Game/SideScrollerBP/Maps/SideScrollerExampleMap.SideScrollerExampleMap_C' with ClassGeneratedBy '/Game/SideScrollerBP/Maps/SideScrollerExampleMap.SideScrollerExampleMap:PersistentLevel.SideScrollerExampleMap'
[2019.04.16-12.08.23:539][685]LogPlayLevel: PlayLevel: No blueprints needed recompiling
[2019.04.16-12.08.23:539][685]PIE: New page: PIE session: SideScrollerExampleMap (Apr 16, 2019, 4:08:23 PM)
[2019.04.16-12.08.23:551][685]LogPlayLevel: Creating play world package: /Game/SideScrollerBP/Maps/UEDPIE_0_SideScrollerExampleMap
[2019.04.16-12.08.23:560][685]LogPlayLevel: PIE: StaticDuplicateObject took: (0.009466s)
[2019.04.16-12.08.23:560][685]LogAIModule: Creating AISystem for world SideScrollerExampleMap
[2019.04.16-12.08.23:560][685]LogPlayLevel: PIE: World Init took: (0.000502s)
[2019.04.16-12.08.23:560][685]LogPlayLevel: PIE: Created PIE world by copying editor world from /Game/SideScrollerBP/Maps/SideScrollerExampleMap.SideScrollerExampleMap to /Game/SideScrollerBP/Maps/UEDPIE_0_SideScrollerExampleMap.SideScrollerExampleMap (0.010196s)
[2019.04.16-12.08.23:592][685]LogInit: XAudio2 using 'Speakers (Realtek(R) Audio)' : 2 channels at 48 kHz using 32 bits per sample (channel mask 0x3)
[2019.04.16-12.08.23:630][685]LogInit: FAudioDevice initialized.
[2019.04.16-12.08.23:675][685]LogLoad: Game class is 'SideScrollerGameMode_C'
[2019.04.16-12.08.23:677][685]LogWorld: Bringing World /Game/SideScrollerBP/Maps/UEDPIE_0_SideScrollerExampleMap.SideScrollerExampleMap up for play (max tick rate 60) at 2019.04.16-14.08.23
[2019.04.16-12.08.23:677][685]LogWorld: Bringing up level for play took: 0.000875
[2019.04.16-12.08.23:695][685]LogContentBrowser: Native class hierarchy updated for 'MovieSceneCapture' in 0.0003 seconds. Added 20 classes and 0 folders.
[2019.04.16-12.08.23:696][685]LogScript: Warning: Script Msg: Attempted to access index 0 from array 'WallClassRef' of length 0 in '/Game/SideScrollerBP/Blueprints/Custom_BPs/Spawner_BP.Spawner_BP_C'!
[2019.04.16-12.08.23:696][685]LogScript: Warning: UGameplayStatics::BeginSpawningActorFromClass: can not spawn an actor from a NULL class
[2019.04.16-12.08.23:696][685]PIE: Play in editor start time for /Game/SideScrollerBP/Maps/UEDPIE_0_SideScrollerExampleMap -0.216
[2019.04.16-12.08.23:696][685]LogBlueprintUserMessages: Late PlayInEditor Detection: Level '/Game/SideScrollerBP/Maps/SideScrollerExampleMap.SideScrollerExampleMap:PersistentLevel' has LevelScriptBlueprint '/Game/SideScrollerBP/Maps/SideScrollerExampleMap.SideScrollerExampleMap:PersistentLevel.SideScrollerExampleMap' with GeneratedClass '/Game/SideScrollerBP/Maps/SideScrollerExampleMap.SideScrollerExampleMap_C' with ClassGeneratedBy '/Game/SideScrollerBP/Maps/SideScrollerExampleMap.SideScrollerExampleMap:PersistentLevel.SideScrollerExampleMap'
[2019.04.16-12.08.26:816][871]LogBlueprintUserMessages: Early EndPlayMap Detection: Level '/Game/SideScrollerBP/Maps/SideScrollerExampleMap.SideScrollerExampleMap:PersistentLevel' has LevelScriptBlueprint '/Game/SideScrollerBP/Maps/SideScrollerExampleMap.SideScrollerExampleMap:PersistentLevel.SideScrollerExampleMap' with GeneratedClass '/Game/SideScrollerBP/Maps/SideScrollerExampleMap.SideScrollerExampleMap_C' with ClassGeneratedBy '/Game/SideScrollerBP/Maps/SideScrollerExampleMap.SideScrollerExampleMap:PersistentLevel.SideScrollerExampleMap'
[2019.04.16-12.08.26:816][871]LogSlate: Updating window title bar state: overlay mode, drag disabled, window buttons hidden, title bar hidden
[2019.04.16-12.08.26:853][871]LogPlayLevel: Display: Shutting down PIE online subsystems
[2019.04.16-12.08.26:853][871]LogBlueprintUserMessages: Late EndPlayMap Detection: Level '/Game/SideScrollerBP/Maps/SideScrollerExampleMap.SideScrollerExampleMap:PersistentLevel' has LevelScriptBlueprint '/Game/SideScrollerBP/Maps/SideScrollerExampleMap.SideScrollerExampleMap:PersistentLevel.SideScrollerExampleMap' with GeneratedClass '/Game/SideScrollerBP/Maps/SideScrollerExampleMap.SideScrollerExampleMap_C' with ClassGeneratedBy '/Game/SideScrollerBP/Maps/SideScrollerExampleMap.SideScrollerExampleMap:PersistentLevel.SideScrollerExampleMap'
[2019.04.16-12.08.26:882][871]LogSlate: Updating window title bar state: overlay mode, drag disabled, window buttons hidden, title bar hidden
[2019.04.16-12.08.26:921][873]LogPlayLevel: Display: Destroying online subsystem :Context_14
[2019.04.16-12.08.31:445][144]LogSlate: FSceneViewport::OnFocusLost() reason 0
[2019.04.16-12.08.45:968][ 12]LogSlate: Prevented a slow task dialog from being summoned while a context menu was open
[2019.04.16-12.08.55:922][604]BlueprintLog: New page: Compile Spawner_BP
[2019.04.16-12.08.57:222][673]LogTemp: Repeating last play command: Selected Viewport
[2019.04.16-12.08.57:244][673]LogBlueprintUserMessages: Early PlayInEditor Detection: Level '/Game/SideScrollerBP/Maps/SideScrollerExampleMap.SideScrollerExampleMap:PersistentLevel' has LevelScriptBlueprint '/Game/SideScrollerBP/Maps/SideScrollerExampleMap.SideScrollerExampleMap:PersistentLevel.SideScrollerExampleMap' with GeneratedClass '/Game/SideScrollerBP/Maps/SideScrollerExampleMap.SideScrollerExampleMap_C' with ClassGeneratedBy '/Game/SideScrollerBP/Maps/SideScrollerExampleMap.SideScrollerExampleMap:PersistentLevel.SideScrollerExampleMap'
[2019.04.16-12.08.57:244][673]LogPlayLevel: PlayLevel: No blueprints needed recompiling
[2019.04.16-12.08.57:244][673]PIE: New page: PIE session: SideScrollerExampleMap (Apr 16, 2019, 4:08:57 PM)
[2019.04.16-12.08.57:244][673]LogPlayLevel: Creating play world package: /Game/SideScrollerBP/Maps/UEDPIE_0_SideScrollerExampleMap
[2019.04.16-12.08.57:254][673]LogPlayLevel: PIE: StaticDuplicateObject took: (0.009159s)
[2019.04.16-12.08.57:254][673]LogAIModule: Creating AISystem for world SideScrollerExampleMap
[2019.04.16-12.08.57:254][673]LogPlayLevel: PIE: World Init took: (0.000475s)
[2019.04.16-12.08.57:254][673]LogPlayLevel: PIE: Created PIE world by copying editor world from /Game/SideScrollerBP/Maps/SideScrollerExampleMap.SideScrollerExampleMap to /Game/SideScrollerBP/Maps/UEDPIE_0_SideScrollerExampleMap.SideScrollerExampleMap (0.009753s)
[2019.04.16-12.08.57:285][673]LogInit: XAudio2 using 'Speakers (Realtek(R) Audio)' : 2 channels at 48 kHz using 32 bits per sample (channel mask 0x3)
[2019.04.16-12.08.57:323][673]LogInit: FAudioDevice initialized.
[2019.04.16-12.08.57:356][673]LogLoad: Game class is 'SideScrollerGameMode_C'
[2019.04.16-12.08.57:358][673]LogWorld: Bringing World /Game/SideScrollerBP/Maps/UEDPIE_0_SideScrollerExampleMap.SideScrollerExampleMap up for play (max tick rate 60) at 2019.04.16-14.08.57
[2019.04.16-12.08.57:358][673]LogWorld: Bringing up level for play took: 0.000826
[2019.04.16-12.08.57:371][673]PIE: Play in editor start time for /Game/SideScrollerBP/Maps/UEDPIE_0_SideScrollerExampleMap -0.541
[2019.04.16-12.08.57:371][673]LogBlueprintUserMessages: Late PlayInEditor Detection: Level '/Game/SideScrollerBP/Maps/SideScrollerExampleMap.SideScrollerExampleMap:PersistentLevel' has LevelScriptBlueprint '/Game/SideScrollerBP/Maps/SideScrollerExampleMap.SideScrollerExampleMap:PersistentLevel.SideScrollerExampleMap' with GeneratedClass '/Game/SideScrollerBP/Maps/SideScrollerExampleMap.SideScrollerExampleMap_C' with ClassGeneratedBy '/Game/SideScrollerBP/Maps/SideScrollerExampleMap.SideScrollerExampleMap:PersistentLevel.SideScrollerExampleMap'
[2019.04.16-12.08.59:135][777]LogBlueprintUserMessages: Early EndPlayMap Detection: Level '/Game/SideScrollerBP/Maps/SideScrollerExampleMap.SideScrollerExampleMap:PersistentLevel' has LevelScriptBlueprint '/Game/SideScrollerBP/Maps/SideScrollerExampleMap.SideScrollerExampleMap:PersistentLevel.SideScrollerExampleMap' with GeneratedClass '/Game/SideScrollerBP/Maps/SideScrollerExampleMap.SideScrollerExampleMap_C' with ClassGeneratedBy '/Game/SideScrollerBP/Maps/SideScrollerExampleMap.SideScrollerExampleMap:PersistentLevel.SideScrollerExampleMap'
[2019.04.16-12.08.59:135][777]LogSlate: Updating window title bar state: overlay mode, drag disabled, window buttons hidden, title bar hidden
[2019.04.16-12.08.59:168][777]LogPlayLevel: Display: Shutting down PIE online subsystems
[2019.04.16-12.08.59:169][777]LogBlueprintUserMessages: Late EndPlayMap Detection: Level '/Game/SideScrollerBP/Maps/SideScrollerExampleMap.SideScrollerExampleMap:PersistentLevel' has LevelScriptBlueprint '/Game/SideScrollerBP/Maps/SideScrollerExampleMap.SideScrollerExampleMap:PersistentLevel.SideScrollerExampleMap' with GeneratedClass '/Game/SideScrollerBP/Maps/SideScrollerExampleMap.SideScrollerExampleMap_C' with ClassGeneratedBy '/Game/SideScrollerBP/Maps/SideScrollerExampleMap.SideScrollerExampleMap:PersistentLevel.SideScrollerExampleMap'
[2019.04.16-12.08.59:198][777]LogSlate: Updating window title bar state: overlay mode, drag disabled, window buttons hidden, title bar hidden
[2019.04.16-12.08.59:239][778]LogPlayLevel: Display: Destroying online subsystem :Context_15
[2019.04.16-12.09.00:056][827]LogSlate: FSceneViewport::OnFocusLost() reason 0
[2019.04.16-12.09.00:351][834]LogSavePackage: Moving '../../../../../../Games/Repository/IntermissionProject/MobileProject/Saved/SideScrollerExampleMap5BF0AE8E4DDB1AA637BE75871FE2B8F5.tmp' to '../../../../../../Games/Repository/IntermissionProject/MobileProject/Content/SideScrollerBP/Maps/SideScrollerExampleMap.umap'
[2019.04.16-12.09.00:493][834]LogSavePackage: Moving '../../../../../../Games/Repository/IntermissionProject/MobileProject/Saved/SideScrollerExampleMap_BuiltData028246FE432D104A3374B6BA0058E2CC.tmp' to '../../../../../../Games/Repository/IntermissionProject/MobileProject/Content/SideScrollerBP/Maps/SideScrollerExampleMap_BuiltData.uasset'
[2019.04.16-12.09.01:782][911]LogTemp: Repeating last play command: Selected Viewport
[2019.04.16-12.09.01:800][911]LogBlueprintUserMessages: Early PlayInEditor Detection: Level '/Game/SideScrollerBP/Maps/SideScrollerExampleMap.SideScrollerExampleMap:PersistentLevel' has LevelScriptBlueprint '/Game/SideScrollerBP/Maps/SideScrollerExampleMap.SideScrollerExampleMap:PersistentLevel.SideScrollerExampleMap' with GeneratedClass '/Game/SideScrollerBP/Maps/SideScrollerExampleMap.SideScrollerExampleMap_C' with ClassGeneratedBy '/Game/SideScrollerBP/Maps/SideScrollerExampleMap.SideScrollerExampleMap:PersistentLevel.SideScrollerExampleMap'
[2019.04.16-12.09.01:800][911]LogPlayLevel: PlayLevel: No blueprints needed recompiling
[2019.04.16-12.09.01:800][911]PIE: New page: PIE session: SideScrollerExampleMap (Apr 16, 2019, 4:09:01 PM)
[2019.04.16-12.09.01:800][911]LogPlayLevel: Creating play world package: /Game/SideScrollerBP/Maps/UEDPIE_0_SideScrollerExampleMap
[2019.04.16-12.09.01:810][911]LogPlayLevel: PIE: StaticDuplicateObject took: (0.009959s)
[2019.04.16-12.09.01:811][911]LogAIModule: Creating AISystem for world SideScrollerExampleMap
[2019.04.16-12.09.01:811][911]LogPlayLevel: PIE: World Init took: (0.000486s)
[2019.04.16-12.09.01:811][911]LogPlayLevel: PIE: Created PIE world by copying editor world from /Game/SideScrollerBP/Maps/SideScrollerExampleMap.SideScrollerExampleMap to /Game/SideScrollerBP/Maps/UEDPIE_0_SideScrollerExampleMap.SideScrollerExampleMap (0.010573s)
[2019.04.16-12.09.01:843][911]LogInit: XAudio2 using 'Speakers (Realtek(R) Audio)' : 2 channels at 48 kHz using 32 bits per sample (channel mask 0x3)
[2019.04.16-12.09.01:882][911]LogInit: FAudioDevice initialized.
[2019.04.16-12.09.01:915][911]LogLoad: Game class is 'SideScrollerGameMode_C'
[2019.04.16-12.09.01:916][911]LogWorld: Bringing World /Game/SideScrollerBP/Maps/UEDPIE_0_SideScrollerExampleMap.SideScrollerExampleMap up for play (max tick rate 60) at 2019.04.16-14.09.01
[2019.04.16-12.09.01:917][911]LogWorld: Bringing up level for play took: 0.000832
[2019.04.16-12.09.01:929][911]PIE: Play in editor start time for /Game/SideScrollerBP/Maps/UEDPIE_0_SideScrollerExampleMap 0.016
[2019.04.16-12.09.01:929][911]LogBlueprintUserMessages: Late PlayInEditor Detection: Level '/Game/SideScrollerBP/Maps/SideScrollerExampleMap.SideScrollerExampleMap:PersistentLevel' has LevelScriptBlueprint '/Game/SideScrollerBP/Maps/SideScrollerExampleMap.SideScrollerExampleMap:PersistentLevel.SideScrollerExampleMap' with GeneratedClass '/Game/SideScrollerBP/Maps/SideScrollerExampleMap.SideScrollerExampleMap_C' with ClassGeneratedBy '/Game/SideScrollerBP/Maps/SideScrollerExampleMap.SideScrollerExampleMap:PersistentLevel.SideScrollerExampleMap'
[2019.04.16-12.09.06:280][171]LogBlueprintUserMessages: Early EndPlayMap Detection: Level '/Game/SideScrollerBP/Maps/SideScrollerExampleMap.SideScrollerExampleMap:PersistentLevel' has LevelScriptBlueprint '/Game/SideScrollerBP/Maps/SideScrollerExampleMap.SideScrollerExampleMap:PersistentLevel.SideScrollerExampleMap' with GeneratedClass '/Game/SideScrollerBP/Maps/SideScrollerExampleMap.SideScrollerExampleMap_C' with ClassGeneratedBy '/Game/SideScrollerBP/Maps/SideScrollerExampleMap.SideScrollerExampleMap:PersistentLevel.SideScrollerExampleMap'
[2019.04.16-12.09.06:280][171]LogSlate: Updating window title bar state: overlay mode, drag disabled, window buttons hidden, title bar hidden
[2019.04.16-12.09.06:315][171]LogPlayLevel: Display: Shutting down PIE online subsystems
[2019.04.16-12.09.06:315][171]LogBlueprintUserMessages: Late EndPlayMap Detection: Level '/Game/SideScrollerBP/Maps/SideScrollerExampleMap.SideScrollerExampleMap:PersistentLevel' has LevelScriptBlueprint '/Game/SideScrollerBP/Maps/SideScrollerExampleMap.SideScrollerExampleMap:PersistentLevel.SideScrollerExampleMap' with GeneratedClass '/Game/SideScrollerBP/Maps/SideScrollerExampleMap.SideScrollerExampleMap_C' with ClassGeneratedBy '/Game/SideScrollerBP/Maps/SideScrollerExampleMap.SideScrollerExampleMap:PersistentLevel.SideScrollerExampleMap'
[2019.04.16-12.09.06:347][171]LogSlate: Updating window title bar state: overlay mode, drag disabled, window buttons hidden, title bar hidden
[2019.04.16-12.09.06:385][172]LogPlayLevel: Display: Destroying online subsystem :Context_16
[2019.04.16-12.09.07:012][209]LogSlate: FSceneViewport::OnFocusLost() reason 0
[2019.04.16-12.09.07:311][216]LogSavePackage: Moving '../../../../../../Games/Repository/IntermissionProject/MobileProject/Saved/SideScrollerExampleMap55391B5247F8C09A708988A409C9E679.tmp' to '../../../../../../Games/Repository/IntermissionProject/MobileProject/Content/SideScrollerBP/Maps/SideScrollerExampleMap.umap'
[2019.04.16-12.09.07:452][216]LogSavePackage: Moving '../../../../../../Games/Repository/IntermissionProject/MobileProject/Saved/SideScrollerExampleMap_BuiltData163AACA041DBDDEDF7FEDCBDF45AEFB3.tmp' to '../../../../../../Games/Repository/IntermissionProject/MobileProject/Content/SideScrollerBP/Maps/SideScrollerExampleMap_BuiltData.uasset'
[2019.04.16-12.09.15:529][695]LogSlate: FSceneViewport::OnFocusLost() reason 0
[2019.04.16-12.09.25:155][268]LogSlate: FSceneViewport::OnFocusLost() reason 0
[2019.04.16-12.09.25:271][275]BlueprintLog: New page: Compile Spawner_BP
[2019.04.16-12.09.26:131][315]LogSavePackage: Moving '../../../../../../Games/Repository/IntermissionProject/MobileProject/Saved/Spawner_BP6493EA88482B75D002E2A1A6EED2F212.tmp' to '../../../../../../Games/Repository/IntermissionProject/MobileProject/Content/SideScrollerBP/Blueprints/Custom_BPs/Spawner_BP.uasset'
[2019.04.16-12.09.27:622][393]LogSavePackage: Moving '../../../../../../Games/Repository/IntermissionProject/MobileProject/Saved/SideScrollerExampleMapDDAB0220448EE9FDCF2783812552FE24.tmp' to '../../../../../../Games/Repository/IntermissionProject/MobileProject/Content/SideScrollerBP/Maps/SideScrollerExampleMap.umap'
[2019.04.16-12.09.27:760][393]LogSavePackage: Moving '../../../../../../Games/Repository/IntermissionProject/MobileProject/Saved/SideScrollerExampleMap_BuiltData136492CF45DAA96D5230E4BD25DF9857.tmp' to '../../../../../../Games/Repository/IntermissionProject/MobileProject/Content/SideScrollerBP/Maps/SideScrollerExampleMap_BuiltData.uasset'
[2019.04.16-12.09.28:935][463]LogTemp: Repeating last play command: Selected Viewport
[2019.04.16-12.09.28:955][463]LogBlueprintUserMessages: Early PlayInEditor Detection: Level '/Game/SideScrollerBP/Maps/SideScrollerExampleMap.SideScrollerExampleMap:PersistentLevel' has LevelScriptBlueprint '/Game/SideScrollerBP/Maps/SideScrollerExampleMap.SideScrollerExampleMap:PersistentLevel.SideScrollerExampleMap' with GeneratedClass '/Game/SideScrollerBP/Maps/SideScrollerExampleMap.SideScrollerExampleMap_C' with ClassGeneratedBy '/Game/SideScrollerBP/Maps/SideScrollerExampleMap.SideScrollerExampleMap:PersistentLevel.SideScrollerExampleMap'
[2019.04.16-12.09.28:955][463]LogPlayLevel: PlayLevel: No blueprints needed recompiling
[2019.04.16-12.09.28:955][463]PIE: New page: PIE session: SideScrollerExampleMap (Apr 16, 2019, 4:09:28 PM)
[2019.04.16-12.09.28:955][463]LogPlayLevel: Creating play world package: /Game/SideScrollerBP/Maps/UEDPIE_0_SideScrollerExampleMap
[2019.04.16-12.09.28:964][463]LogPlayLevel: PIE: StaticDuplicateObject took: (0.009077s)
[2019.04.16-12.09.28:964][463]LogAIModule: Creating AISystem for world SideScrollerExampleMap
[2019.04.16-12.09.28:965][463]LogPlayLevel: PIE: World Init took: (0.000507s)
[2019.04.16-12.09.28:965][463]LogPlayLevel: PIE: Created PIE world by copying editor world from /Game/SideScrollerBP/Maps/SideScrollerExampleMap.SideScrollerExampleMap to /Game/SideScrollerBP/Maps/UEDPIE_0_SideScrollerExampleMap.SideScrollerExampleMap (0.009706s)
[2019.04.16-12.09.28:996][463]LogInit: XAudio2 using 'Speakers (Realtek(R) Audio)' : 2 channels at 48 kHz using 32 bits per sample (channel mask 0x3)
[2019.04.16-12.09.29:037][463]LogInit: FAudioDevice initialized.
[2019.04.16-12.09.29:070][463]LogLoad: Game class is 'SideScrollerGameMode_C'
[2019.04.16-12.09.29:072][463]LogWorld: Bringing World /Game/SideScrollerBP/Maps/UEDPIE_0_SideScrollerExampleMap.SideScrollerExampleMap up for play (max tick rate 60) at 2019.04.16-14.09.29
[2019.04.16-12.09.29:072][463]LogWorld: Bringing up level for play took: 0.000870
[2019.04.16-12.09.29:085][463]PIE: Play in editor start time for /Game/SideScrollerBP/Maps/UEDPIE_0_SideScrollerExampleMap -0.828
[2019.04.16-12.09.29:085][463]LogBlueprintUserMessages: Late PlayInEditor Detection: Level '/Game/SideScrollerBP/Maps/SideScrollerExampleMap.SideScrollerExampleMap:PersistentLevel' has LevelScriptBlueprint '/Game/SideScrollerBP/Maps/SideScrollerExampleMap.SideScrollerExampleMap:PersistentLevel.SideScrollerExampleMap' with GeneratedClass '/Game/SideScrollerBP/Maps/SideScrollerExampleMap.SideScrollerExampleMap_C' with ClassGeneratedBy '/Game/SideScrollerBP/Maps/SideScrollerExampleMap.SideScrollerExampleMap:PersistentLevel.SideScrollerExampleMap'
